#
# There is insufficient memory for the Java Runtime Environment to continue.
# Native memory allocation (malloc) failed to allocate 1048576 bytes. Error detail: AllocateHeap
# Possible reasons:
#   The system is out of physical RAM or swap space
#   This process is running with CompressedOops enabled, and the Java Heap may be blocking the growth of the native heap
# Possible solutions:
#   Reduce memory load on the system
#   Increase physical memory or swap space
#   Check if swap backing store is full
#   Decrease Java heap size (-Xmx/-Xms)
#   Decrease number of Java threads
#   Decrease Java thread stack sizes (-Xss)
#   Set larger code cache with -XX:ReservedCodeCacheSize=
#   JVM is running with Unscaled Compressed Oops mode in which the Java heap is
#     placed in the first 4GB address space. The Java Heap base address is the
#     maximum limit for the native heap growth. Please use -XX:HeapBaseMinAddress
#     to set the Java Heap base and to place the Java Heap above 4GB virtual address.
# This output file may be truncated or incomplete.
#
#  Out of Memory Error (allocation.cpp:44), pid=11512, tid=7592
#
# JRE version: OpenJDK Runtime Environment Temurin-21.0.8+9 (21.0.8+9) (build 21.0.8+9-LTS)
# Java VM: OpenJDK 64-Bit Server VM Temurin-21.0.8+9 (21.0.8+9-LTS, mixed mode, sharing, tiered, compressed oops, compressed class ptrs, parallel gc, windows-amd64)
# No core dump will be written. Minidumps are not enabled by default on client versions of Windows
#

---------------  S U M M A R Y ------------

Command Line: --add-modules=ALL-SYSTEM --add-opens=java.base/java.util=ALL-UNNAMED --add-opens=java.base/java.lang=ALL-UNNAMED --add-opens=java.base/sun.nio.fs=ALL-UNNAMED -Declipse.application=org.eclipse.jdt.ls.core.id1 -Dosgi.bundles.defaultStartLevel=4 -Declipse.product=org.eclipse.jdt.ls.core.product -Djava.import.generatesMetadataFilesAtProjectRoot=false -DDetectVMInstallationsJob.disabled=true -Dfile.encoding=utf8 -XX:+UseParallelGC -XX:GCTimeRatio=4 -XX:AdaptiveSizePolicyWeight=90 -Dsun.zip.disableMemoryMapping=true -Xmx2G -Xms100m -Xlog:disable -javaagent:c:\Users\USER\.cursor\extensions\redhat.java-1.46.0-win32-x64\lombok\lombok-1.18.39-4050.jar -XX:+HeapDumpOnOutOfMemoryError -XX:HeapDumpPath=c:\Users\USER\AppData\Roaming\Cursor\User\workspaceStorage\c512f3620e6030fd88b3f1d26de535b6\redhat.java -Daether.dependencyCollector.impl=bf c:\Users\USER\.cursor\extensions\redhat.java-1.46.0-win32-x64\server\plugins\org.eclipse.equinox.launcher_1.7.0.v20250519-0528.jar -configuration c:\Users\USER\AppData\Roaming\Cursor\User\globalStorage\redhat.java\1.46.0\config_win -data c:\Users\USER\AppData\Roaming\Cursor\User\workspaceStorage\c512f3620e6030fd88b3f1d26de535b6\redhat.java\jdt_ws --pipe=\\.\pipe\lsp-8cbb7d91923df91c875ba6b578972db0-sock

Host: Intel(R) Core(TM) i7-5600U CPU @ 2.60GHz, 4 cores, 7G,  Windows 10 , 64 bit Build 19041 (10.0.19041.5915)
Time: Sun Oct 26 16:03:25 2025 South Africa Standard Time elapsed time: 68222.781329 seconds (0d 18h 57m 2s)

---------------  T H R E A D  ---------------

Current thread (0x000001b259ae31b0):  JavaThread "Attach Listener" daemon [_thread_in_vm, id=7592, stack(0x00000039e8c00000,0x00000039e8d00000) (1024K)]

Stack: [0x00000039e8c00000,0x00000039e8d00000]
Native frames: (J=compiled Java code, j=interpreted, Vv=VM code, C=native code)
V  [jvm.dll+0x6d2449]
V  [jvm.dll+0x8ae341]
V  [jvm.dll+0x8b08be]
V  [jvm.dll+0x8b0fa3]
V  [jvm.dll+0x280c96]
V  [jvm.dll+0xc0347]
V  [jvm.dll+0x6d2cf9]
V  [jvm.dll+0x131116]
V  [jvm.dll+0x3f2d16]
V  [jvm.dll+0x857e6b]
V  [jvm.dll+0x6d0b0d]
C  [ucrtbase.dll+0x21bb2]
C  [KERNEL32.DLL+0x17374]
C  [ntdll.dll+0x4cc91]


---------------  P R O C E S S  ---------------

Threads class SMR info:
_java_thread_list=0x000001b2a527ac10, length=33, elements={
0x000001b2431021f0, 0x000001b259adaf00, 0x000001b259adc800, 0x000001b259ae0390,
0x000001b259ae31b0, 0x000001b259ae4d70, 0x000001b259ae57c0, 0x000001b259ae65f0,
0x000001b259b546d0, 0x000001b29b7b48a0, 0x000001b29b9dba60, 0x000001b2a045b400,
0x000001b2a0508e90, 0x000001b2a05094f0, 0x000001b2a007b570, 0x000001b2a007bc00,
0x000001b2a007c290, 0x000001b2a007a1c0, 0x000001b2a1cae3b0, 0x000001b2a1cb11a0,
0x000001b2a1cac2e0, 0x000001b2a1cad000, 0x000001b2a1cb2550, 0x000001b2a1cb0480,
0x000001b2a1caf760, 0x000001b2a1cb3900, 0x000001b2a1cb1ec0, 0x000001b2a1cb0b10,
0x000001b2a1cad690, 0x000001b2a23817e0, 0x000001b2a0a195b0, 0x000001b2a0a18f20,
0x000001b2a0a1eb00
}

Java Threads: ( => current thread )
  0x000001b2431021f0 JavaThread "main"                              [_thread_blocked, id=11360, stack(0x00000039e8500000,0x00000039e8600000) (1024K)]
  0x000001b259adaf00 JavaThread "Reference Handler"          daemon [_thread_blocked, id=1440, stack(0x00000039e8900000,0x00000039e8a00000) (1024K)]
  0x000001b259adc800 JavaThread "Finalizer"                  daemon [_thread_blocked, id=15644, stack(0x00000039e8a00000,0x00000039e8b00000) (1024K)]
  0x000001b259ae0390 JavaThread "Signal Dispatcher"          daemon [_thread_blocked, id=10948, stack(0x00000039e8b00000,0x00000039e8c00000) (1024K)]
=>0x000001b259ae31b0 JavaThread "Attach Listener"            daemon [_thread_in_vm, id=7592, stack(0x00000039e8c00000,0x00000039e8d00000) (1024K)]
  0x000001b259ae4d70 JavaThread "Service Thread"             daemon [_thread_blocked, id=10668, stack(0x00000039e8d00000,0x00000039e8e00000) (1024K)]
  0x000001b259ae57c0 JavaThread "Monitor Deflation Thread"   daemon [_thread_blocked, id=10848, stack(0x00000039e8e00000,0x00000039e8f00000) (1024K)]
  0x000001b259ae65f0 JavaThread "C2 CompilerThread0"         daemon [_thread_blocked, id=8860, stack(0x00000039e8f00000,0x00000039e9000000) (1024K)]
  0x000001b259b546d0 JavaThread "C1 CompilerThread0"         daemon [_thread_blocked, id=5996, stack(0x00000039e9000000,0x00000039e9100000) (1024K)]
  0x000001b29b7b48a0 JavaThread "Common-Cleaner"             daemon [_thread_blocked, id=5664, stack(0x00000039e9100000,0x00000039e9200000) (1024K)]
  0x000001b29b9dba60 JavaThread "Notification Thread"        daemon [_thread_blocked, id=10588, stack(0x00000039e9200000,0x00000039e9300000) (1024K)]
  0x000001b2a045b400 JavaThread "Active Thread: Equinox Container: b44e176a-6e51-4f79-8c06-9ceb59738e11"        [_thread_blocked, id=9844, stack(0x00000039e9a00000,0x00000039e9b00000) (1024K)]
  0x000001b2a0508e90 JavaThread "Framework Event Dispatcher: Equinox Container: b44e176a-6e51-4f79-8c06-9ceb59738e11" daemon [_thread_blocked, id=1860, stack(0x00000039e9b00000,0x00000039e9c00000) (1024K)]
  0x000001b2a05094f0 JavaThread "Start Level: Equinox Container: b44e176a-6e51-4f79-8c06-9ceb59738e11" daemon [_thread_blocked, id=1264, stack(0x00000039e9c00000,0x00000039e9d00000) (1024K)]
  0x000001b2a007b570 JavaThread "Refresh Thread: Equinox Container: b44e176a-6e51-4f79-8c06-9ceb59738e11" daemon [_thread_blocked, id=2008, stack(0x00000039e9d00000,0x00000039e9e00000) (1024K)]
  0x000001b2a007bc00 JavaThread "Bundle File Closer"         daemon [_thread_blocked, id=12592, stack(0x00000039e9e00000,0x00000039e9f00000) (1024K)]
  0x000001b2a007c290 JavaThread "SCR Component Actor"        daemon [_thread_blocked, id=10160, stack(0x00000039e8300000,0x00000039e8400000) (1024K)]
  0x000001b2a007a1c0 JavaThread "Worker-JM"                         [_thread_blocked, id=14440, stack(0x00000039e8400000,0x00000039e8500000) (1024K)]
  0x000001b2a1cae3b0 JavaThread "Java indexing"              daemon [_thread_blocked, id=16476, stack(0x00000039ea100000,0x00000039ea200000) (1024K)]
  0x000001b2a1cb11a0 JavaThread "JNA Cleaner"                daemon [_thread_blocked, id=15808, stack(0x00000039ea300000,0x00000039ea400000) (1024K)]
  0x000001b2a1cac2e0 JavaThread "Thread-1"                   daemon [_thread_in_native, id=10688, stack(0x00000039ea800000,0x00000039ea900000) (1024K)]
  0x000001b2a1cad000 JavaThread "Thread-2"                   daemon [_thread_in_native, id=5240, stack(0x00000039ea900000,0x00000039eaa00000) (1024K)]
  0x000001b2a1cb2550 JavaThread "Thread-3"                   daemon [_thread_in_native, id=15520, stack(0x00000039eaa00000,0x00000039eab00000) (1024K)]
  0x000001b2a1cb0480 JavaThread "Thread-4"                   daemon [_thread_in_native, id=1224, stack(0x00000039eab00000,0x00000039eac00000) (1024K)]
  0x000001b2a1caf760 JavaThread "Thread-5"                   daemon [_thread_in_native, id=9696, stack(0x00000039eac00000,0x00000039ead00000) (1024K)]
  0x000001b2a1cb3900 JavaThread "pool-2-thread-1"                   [_thread_blocked, id=10568, stack(0x00000039ead00000,0x00000039eae00000) (1024K)]
  0x000001b2a1cb1ec0 JavaThread "WorkspaceEventsHandler"            [_thread_blocked, id=10596, stack(0x00000039eae00000,0x00000039eaf00000) (1024K)]
  0x000001b2a1cb0b10 JavaThread "pool-1-thread-1"                   [_thread_blocked, id=15708, stack(0x00000039eaf00000,0x00000039eb000000) (1024K)]
  0x000001b2a1cad690 JavaThread "Java Debug Server"          daemon [_thread_in_native, id=13464, stack(0x00000039ea500000,0x00000039ea600000) (1024K)]
  0x000001b2a23817e0 JavaThread "RxSchedulerPurge-1"         daemon [_thread_blocked, id=4948, stack(0x00000039eb600000,0x00000039eb700000) (1024K)]
  0x000001b2a0a195b0 JavaThread "RxCachedWorkerPoolEvictor-1" daemon [_thread_blocked, id=7068, stack(0x00000039eb700000,0x00000039eb800000) (1024K)]
  0x000001b2a0a18f20 JavaThread "Worker-14"                         [_thread_blocked, id=6920, stack(0x00000039e9300000,0x00000039e9400000) (1024K)]
  0x000001b2a0a1eb00 JavaThread "Worker-16"                         [_thread_blocked, id=7504, stack(0x00000039e9f00000,0x00000039ea000000) (1024K)]
Total: 33

Other Threads:
  0x000001b259abe220 VMThread "VM Thread"                           [id=15436, stack(0x00000039e8800000,0x00000039e8900000) (1024K)]
  0x000001b24316c560 WatcherThread "VM Periodic Task Thread"        [id=8696, stack(0x00000039e8700000,0x00000039e8800000) (1024K)]
  0x000001b24311f0f0 WorkerThread "GC Thread#0"                     [id=11816, stack(0x00000039e8600000,0x00000039e8700000) (1024K)]
  0x000001b29baed950 WorkerThread "GC Thread#1"                     [id=10212, stack(0x00000039e9400000,0x00000039e9500000) (1024K)]
  0x000001b29bb1cde0 WorkerThread "GC Thread#2"                     [id=3460, stack(0x00000039e9500000,0x00000039e9600000) (1024K)]
  0x000001b29bb1d180 WorkerThread "GC Thread#3"                     [id=11200, stack(0x00000039e9600000,0x00000039e9700000) (1024K)]
Total: 6

Threads with active compile tasks:
Total: 0

VM state: not at safepoint (normal execution)

VM Mutex/Monitor currently owned by a thread: None

Heap address: 0x0000000080000000, size: 2048 MB, Compressed Oops mode: 32-bit

CDS archive(s) mapped at: [0x000001b25a000000-0x000001b25aba0000-0x000001b25aba0000), size 12189696, SharedBaseAddress: 0x000001b25a000000, ArchiveRelocationMode: 1.
Compressed class space mapped at: 0x000001b25b000000-0x000001b29b000000, reserved size: 1073741824
Narrow klass base: 0x000001b25a000000, Narrow klass shift: 0, Narrow klass range: 0x100000000

GC Precious Log:
 CardTable entry size: 512
 CPUs: 4 total, 4 available
 Memory: 8067M
 Large Page Support: Disabled
 NUMA Support: Disabled
 Compressed Oops: Enabled (32-bit)
 Alignments: Space 512K, Generation 512K, Heap 2M
 Heap Min Capacity: 100M
 Heap Initial Capacity: 100M
 Heap Max Capacity: 2G
 Pre-touch: Disabled
 Parallel Workers: 4

Heap:
 PSYoungGen      total 4608K, used 932K [0x00000000d5580000, 0x00000000d5b00000, 0x0000000100000000)
  eden space 4096K, 20% used [0x00000000d5580000,0x00000000d5651010,0x00000000d5980000)
  from space 512K, 18% used [0x00000000d5a00000,0x00000000d5a18000,0x00000000d5a80000)
  to   space 512K, 0% used [0x00000000d5a80000,0x00000000d5a80000,0x00000000d5b00000)
 ParOldGen       total 704512K, used 704135K [0x0000000080000000, 0x00000000ab000000, 0x00000000d5580000)
  object space 704512K, 99% used [0x0000000080000000,0x00000000aafa1df0,0x00000000ab000000)
 Metaspace       used 87638K, committed 89216K, reserved 1179648K
  class space    used 8964K, committed 9792K, reserved 1048576K

Card table byte_map: [0x000001b242aa0000,0x000001b242eb0000] _byte_map_base: 0x000001b2426a0000

Marking Bits: (ParMarkBitMap*) 0x00007ffa2f86a340
 Begin Bits: [0x000001b2555a0000, 0x000001b2575a0000)
 End Bits:   [0x000001b2575a0000, 0x000001b2595a0000)

Polling page: 0x000001b241150000

Metaspace:

Usage:
  Non-class:     76.83 MB used.
      Class:      8.75 MB used.
       Both:     85.58 MB used.

Virtual space:
  Non-class space:      128.00 MB reserved,      77.56 MB ( 61%) committed,  2 nodes.
      Class space:        1.00 GB reserved,       9.56 MB ( <1%) committed,  1 nodes.
             Both:        1.12 GB reserved,      87.12 MB (  8%) committed. 

Chunk freelists:
   Non-Class:  2.20 MB
       Class:  6.43 MB
        Both:  8.64 MB

MaxMetaspaceSize: unlimited
CompressedClassSpaceSize: 1.00 GB
Initial GC threshold: 21.00 MB
Current GC threshold: 144.62 MB
CDS: on
 - commit_granule_bytes: 65536.
 - commit_granule_words: 8192.
 - virtual_space_node_default_size: 8388608.
 - enlarge_chunks_in_place: 1.
 - use_allocation_guard: 0.


Internal statistics:

num_allocs_failed_limit: 9.
num_arena_births: 1654.
num_arena_deaths: 502.
num_vsnodes_births: 3.
num_vsnodes_deaths: 0.
num_space_committed: 1394.
num_space_uncommitted: 0.
num_chunks_returned_to_freelist: 602.
num_chunks_taken_from_freelist: 5837.
num_chunk_merges: 174.
num_chunk_splits: 3420.
num_chunks_enlarged: 1988.
num_inconsistent_stats: 0.

CodeHeap 'non-profiled nmethods': size=120000Kb used=17643Kb max_used=19514Kb free=102356Kb
 bounds [0x000001b24ddc0000, 0x000001b24f0d0000, 0x000001b2552f0000]
CodeHeap 'profiled nmethods': size=120000Kb used=40568Kb max_used=45068Kb free=79431Kb
 bounds [0x000001b2462f0000, 0x000001b248f00000, 0x000001b24d820000]
CodeHeap 'non-nmethods': size=5760Kb used=1523Kb max_used=1602Kb free=4236Kb
 bounds [0x000001b24d820000, 0x000001b24da90000, 0x000001b24ddc0000]
CodeCache: size=245760Kb, used=59734Kb, max_used=66184Kb, free=186023Kb
 total_blobs=17845, nmethods=16999, adapters=750, full_count=0
Compilation: enabled, stopped_count=0, restarted_count=0

Compilation events (20 events):
Event: 10247.807 Thread 0x000001b259ae65f0 21253       4       org.eclipse.core.internal.jobs.JobManager::lifeTimeInMs (19 bytes)
Event: 10247.858 Thread 0x000001b259ae65f0 nmethod 21253 0x000001b24e5be390 code [0x000001b24e5be520, 0x000001b24e5be5f0]
Event: 60117.381 Thread 0x000001b259b546d0 21254 % !   3       java.util.concurrent.ThreadPoolExecutor::runWorker @ 21 (187 bytes)
Event: 60117.519 Thread 0x000001b259b546d0 nmethod 21254% 0x000001b24815ad90 code [0x000001b24815b0e0, 0x000001b24815c6e0]
Event: 61007.111 Thread 0x000001b259b546d0 21255   !   3       java.util.concurrent.ThreadPoolExecutor::runWorker (187 bytes)
Event: 61007.183 Thread 0x000001b259b546d0 nmethod 21255 0x000001b246e20790 code [0x000001b246e20ac0, 0x000001b246e21e08]
Event: 61792.536 Thread 0x000001b259ae65f0 21256       4       java.lang.ref.ReferenceQueue::poll0 (65 bytes)
Event: 61792.568 Thread 0x000001b259ae65f0 nmethod 21256 0x000001b24e683b90 code [0x000001b24e683d20, 0x000001b24e683e68]
Event: 62258.631 Thread 0x000001b259ae65f0 21257       4       java.util.concurrent.ThreadPoolExecutor$Worker::tryRelease (12 bytes)
Event: 62258.645 Thread 0x000001b259ae65f0 nmethod 21257 0x000001b24e683890 code [0x000001b24e683a20, 0x000001b24e683ab8]
Event: 62641.513 Thread 0x000001b259b546d0 21258       3       io.reactivex.internal.schedulers.IoScheduler$CachedWorkerPool::run (5 bytes)
Event: 62641.529 Thread 0x000001b259b546d0 nmethod 21258 0x000001b247a98610 code [0x000001b247a987c0, 0x000001b247a988f8]
Event: 62641.529 Thread 0x000001b259b546d0 21259       3       io.reactivex.internal.schedulers.IoScheduler$CachedWorkerPool::evictExpiredWorkers (79 bytes)
Event: 62641.620 Thread 0x000001b259b546d0 nmethod 21259 0x000001b246e03510 code [0x000001b246e037a0, 0x000001b246e042c8]
Event: 62823.020 Thread 0x000001b259b546d0 21260  s    1       org.eclipse.core.internal.jobs.ThreadJob::isRunning (5 bytes)
Event: 62823.021 Thread 0x000001b259b546d0 nmethod 21260 0x000001b24e683510 code [0x000001b24e6836a0, 0x000001b24e683828]
Event: 64553.349 Thread 0x000001b259ae65f0 21261   !   4       java.util.concurrent.locks.LockSupport::parkNanos (56 bytes)
Event: 64553.394 Thread 0x000001b259ae65f0 nmethod 21261 0x000001b24dfb3290 code [0x000001b24dfb3440, 0x000001b24dfb35b8]
Event: 67323.754 Thread 0x000001b259ae65f0 21262       4       sun.security.provider.HashDrbg::addBytes (130 bytes)
Event: 67323.868 Thread 0x000001b259ae65f0 nmethod 21262 0x000001b24dfb2c10 code [0x000001b24dfb2da0, 0x000001b24dfb30f8]

GC Heap History (20 events):
Event: 9525.250 GC heap before
{Heap before GC invocations=2094 (full 5):
 PSYoungGen      total 5120K, used 4826K [0x00000000d5580000, 0x00000000d5b80000, 0x0000000100000000)
  eden space 4096K, 100% used [0x00000000d5580000,0x00000000d5980000,0x00000000d5980000)
  from space 1024K, 71% used [0x00000000d5980000,0x00000000d5a36900,0x00000000d5a80000)
  to   space 1024K, 0% used [0x00000000d5a80000,0x00000000d5a80000,0x00000000d5b80000)
 ParOldGen       total 700928K, used 700605K [0x0000000080000000, 0x00000000aac80000, 0x00000000d5580000)
  object space 700928K, 99% used [0x0000000080000000,0x00000000aac2f458,0x00000000aac80000)
 Metaspace       used 87565K, committed 89216K, reserved 1179648K
  class space    used 8959K, committed 9792K, reserved 1048576K
}
Event: 9525.253 GC heap after
{Heap after GC invocations=2094 (full 5):
 PSYoungGen      total 4608K, used 224K [0x00000000d5580000, 0x00000000d5b00000, 0x0000000100000000)
  eden space 4096K, 0% used [0x00000000d5580000,0x00000000d5580000,0x00000000d5980000)
  from space 512K, 43% used [0x00000000d5a80000,0x00000000d5ab8000,0x00000000d5b00000)
  to   space 512K, 0% used [0x00000000d5a00000,0x00000000d5a00000,0x00000000d5a80000)
 ParOldGen       total 701440K, used 701233K [0x0000000080000000, 0x00000000aad00000, 0x00000000d5580000)
  object space 701440K, 99% used [0x0000000080000000,0x00000000aaccc688,0x00000000aad00000)
 Metaspace       used 87565K, committed 89216K, reserved 1179648K
  class space    used 8959K, committed 9792K, reserved 1048576K
}
Event: 9525.584 GC heap before
{Heap before GC invocations=2095 (full 5):
 PSYoungGen      total 4608K, used 4320K [0x00000000d5580000, 0x00000000d5b00000, 0x0000000100000000)
  eden space 4096K, 100% used [0x00000000d5580000,0x00000000d5980000,0x00000000d5980000)
  from space 512K, 43% used [0x00000000d5a80000,0x00000000d5ab8000,0x00000000d5b00000)
  to   space 512K, 0% used [0x00000000d5a00000,0x00000000d5a00000,0x00000000d5a80000)
 ParOldGen       total 701440K, used 701233K [0x0000000080000000, 0x00000000aad00000, 0x00000000d5580000)
  object space 701440K, 99% used [0x0000000080000000,0x00000000aaccc688,0x00000000aad00000)
 Metaspace       used 87565K, committed 89216K, reserved 1179648K
  class space    used 8959K, committed 9792K, reserved 1048576K
}
Event: 9525.588 GC heap after
{Heap after GC invocations=2095 (full 5):
 PSYoungGen      total 4608K, used 218K [0x00000000d5580000, 0x00000000d5b00000, 0x0000000100000000)
  eden space 4096K, 0% used [0x00000000d5580000,0x00000000d5580000,0x00000000d5980000)
  from space 512K, 42% used [0x00000000d5a00000,0x00000000d5a36900,0x00000000d5a80000)
  to   space 512K, 0% used [0x00000000d5a80000,0x00000000d5a80000,0x00000000d5b00000)
 ParOldGen       total 701440K, used 701361K [0x0000000080000000, 0x00000000aad00000, 0x00000000d5580000)
  object space 701440K, 99% used [0x0000000080000000,0x00000000aacec688,0x00000000aad00000)
 Metaspace       used 87565K, committed 89216K, reserved 1179648K
  class space    used 8959K, committed 9792K, reserved 1048576K
}
Event: 9525.620 GC heap before
{Heap before GC invocations=2096 (full 5):
 PSYoungGen      total 4608K, used 4314K [0x00000000d5580000, 0x00000000d5b00000, 0x0000000100000000)
  eden space 4096K, 100% used [0x00000000d5580000,0x00000000d5980000,0x00000000d5980000)
  from space 512K, 42% used [0x00000000d5a00000,0x00000000d5a36900,0x00000000d5a80000)
  to   space 512K, 0% used [0x00000000d5a80000,0x00000000d5a80000,0x00000000d5b00000)
 ParOldGen       total 701440K, used 701361K [0x0000000080000000, 0x00000000aad00000, 0x00000000d5580000)
  object space 701440K, 99% used [0x0000000080000000,0x00000000aacec688,0x00000000aad00000)
 Metaspace       used 87565K, committed 89216K, reserved 1179648K
  class space    used 8959K, committed 9792K, reserved 1048576K
}
Event: 9525.623 GC heap after
{Heap after GC invocations=2096 (full 5):
 PSYoungGen      total 4608K, used 512K [0x00000000d5580000, 0x00000000d5b80000, 0x0000000100000000)
  eden space 4096K, 0% used [0x00000000d5580000,0x00000000d5580000,0x00000000d5980000)
  from space 512K, 100% used [0x00000000d5a80000,0x00000000d5b00000,0x00000000d5b00000)
  to   space 1024K, 0% used [0x00000000d5980000,0x00000000d5980000,0x00000000d5a80000)
 ParOldGen       total 701952K, used 701590K [0x0000000080000000, 0x00000000aad80000, 0x00000000d5580000)
  object space 701952K, 99% used [0x0000000080000000,0x00000000aad258a8,0x00000000aad80000)
 Metaspace       used 87565K, committed 89216K, reserved 1179648K
  class space    used 8959K, committed 9792K, reserved 1048576K
}
Event: 9527.612 GC heap before
{Heap before GC invocations=2097 (full 5):
 PSYoungGen      total 4608K, used 4608K [0x00000000d5580000, 0x00000000d5b80000, 0x0000000100000000)
  eden space 4096K, 100% used [0x00000000d5580000,0x00000000d5980000,0x00000000d5980000)
  from space 512K, 100% used [0x00000000d5a80000,0x00000000d5b00000,0x00000000d5b00000)
  to   space 1024K, 0% used [0x00000000d5980000,0x00000000d5980000,0x00000000d5a80000)
 ParOldGen       total 701952K, used 701590K [0x0000000080000000, 0x00000000aad80000, 0x00000000d5580000)
  object space 701952K, 99% used [0x0000000080000000,0x00000000aad258a8,0x00000000aad80000)
 Metaspace       used 87619K, committed 89216K, reserved 1179648K
  class space    used 8963K, committed 9792K, reserved 1048576K
}
Event: 9527.616 GC heap after
{Heap after GC invocations=2097 (full 5):
 PSYoungGen      total 5120K, used 564K [0x00000000d5580000, 0x00000000d5b80000, 0x0000000100000000)
  eden space 4096K, 0% used [0x00000000d5580000,0x00000000d5580000,0x00000000d5980000)
  from space 1024K, 55% used [0x00000000d5980000,0x00000000d5a0d200,0x00000000d5a80000)
  to   space 1024K, 0% used [0x00000000d5a80000,0x00000000d5a80000,0x00000000d5b80000)
 ParOldGen       total 702464K, used 702110K [0x0000000080000000, 0x00000000aae00000, 0x00000000d5580000)
  object space 702464K, 99% used [0x0000000080000000,0x00000000aada78b8,0x00000000aae00000)
 Metaspace       used 87619K, committed 89216K, reserved 1179648K
  class space    used 8963K, committed 9792K, reserved 1048576K
}
Event: 9527.638 GC heap before
{Heap before GC invocations=2098 (full 5):
 PSYoungGen      total 5120K, used 4660K [0x00000000d5580000, 0x00000000d5b80000, 0x0000000100000000)
  eden space 4096K, 100% used [0x00000000d5580000,0x00000000d5980000,0x00000000d5980000)
  from space 1024K, 55% used [0x00000000d5980000,0x00000000d5a0d200,0x00000000d5a80000)
  to   space 1024K, 0% used [0x00000000d5a80000,0x00000000d5a80000,0x00000000d5b80000)
 ParOldGen       total 702464K, used 702110K [0x0000000080000000, 0x00000000aae00000, 0x00000000d5580000)
  object space 702464K, 99% used [0x0000000080000000,0x00000000aada78b8,0x00000000aae00000)
 Metaspace       used 87619K, committed 89216K, reserved 1179648K
  class space    used 8963K, committed 9792K, reserved 1048576K
}
Event: 9527.643 GC heap after
{Heap after GC invocations=2098 (full 5):
 PSYoungGen      total 5120K, used 672K [0x00000000d5580000, 0x00000000d5b80000, 0x0000000100000000)
  eden space 4096K, 0% used [0x00000000d5580000,0x00000000d5580000,0x00000000d5980000)
  from space 1024K, 65% used [0x00000000d5a80000,0x00000000d5b28020,0x00000000d5b80000)
  to   space 1024K, 0% used [0x00000000d5980000,0x00000000d5980000,0x00000000d5a80000)
 ParOldGen       total 702976K, used 702639K [0x0000000080000000, 0x00000000aae80000, 0x00000000d5580000)
  object space 702976K, 99% used [0x0000000080000000,0x00000000aae2bd00,0x00000000aae80000)
 Metaspace       used 87619K, committed 89216K, reserved 1179648K
  class space    used 8963K, committed 9792K, reserved 1048576K
}
Event: 9527.667 GC heap before
{Heap before GC invocations=2099 (full 5):
 PSYoungGen      total 5120K, used 4768K [0x00000000d5580000, 0x00000000d5b80000, 0x0000000100000000)
  eden space 4096K, 100% used [0x00000000d5580000,0x00000000d5980000,0x00000000d5980000)
  from space 1024K, 65% used [0x00000000d5a80000,0x00000000d5b28020,0x00000000d5b80000)
  to   space 1024K, 0% used [0x00000000d5980000,0x00000000d5980000,0x00000000d5a80000)
 ParOldGen       total 702976K, used 702639K [0x0000000080000000, 0x00000000aae80000, 0x00000000d5580000)
  object space 702976K, 99% used [0x0000000080000000,0x00000000aae2bd00,0x00000000aae80000)
 Metaspace       used 87619K, committed 89216K, reserved 1179648K
  class space    used 8963K, committed 9792K, reserved 1048576K
}
Event: 9527.670 GC heap after
{Heap after GC invocations=2099 (full 5):
 PSYoungGen      total 5120K, used 676K [0x00000000d5580000, 0x00000000d5b80000, 0x0000000100000000)
  eden space 4096K, 0% used [0x00000000d5580000,0x00000000d5580000,0x00000000d5980000)
  from space 1024K, 66% used [0x00000000d5980000,0x00000000d5a29210,0x00000000d5a80000)
  to   space 1024K, 0% used [0x00000000d5a80000,0x00000000d5a80000,0x00000000d5b80000)
 ParOldGen       total 703488K, used 703239K [0x0000000080000000, 0x00000000aaf00000, 0x00000000d5580000)
  object space 703488K, 99% used [0x0000000080000000,0x00000000aaec1d20,0x00000000aaf00000)
 Metaspace       used 87619K, committed 89216K, reserved 1179648K
  class space    used 8963K, committed 9792K, reserved 1048576K
}
Event: 12247.530 GC heap before
{Heap before GC invocations=2100 (full 5):
 PSYoungGen      total 5120K, used 4772K [0x00000000d5580000, 0x00000000d5b80000, 0x0000000100000000)
  eden space 4096K, 99% used [0x00000000d5580000,0x00000000d597ffe8,0x00000000d5980000)
  from space 1024K, 66% used [0x00000000d5980000,0x00000000d5a29210,0x00000000d5a80000)
  to   space 1024K, 0% used [0x00000000d5a80000,0x00000000d5a80000,0x00000000d5b80000)
 ParOldGen       total 703488K, used 703239K [0x0000000080000000, 0x00000000aaf00000, 0x00000000d5580000)
  object space 703488K, 99% used [0x0000000080000000,0x00000000aaec1d20,0x00000000aaf00000)
 Metaspace       used 87631K, committed 89216K, reserved 1179648K
  class space    used 8964K, committed 9792K, reserved 1048576K
}
Event: 12247.756 GC heap after
{Heap after GC invocations=2100 (full 5):
 PSYoungGen      total 4608K, used 352K [0x00000000d5580000, 0x00000000d5b00000, 0x0000000100000000)
  eden space 4096K, 0% used [0x00000000d5580000,0x00000000d5580000,0x00000000d5980000)
  from space 512K, 68% used [0x00000000d5a80000,0x00000000d5ad8000,0x00000000d5b00000)
  to   space 512K, 0% used [0x00000000d5a00000,0x00000000d5a00000,0x00000000d5a80000)
 ParOldGen       total 704000K, used 703804K [0x0000000080000000, 0x00000000aaf80000, 0x00000000d5580000)
  object space 704000K, 99% used [0x0000000080000000,0x00000000aaf4f260,0x00000000aaf80000)
 Metaspace       used 87631K, committed 89216K, reserved 1179648K
  class space    used 8964K, committed 9792K, reserved 1048576K
}
Event: 60117.071 GC heap before
{Heap before GC invocations=2101 (full 5):
 PSYoungGen      total 4608K, used 4447K [0x00000000d5580000, 0x00000000d5b00000, 0x0000000100000000)
  eden space 4096K, 99% used [0x00000000d5580000,0x00000000d597ffe8,0x00000000d5980000)
  from space 512K, 68% used [0x00000000d5a80000,0x00000000d5ad8000,0x00000000d5b00000)
  to   space 512K, 0% used [0x00000000d5a00000,0x00000000d5a00000,0x00000000d5a80000)
 ParOldGen       total 704000K, used 703804K [0x0000000080000000, 0x00000000aaf80000, 0x00000000d5580000)
  object space 704000K, 99% used [0x0000000080000000,0x00000000aaf4f260,0x00000000aaf80000)
 Metaspace       used 87631K, committed 89216K, reserved 1179648K
  class space    used 8964K, committed 9792K, reserved 1048576K
}
Event: 60117.253 GC heap after
{Heap after GC invocations=2101 (full 5):
 PSYoungGen      total 4608K, used 96K [0x00000000d5580000, 0x00000000d5b00000, 0x0000000100000000)
  eden space 4096K, 0% used [0x00000000d5580000,0x00000000d5580000,0x00000000d5980000)
  from space 512K, 18% used [0x00000000d5a00000,0x00000000d5a18000,0x00000000d5a80000)
  to   space 512K, 0% used [0x00000000d5a80000,0x00000000d5a80000,0x00000000d5b00000)
 ParOldGen       total 704512K, used 704111K [0x0000000080000000, 0x00000000ab000000, 0x00000000d5580000)
  object space 704512K, 99% used [0x0000000080000000,0x00000000aaf9bdf0,0x00000000ab000000)
 Metaspace       used 87631K, committed 89216K, reserved 1179648K
  class space    used 8964K, committed 9792K, reserved 1048576K
}
Event: 60117.281 GC heap before
{Heap before GC invocations=2102 (full 5):
 PSYoungGen      total 4608K, used 4192K [0x00000000d5580000, 0x00000000d5b00000, 0x0000000100000000)
  eden space 4096K, 100% used [0x00000000d5580000,0x00000000d5980000,0x00000000d5980000)
  from space 512K, 18% used [0x00000000d5a00000,0x00000000d5a18000,0x00000000d5a80000)
  to   space 512K, 0% used [0x00000000d5a80000,0x00000000d5a80000,0x00000000d5b00000)
 ParOldGen       total 704512K, used 704111K [0x0000000080000000, 0x00000000ab000000, 0x00000000d5580000)
  object space 704512K, 99% used [0x0000000080000000,0x00000000aaf9bdf0,0x00000000ab000000)
 Metaspace       used 87631K, committed 89216K, reserved 1179648K
  class space    used 8964K, committed 9792K, reserved 1048576K
}
Event: 60117.320 GC heap after
{Heap after GC invocations=2102 (full 5):
 PSYoungGen      total 4608K, used 32K [0x00000000d5580000, 0x00000000d5b00000, 0x0000000100000000)
  eden space 4096K, 0% used [0x00000000d5580000,0x00000000d5580000,0x00000000d5980000)
  from space 512K, 6% used [0x00000000d5a80000,0x00000000d5a88000,0x00000000d5b00000)
  to   space 512K, 0% used [0x00000000d5a00000,0x00000000d5a00000,0x00000000d5a80000)
 ParOldGen       total 704512K, used 704135K [0x0000000080000000, 0x00000000ab000000, 0x00000000d5580000)
  object space 704512K, 99% used [0x0000000080000000,0x00000000aafa1df0,0x00000000ab000000)
 Metaspace       used 87631K, committed 89216K, reserved 1179648K
  class space    used 8964K, committed 9792K, reserved 1048576K
}
Event: 65411.533 GC heap before
{Heap before GC invocations=2103 (full 5):
 PSYoungGen      total 4608K, used 4128K [0x00000000d5580000, 0x00000000d5b00000, 0x0000000100000000)
  eden space 4096K, 100% used [0x00000000d5580000,0x00000000d5980000,0x00000000d5980000)
  from space 512K, 6% used [0x00000000d5a80000,0x00000000d5a88000,0x00000000d5b00000)
  to   space 512K, 0% used [0x00000000d5a00000,0x00000000d5a00000,0x00000000d5a80000)
 ParOldGen       total 704512K, used 704135K [0x0000000080000000, 0x00000000ab000000, 0x00000000d5580000)
  object space 704512K, 99% used [0x0000000080000000,0x00000000aafa1df0,0x00000000ab000000)
 Metaspace       used 87638K, committed 89216K, reserved 1179648K
  class space    used 8964K, committed 9792K, reserved 1048576K
}
Event: 65411.759 GC heap after
{Heap after GC invocations=2103 (full 5):
 PSYoungGen      total 4608K, used 96K [0x00000000d5580000, 0x00000000d5b00000, 0x0000000100000000)
  eden space 4096K, 0% used [0x00000000d5580000,0x00000000d5580000,0x00000000d5980000)
  from space 512K, 18% used [0x00000000d5a00000,0x00000000d5a18000,0x00000000d5a80000)
  to   space 512K, 0% used [0x00000000d5a80000,0x00000000d5a80000,0x00000000d5b00000)
 ParOldGen       total 704512K, used 704135K [0x0000000080000000, 0x00000000ab000000, 0x00000000d5580000)
  object space 704512K, 99% used [0x0000000080000000,0x00000000aafa1df0,0x00000000ab000000)
 Metaspace       used 87638K, committed 89216K, reserved 1179648K
  class space    used 8964K, committed 9792K, reserved 1048576K
}

Dll operation events (14 events):
Event: 0.013 Loaded shared library c:\Users\USER\.cursor\extensions\redhat.java-1.46.0-win32-x64\jre\21.0.8-win32-x86_64\bin\java.dll
Event: 0.204 Loaded shared library c:\Users\USER\.cursor\extensions\redhat.java-1.46.0-win32-x64\jre\21.0.8-win32-x86_64\bin\zip.dll
Event: 0.259 Loaded shared library C:\Users\USER\.cursor\extensions\redhat.java-1.46.0-win32-x64\jre\21.0.8-win32-x86_64\bin\instrument.dll
Event: 0.270 Loaded shared library C:\Users\USER\.cursor\extensions\redhat.java-1.46.0-win32-x64\jre\21.0.8-win32-x86_64\bin\net.dll
Event: 0.275 Loaded shared library C:\Users\USER\.cursor\extensions\redhat.java-1.46.0-win32-x64\jre\21.0.8-win32-x86_64\bin\nio.dll
Event: 0.292 Loaded shared library C:\Users\USER\.cursor\extensions\redhat.java-1.46.0-win32-x64\jre\21.0.8-win32-x86_64\bin\zip.dll
Event: 0.376 Loaded shared library C:\Users\USER\.cursor\extensions\redhat.java-1.46.0-win32-x64\jre\21.0.8-win32-x86_64\bin\jimage.dll
Event: 0.630 Loaded shared library c:\Users\USER\.cursor\extensions\redhat.java-1.46.0-win32-x64\jre\21.0.8-win32-x86_64\bin\verify.dll
Event: 7.953 Loaded shared library C:\Users\USER\AppData\Roaming\Cursor\User\globalStorage\redhat.java\1.46.0\config_win\org.eclipse.equinox.launcher\org.eclipse.equinox.launcher.win32.win32.x86_64_1.2.1400.v20250801-0854\eclipse_11916.dll
Event: 62.665 Loaded shared library C:\Users\USER\.cursor\extensions\redhat.java-1.46.0-win32-x64\jre\21.0.8-win32-x86_64\bin\management.dll
Event: 62.670 Loaded shared library C:\Users\USER\.cursor\extensions\redhat.java-1.46.0-win32-x64\jre\21.0.8-win32-x86_64\bin\management_ext.dll
Event: 67.926 Loaded shared library C:\Users\USER\AppData\Local\Temp\jna-2614219\jna11147051571875630147.dll
Event: 69.479 Loaded shared library C:\Users\USER\.cursor\extensions\redhat.java-1.46.0-win32-x64\jre\21.0.8-win32-x86_64\bin\sunmscapi.dll
Event: 70.136 Loaded shared library C:\Users\USER\.cursor\extensions\redhat.java-1.46.0-win32-x64\jre\21.0.8-win32-x86_64\bin\extnet.dll

Deoptimization events (20 events):
Event: 9477.379 Thread 0x000001b2a0a1f820 DEOPT PACKING pc=0x000001b246d12a56 sp=0x00000039e98fe830
Event: 9477.379 Thread 0x000001b2a0a1f820 DEOPT UNPACKING pc=0x000001b24d874242 sp=0x00000039e98fdda8 mode 0
Event: 9477.379 Thread 0x000001b2a0a1f820 DEOPT PACKING pc=0x000001b246d12a56 sp=0x00000039e98fe830
Event: 9477.379 Thread 0x000001b2a0a1f820 DEOPT UNPACKING pc=0x000001b24d874242 sp=0x00000039e98fdda8 mode 0
Event: 9477.380 Thread 0x000001b2a0a1f820 DEOPT PACKING pc=0x000001b246d12a56 sp=0x00000039e98fe8a0
Event: 9477.380 Thread 0x000001b2a0a1f820 DEOPT UNPACKING pc=0x000001b24d874242 sp=0x00000039e98fde18 mode 0
Event: 9477.399 Thread 0x000001b2a0a1b680 DEOPT PACKING pc=0x000001b246d12a56 sp=0x00000039e99fec60
Event: 9477.399 Thread 0x000001b2a0a1b680 DEOPT UNPACKING pc=0x000001b24d874242 sp=0x00000039e99fe1d8 mode 0
Event: 9477.400 Thread 0x000001b2a0a1bd10 Uncommon trap: trap_request=0xffffff45 fr.pc=0x000001b24f0c07f0 relative=0x0000000000000390
Event: 9477.400 Thread 0x000001b2a0a1bd10 Uncommon trap: reason=unstable_if action=reinterpret pc=0x000001b24f0c07f0 method=org.eclipse.core.runtime.SubMonitor.newChild(II)Lorg/eclipse/core/runtime/SubMonitor; @ 1 c2
Event: 9477.400 Thread 0x000001b2a0a1bd10 DEOPT PACKING pc=0x000001b24f0c07f0 sp=0x00000039e97fe630
Event: 9477.400 Thread 0x000001b2a0a1bd10 DEOPT UNPACKING pc=0x000001b24d873aa2 sp=0x00000039e97fe5c0 mode 2
Event: 9505.849 Thread 0x000001b2a0a1bd10 DEOPT PACKING pc=0x000001b246c58ae5 sp=0x00000039e97fe530
Event: 9505.849 Thread 0x000001b2a0a1bd10 DEOPT UNPACKING pc=0x000001b24d874242 sp=0x00000039e97fd9d0 mode 0
Event: 9517.822 Thread 0x000001b2a0a1b680 Uncommon trap: trap_request=0xffffff6e fr.pc=0x000001b24ea8d2d0 relative=0x0000000000000790
Event: 9517.822 Thread 0x000001b2a0a1b680 Uncommon trap: reason=loop_limit_check action=maybe_recompile pc=0x000001b24ea8d2d0 method=org.eclipse.jdt.internal.compiler.util.HashtableOfObjectToInt.rehash()V @ 50 c2
Event: 9517.822 Thread 0x000001b2a0a1b680 DEOPT PACKING pc=0x000001b24ea8d2d0 sp=0x00000039e99fe240
Event: 9517.822 Thread 0x000001b2a0a1b680 DEOPT UNPACKING pc=0x000001b24d873aa2 sp=0x00000039e99fe1f0 mode 2
Event: 67323.756 Thread 0x000001b2a0a18f20 DEOPT PACKING pc=0x000001b246f1c94d sp=0x00000039e93fe980
Event: 67323.761 Thread 0x000001b2a0a18f20 DEOPT UNPACKING pc=0x000001b24d874242 sp=0x00000039e93fdde0 mode 0

Classes loaded (20 events):
Event: 1735.629 Loading class jdk/internal/module/IllegalAccessLogger
Event: 1735.629 Loading class jdk/internal/module/IllegalAccessLogger done
Event: 4776.030 Loading class jdk/internal/module/IllegalAccessLogger
Event: 4776.031 Loading class jdk/internal/module/IllegalAccessLogger done
Event: 4826.978 Loading class jdk/internal/module/IllegalAccessLogger
Event: 4826.978 Loading class jdk/internal/module/IllegalAccessLogger done
Event: 4922.849 Loading class jdk/internal/module/IllegalAccessLogger
Event: 4922.849 Loading class jdk/internal/module/IllegalAccessLogger done
Event: 6328.369 Loading class jdk/internal/module/IllegalAccessLogger
Event: 6328.369 Loading class jdk/internal/module/IllegalAccessLogger done
Event: 7735.320 Loading class jdk/internal/module/IllegalAccessLogger
Event: 7735.321 Loading class jdk/internal/module/IllegalAccessLogger done
Event: 9194.737 Loading class jdk/internal/module/IllegalAccessLogger
Event: 9194.737 Loading class jdk/internal/module/IllegalAccessLogger done
Event: 9208.812 Loading class jdk/internal/module/IllegalAccessLogger
Event: 9208.812 Loading class jdk/internal/module/IllegalAccessLogger done
Event: 9228.200 Loading class jdk/internal/module/IllegalAccessLogger
Event: 9228.200 Loading class jdk/internal/module/IllegalAccessLogger done
Event: 9326.093 Loading class jdk/internal/module/IllegalAccessLogger
Event: 9326.093 Loading class jdk/internal/module/IllegalAccessLogger done

Classes unloaded (20 events):
Event: 4771.532 Thread 0x000001b259abe220 Unloading class 0x000001b25b014800 'java/lang/invoke/LambdaForm$MH+0x000001b25b014800'
Event: 4771.533 Thread 0x000001b259abe220 Unloading class 0x000001b25b00d800 'java/lang/invoke/LambdaForm$MH+0x000001b25b00d800'
Event: 4771.534 Thread 0x000001b259abe220 Unloading class 0x000001b25b00d400 'java/lang/invoke/LambdaForm$MH+0x000001b25b00d400'
Event: 4771.534 Thread 0x000001b259abe220 Unloading class 0x000001b25b00d000 'java/lang/invoke/LambdaForm$MH+0x000001b25b00d000'
Event: 4771.534 Thread 0x000001b259abe220 Unloading class 0x000001b25b00cc00 'java/lang/invoke/LambdaForm$MH+0x000001b25b00cc00'
Event: 4771.534 Thread 0x000001b259abe220 Unloading class 0x000001b25b00c800 'java/lang/invoke/LambdaForm$BMH+0x000001b25b00c800'
Event: 4771.534 Thread 0x000001b259abe220 Unloading class 0x000001b25b00c000 'java/lang/invoke/LambdaForm$DMH+0x000001b25b00c000'
Event: 4771.535 Thread 0x000001b259abe220 Unloading class 0x000001b25b008c00 'java/lang/invoke/LambdaForm$MH+0x000001b25b008c00'
Event: 4771.535 Thread 0x000001b259abe220 Unloading class 0x000001b25b008800 'java/lang/invoke/LambdaForm$MH+0x000001b25b008800'
Event: 4771.535 Thread 0x000001b259abe220 Unloading class 0x000001b25b008400 'java/lang/invoke/LambdaForm$MH+0x000001b25b008400'
Event: 4771.535 Thread 0x000001b259abe220 Unloading class 0x000001b25b007000 'java/lang/invoke/LambdaForm$MH+0x000001b25b007000'
Event: 4771.535 Thread 0x000001b259abe220 Unloading class 0x000001b25b006800 'java/lang/invoke/LambdaForm$MH+0x000001b25b006800'
Event: 4771.535 Thread 0x000001b259abe220 Unloading class 0x000001b25b006400 'java/lang/invoke/LambdaForm$MH+0x000001b25b006400'
Event: 4771.535 Thread 0x000001b259abe220 Unloading class 0x000001b25b006000 'java/lang/invoke/LambdaForm$MH+0x000001b25b006000'
Event: 4771.535 Thread 0x000001b259abe220 Unloading class 0x000001b25b005c00 'java/lang/invoke/LambdaForm$BMH+0x000001b25b005c00'
Event: 4771.535 Thread 0x000001b259abe220 Unloading class 0x000001b25b004800 'java/lang/invoke/LambdaForm$DMH+0x000001b25b004800'
Event: 4771.535 Thread 0x000001b259abe220 Unloading class 0x000001b25b002400 'java/lang/invoke/LambdaForm$MH+0x000001b25b002400'
Event: 4771.535 Thread 0x000001b259abe220 Unloading class 0x000001b25b002000 'java/lang/invoke/LambdaForm$MH+0x000001b25b002000'
Event: 4771.535 Thread 0x000001b259abe220 Unloading class 0x000001b25b001800 'java/lang/invoke/LambdaForm$MH+0x000001b25b001800'
Event: 4771.535 Thread 0x000001b259abe220 Unloading class 0x000001b25b000400 'java/lang/invoke/LambdaForm$MH+0x000001b25b000400'

Classes redefined (0 events):
No events

Internal exceptions (20 events):
Event: 6327.309 Thread 0x000001b2a1cae3b0 Exception <a 'sun/nio/fs/WindowsException'{0x00000000d55c0590}> (0x00000000d55c0590) 
thrown [s\src\hotspot\share\prims\jni.cpp, line 520]
Event: 6327.803 Thread 0x000001b2a1cae3b0 Exception <a 'sun/nio/fs/WindowsException'{0x00000000d5888538}> (0x00000000d5888538) 
thrown [s\src\hotspot\share\prims\jni.cpp, line 520]
Event: 6627.458 Thread 0x000001b2a0a1aff0 Exception <a 'sun/nio/fs/WindowsException'{0x00000000d59c0760}> (0x00000000d59c0760) 
thrown [s\src\hotspot\share\prims\jni.cpp, line 520]
Event: 6627.460 Thread 0x000001b2a0a1aff0 Exception <a 'sun/nio/fs/WindowsException'{0x00000000d59c1028}> (0x00000000d59c1028) 
thrown [s\src\hotspot\share\prims\jni.cpp, line 520]
Event: 7732.309 Thread 0x000001b2a1cae3b0 Exception <a 'sun/nio/fs/WindowsException'{0x00000000d569a4c8}> (0x00000000d569a4c8) 
thrown [s\src\hotspot\share\prims\jni.cpp, line 520]
Event: 7736.683 Thread 0x000001b2a1cae3b0 Exception <a 'sun/nio/fs/WindowsException'{0x00000000d5592468}> (0x00000000d5592468) 
thrown [s\src\hotspot\share\prims\jni.cpp, line 520]
Event: 8032.438 Thread 0x000001b2a0a18f20 Exception <a 'sun/nio/fs/WindowsException'{0x00000000d55d36d8}> (0x00000000d55d36d8) 
thrown [s\src\hotspot\share\prims\jni.cpp, line 520]
Event: 8032.441 Thread 0x000001b2a0a18f20 Exception <a 'sun/nio/fs/WindowsException'{0x00000000d55d4240}> (0x00000000d55d4240) 
thrown [s\src\hotspot\share\prims\jni.cpp, line 520]
Event: 9187.454 Thread 0x000001b2a1cb0b10 Implicit null exception at 0x000001b24e78766c to 0x000001b24e787764
Event: 9193.908 Thread 0x000001b2a1cae3b0 Exception <a 'sun/nio/fs/WindowsException'{0x00000000d55baef8}> (0x00000000d55baef8) 
thrown [s\src\hotspot\share\prims\jni.cpp, line 520]
Event: 9194.212 Thread 0x000001b2a0a1bd10 Implicit null exception at 0x000001b24e9882f8 to 0x000001b24e989740
Event: 9199.065 Thread 0x000001b2a1cae3b0 Exception <a 'sun/nio/fs/WindowsException'{0x00000000d572a280}> (0x00000000d572a280) 
thrown [s\src\hotspot\share\prims\jni.cpp, line 520]
Event: 9208.623 Thread 0x000001b2a1cae3b0 Exception <a 'sun/nio/fs/WindowsException'{0x00000000d55ac510}> (0x00000000d55ac510) 
thrown [s\src\hotspot\share\prims\jni.cpp, line 520]
Event: 9212.226 Thread 0x000001b2a1cae3b0 Exception <a 'sun/nio/fs/WindowsException'{0x00000000d576e458}> (0x00000000d576e458) 
thrown [s\src\hotspot\share\prims\jni.cpp, line 520]
Event: 9228.171 Thread 0x000001b2a1cae3b0 Exception <a 'sun/nio/fs/WindowsException'{0x00000000d56a1df8}> (0x00000000d56a1df8) 
thrown [s\src\hotspot\share\prims\jni.cpp, line 520]
Event: 9229.473 Thread 0x000001b2a1cae3b0 Exception <a 'sun/nio/fs/WindowsException'{0x00000000d55c0f10}> (0x00000000d55c0f10) 
thrown [s\src\hotspot\share\prims\jni.cpp, line 520]
Event: 9325.772 Thread 0x000001b2a1cae3b0 Exception <a 'sun/nio/fs/WindowsException'{0x00000000d57436b8}> (0x00000000d57436b8) 
thrown [s\src\hotspot\share\prims\jni.cpp, line 520]
Event: 9326.698 Thread 0x000001b2a1cae3b0 Exception <a 'sun/nio/fs/WindowsException'{0x00000000d58590b8}> (0x00000000d58590b8) 
thrown [s\src\hotspot\share\prims\jni.cpp, line 520]
Event: 9493.612 Thread 0x000001b2a0a1eb00 Exception <a 'sun/nio/fs/WindowsException'{0x00000000d57f0a68}> (0x00000000d57f0a68) 
thrown [s\src\hotspot\share\prims\jni.cpp, line 520]
Event: 9493.613 Thread 0x000001b2a0a1eb00 Exception <a 'sun/nio/fs/WindowsException'{0x00000000d57f1330}> (0x00000000d57f1330) 
thrown [s\src\hotspot\share\prims\jni.cpp, line 520]

ZGC Phase Switch (0 events):
No events

VM Operations (20 events):
Event: 67811.751 Executing VM operation: HandshakeAllThreads (HandshakeForDeflation)
Event: 67811.751 Executing VM operation: HandshakeAllThreads (HandshakeForDeflation) done
Event: 67811.751 Executing VM operation: RendezvousGCThreads
Event: 67811.751 Executing VM operation: RendezvousGCThreads done
Event: 67931.895 Executing VM operation: HandshakeAllThreads (HandshakeForDeflation)
Event: 67931.895 Executing VM operation: HandshakeAllThreads (HandshakeForDeflation) done
Event: 67931.895 Executing VM operation: RendezvousGCThreads
Event: 67931.895 Executing VM operation: RendezvousGCThreads done
Event: 68052.028 Executing VM operation: HandshakeAllThreads (HandshakeForDeflation)
Event: 68052.028 Executing VM operation: HandshakeAllThreads (HandshakeForDeflation) done
Event: 68052.028 Executing VM operation: RendezvousGCThreads
Event: 68052.028 Executing VM operation: RendezvousGCThreads done
Event: 68112.149 Executing VM operation: HandshakeAllThreads (HandshakeForDeflation)
Event: 68112.150 Executing VM operation: HandshakeAllThreads (HandshakeForDeflation) done
Event: 68112.150 Executing VM operation: RendezvousGCThreads
Event: 68112.150 Executing VM operation: RendezvousGCThreads done
Event: 68172.170 Executing VM operation: HandshakeAllThreads (HandshakeForDeflation)
Event: 68172.170 Executing VM operation: HandshakeAllThreads (HandshakeForDeflation) done
Event: 68172.170 Executing VM operation: RendezvousGCThreads
Event: 68172.170 Executing VM operation: RendezvousGCThreads done

Memory protections (0 events):
No events

Nmethod flushes (20 events):
Event: 4774.580 Thread 0x000001b259abe220 flushing  nmethod 0x000001b248a97210
Event: 4774.581 Thread 0x000001b259abe220 flushing  nmethod 0x000001b248a9a490
Event: 4774.581 Thread 0x000001b259abe220 flushing  nmethod 0x000001b248a9e990
Event: 4774.581 Thread 0x000001b259abe220 flushing  nmethod 0x000001b248aa7e90
Event: 4774.581 Thread 0x000001b259abe220 flushing  nmethod 0x000001b248ac7610
Event: 4774.581 Thread 0x000001b259abe220 flushing  nmethod 0x000001b248acc590
Event: 4774.581 Thread 0x000001b259abe220 flushing osr nmethod 0x000001b248ace490
Event: 4774.581 Thread 0x000001b259abe220 flushing  nmethod 0x000001b248ad1810
Event: 4774.582 Thread 0x000001b259abe220 flushing osr nmethod 0x000001b248ad4510
Event: 4774.582 Thread 0x000001b259abe220 flushing  nmethod 0x000001b248ad6c10
Event: 4774.582 Thread 0x000001b259abe220 flushing  nmethod 0x000001b248ad9210
Event: 4774.582 Thread 0x000001b259abe220 flushing osr nmethod 0x000001b248ade610
Event: 4774.582 Thread 0x000001b259abe220 flushing  nmethod 0x000001b248ae5810
Event: 4774.582 Thread 0x000001b259abe220 flushing osr nmethod 0x000001b248aeba10
Event: 4774.582 Thread 0x000001b259abe220 flushing  nmethod 0x000001b248aee190
Event: 4774.582 Thread 0x000001b259abe220 flushing  nmethod 0x000001b248af0790
Event: 4774.582 Thread 0x000001b259abe220 flushing  nmethod 0x000001b248b05f10
Event: 4774.582 Thread 0x000001b259abe220 flushing osr nmethod 0x000001b248b09790
Event: 4774.583 Thread 0x000001b259abe220 flushing  nmethod 0x000001b248b0ca90
Event: 4774.583 Thread 0x000001b259abe220 flushing  nmethod 0x000001b248ddd890

Events (20 events):
Event: 9211.970 Thread 0x000001b259b546d0 Thread added: 0x000001b2a3d80020
Event: 9212.230 Thread 0x000001b2a3d80020 Thread exited: 0x000001b2a3d80020
Event: 9288.043 Thread 0x000001b2a0a18890 Thread exited: 0x000001b2a0a18890
Event: 9288.263 Thread 0x000001b2a0a1b680 Thread exited: 0x000001b2a0a1b680
Event: 9289.448 Thread 0x000001b2a0a1aff0 Thread exited: 0x000001b2a0a1aff0
Event: 9326.095 Thread 0x000001b2a0a1eb00 Thread added: 0x000001b2a0a1dde0
Event: 9386.120 Thread 0x000001b2a0a1dde0 Thread exited: 0x000001b2a0a1dde0
Event: 9477.306 Thread 0x000001b2a0a1bd10 Thread added: 0x000001b2a0a1f820
Event: 9477.307 Thread 0x000001b2a0a1bd10 Thread added: 0x000001b2a0a1b680
Event: 9493.619 Thread 0x000001b2a0a1eb00 Thread added: 0x000001b2a0a1aff0
Event: 9493.622 Thread 0x000001b2a0a1aff0 Thread exited: 0x000001b2a0a1aff0
Event: 9493.687 Thread 0x000001b2a0a1eb00 Thread added: 0x000001b2a0a1aff0
Event: 9493.688 Thread 0x000001b2a0a1aff0 Thread exited: 0x000001b2a0a1aff0
Event: 9527.680 Thread 0x000001b259b546d0 Thread added: 0x000001b2a3d7de10
Event: 9528.014 Thread 0x000001b2a0a1c3a0 Thread exited: 0x000001b2a0a1c3a0
Event: 9529.827 Thread 0x000001b2a3d7de10 Thread exited: 0x000001b2a3d7de10
Event: 9603.168 Thread 0x000001b2a0a1bd10 Thread exited: 0x000001b2a0a1bd10
Event: 9625.950 Thread 0x000001b2a0a1f190 Thread exited: 0x000001b2a0a1f190
Event: 9663.172 Thread 0x000001b2a0a1f820 Thread exited: 0x000001b2a0a1f820
Event: 9723.180 Thread 0x000001b2a0a1b680 Thread exited: 0x000001b2a0a1b680


Dynamic libraries:
0x00007ff7dcaf0000 - 0x00007ff7dcafe000 	c:\Users\USER\.cursor\extensions\redhat.java-1.46.0-win32-x64\jre\21.0.8-win32-x86_64\bin\java.exe
0x00007ffab1810000 - 0x00007ffab1a08000 	C:\Windows\SYSTEM32\ntdll.dll
0x00007ffab1700000 - 0x00007ffab17c2000 	C:\Windows\System32\KERNEL32.DLL
0x00007ffaaf150000 - 0x00007ffaaf446000 	C:\Windows\System32\KERNELBASE.dll
0x00007ffaab820000 - 0x00007ffaab8b4000 	C:\Windows\SYSTEM32\apphelp.dll
0x00007ffaaf5f0000 - 0x00007ffaaf6f0000 	C:\Windows\System32\ucrtbase.dll
0x00007ffaa9370000 - 0x00007ffaa9388000 	c:\Users\USER\.cursor\extensions\redhat.java-1.46.0-win32-x64\jre\21.0.8-win32-x86_64\bin\jli.dll
0x00007ffaafff0000 - 0x00007ffab0191000 	C:\Windows\System32\USER32.dll
0x00007ffaaf080000 - 0x00007ffaaf0a2000 	C:\Windows\System32\win32u.dll
0x00007ffaaffc0000 - 0x00007ffaaffeb000 	C:\Windows\System32\GDI32.dll
0x00007ffaaf4d0000 - 0x00007ffaaf5e9000 	C:\Windows\System32\gdi32full.dll
0x00007ffaaf0b0000 - 0x00007ffaaf14d000 	C:\Windows\System32\msvcp_win.dll
0x00007ffaa9000000 - 0x00007ffaa901e000 	c:\Users\USER\.cursor\extensions\redhat.java-1.46.0-win32-x64\jre\21.0.8-win32-x86_64\bin\VCRUNTIME140.dll
0x00007ffa9e0c0000 - 0x00007ffa9e35b000 	C:\Windows\WinSxS\amd64_microsoft.windows.common-controls_6595b64144ccf1df_6.0.19041.6456_none_60b8a6cb71f64256\COMCTL32.dll
0x00007ffaaf910000 - 0x00007ffaaf9ae000 	C:\Windows\System32\msvcrt.dll
0x00007ffaafd50000 - 0x00007ffaafd7f000 	C:\Windows\System32\IMM32.DLL
0x00007ffaa8c30000 - 0x00007ffaa8c3c000 	c:\Users\USER\.cursor\extensions\redhat.java-1.46.0-win32-x64\jre\21.0.8-win32-x86_64\bin\vcruntime140_1.dll
0x00007ffaa7510000 - 0x00007ffaa759d000 	c:\Users\USER\.cursor\extensions\redhat.java-1.46.0-win32-x64\jre\21.0.8-win32-x86_64\bin\msvcp140.dll
0x00007ffa2ebb0000 - 0x00007ffa2f947000 	c:\Users\USER\.cursor\extensions\redhat.java-1.46.0-win32-x64\jre\21.0.8-win32-x86_64\bin\server\jvm.dll
0x00007ffaafe50000 - 0x00007ffaaff01000 	C:\Windows\System32\ADVAPI32.dll
0x00007ffaafcb0000 - 0x00007ffaafd4f000 	C:\Windows\System32\sechost.dll
0x00007ffab0620000 - 0x00007ffab0740000 	C:\Windows\System32\RPCRT4.dll
0x00007ffaaf050000 - 0x00007ffaaf077000 	C:\Windows\System32\bcrypt.dll
0x00007ffab08f0000 - 0x00007ffab095b000 	C:\Windows\System32\WS2_32.dll
0x00007ffaae3a0000 - 0x00007ffaae3eb000 	C:\Windows\SYSTEM32\POWRPROF.dll
0x00007ffa9ef90000 - 0x00007ffa9efb7000 	C:\Windows\SYSTEM32\WINMM.dll
0x00007ffa9d5a0000 - 0x00007ffa9d5aa000 	C:\Windows\SYSTEM32\VERSION.dll
0x00007ffaae260000 - 0x00007ffaae272000 	C:\Windows\SYSTEM32\UMPDC.dll
0x00007ffaaccd0000 - 0x00007ffaacce2000 	C:\Windows\SYSTEM32\kernel.appcore.dll
0x00007ffaa8c20000 - 0x00007ffaa8c2a000 	c:\Users\USER\.cursor\extensions\redhat.java-1.46.0-win32-x64\jre\21.0.8-win32-x86_64\bin\jimage.dll
0x00007ffa9c910000 - 0x00007ffa9cb11000 	C:\Windows\SYSTEM32\DBGHELP.DLL
0x00007ffa9b540000 - 0x00007ffa9b574000 	C:\Windows\SYSTEM32\dbgcore.DLL
0x00007ffaaf6f0000 - 0x00007ffaaf772000 	C:\Windows\System32\bcryptPrimitives.dll
0x00007ffaa75f0000 - 0x00007ffaa75ff000 	c:\Users\USER\.cursor\extensions\redhat.java-1.46.0-win32-x64\jre\21.0.8-win32-x86_64\bin\instrument.dll
0x00007ffa9ffa0000 - 0x00007ffa9ffbf000 	c:\Users\USER\.cursor\extensions\redhat.java-1.46.0-win32-x64\jre\21.0.8-win32-x86_64\bin\java.dll
0x00007ffab0cc0000 - 0x00007ffab1430000 	C:\Windows\System32\SHELL32.dll
0x00007ffaaced0000 - 0x00007ffaad675000 	C:\Windows\SYSTEM32\windows.storage.dll
0x00007ffab0960000 - 0x00007ffab0cb4000 	C:\Windows\System32\combase.dll
0x00007ffaae7f0000 - 0x00007ffaae81b000 	C:\Windows\SYSTEM32\Wldp.dll
0x00007ffab1630000 - 0x00007ffab16fd000 	C:\Windows\System32\OLEAUT32.dll
0x00007ffaaff10000 - 0x00007ffaaffbd000 	C:\Windows\System32\SHCORE.dll
0x00007ffaaf8b0000 - 0x00007ffaaf90b000 	C:\Windows\System32\shlwapi.dll
0x00007ffaaedd0000 - 0x00007ffaaedf4000 	C:\Windows\SYSTEM32\profapi.dll
0x00007ffa9f7e0000 - 0x00007ffa9f7f8000 	c:\Users\USER\.cursor\extensions\redhat.java-1.46.0-win32-x64\jre\21.0.8-win32-x86_64\bin\zip.dll
0x00007ffaa75e0000 - 0x00007ffaa75f0000 	C:\Users\USER\.cursor\extensions\redhat.java-1.46.0-win32-x64\jre\21.0.8-win32-x86_64\bin\net.dll
0x00007ffaa2590000 - 0x00007ffaa269a000 	C:\Windows\SYSTEM32\WINHTTP.dll
0x00007ffaae5d0000 - 0x00007ffaae63a000 	C:\Windows\system32\mswsock.dll
0x00007ffa9d710000 - 0x00007ffa9d726000 	C:\Users\USER\.cursor\extensions\redhat.java-1.46.0-win32-x64\jre\21.0.8-win32-x86_64\bin\nio.dll
0x00007ffaa7500000 - 0x00007ffaa7510000 	c:\Users\USER\.cursor\extensions\redhat.java-1.46.0-win32-x64\jre\21.0.8-win32-x86_64\bin\verify.dll
0x00007ffa93440000 - 0x00007ffa93484000 	C:\Users\USER\AppData\Roaming\Cursor\User\globalStorage\redhat.java\1.46.0\config_win\org.eclipse.equinox.launcher\org.eclipse.equinox.launcher.win32.win32.x86_64_1.2.1400.v20250801-0854\eclipse_11916.dll
0x00007ffab14e0000 - 0x00007ffab160b000 	C:\Windows\System32\ole32.dll
0x00007ffaa0350000 - 0x00007ffaa035a000 	C:\Users\USER\.cursor\extensions\redhat.java-1.46.0-win32-x64\jre\21.0.8-win32-x86_64\bin\management.dll
0x00007ffa99460000 - 0x00007ffa9946b000 	C:\Users\USER\.cursor\extensions\redhat.java-1.46.0-win32-x64\jre\21.0.8-win32-x86_64\bin\management_ext.dll
0x00007ffaafe40000 - 0x00007ffaafe48000 	C:\Windows\System32\PSAPI.DLL
0x00007ffaaeb30000 - 0x00007ffaaeb48000 	C:\Windows\SYSTEM32\CRYPTSP.dll
0x00007ffaadea0000 - 0x00007ffaaded8000 	C:\Windows\system32\rsaenh.dll
0x00007ffaaed50000 - 0x00007ffaaed7e000 	C:\Windows\SYSTEM32\USERENV.dll
0x00007ffaae760000 - 0x00007ffaae76c000 	C:\Windows\SYSTEM32\CRYPTBASE.dll
0x00007ffaae280000 - 0x00007ffaae2bb000 	C:\Windows\SYSTEM32\IPHLPAPI.DLL
0x00007ffaafbc0000 - 0x00007ffaafbc8000 	C:\Windows\System32\NSI.dll
0x00007ffa77c40000 - 0x00007ffa77c89000 	C:\Users\USER\AppData\Local\Temp\jna-2614219\jna11147051571875630147.dll
0x00007ffaa53f0000 - 0x00007ffaa5407000 	C:\Windows\SYSTEM32\dhcpcsvc6.DLL
0x00007ffaa5200000 - 0x00007ffaa521d000 	C:\Windows\SYSTEM32\dhcpcsvc.DLL
0x00007ffa98ba0000 - 0x00007ffa98bae000 	C:\Users\USER\.cursor\extensions\redhat.java-1.46.0-win32-x64\jre\21.0.8-win32-x86_64\bin\sunmscapi.dll
0x00007ffaaeef0000 - 0x00007ffaaf04d000 	C:\Windows\System32\CRYPT32.dll
0x00007ffaae860000 - 0x00007ffaae887000 	C:\Windows\SYSTEM32\ncrypt.dll
0x00007ffaae820000 - 0x00007ffaae85b000 	C:\Windows\SYSTEM32\NTASN1.dll
0x00007ffaae2d0000 - 0x00007ffaae39a000 	C:\Windows\SYSTEM32\DNSAPI.dll
0x00007ffa9f290000 - 0x00007ffa9f29a000 	C:\Windows\System32\rasadhlp.dll
0x00007ffa9f2e0000 - 0x00007ffa9f360000 	C:\Windows\System32\fwpuclnt.dll
0x00007ffa98ac0000 - 0x00007ffa98ac9000 	C:\Users\USER\.cursor\extensions\redhat.java-1.46.0-win32-x64\jre\21.0.8-win32-x86_64\bin\extnet.dll

JVMTI agents:
c:\Users\USER\.cursor\extensions\redhat.java-1.46.0-win32-x64\lombok\lombok-1.18.39-4050.jar path:c:\Users\USER\.cursor\extensions\redhat.java-1.46.0-win32-x64\jre\21.0.8-win32-x86_64\bin\instrument.dll, loaded, initialized, instrumentlib options:none

dbghelp: loaded successfully - version: 4.0.5 - missing functions: none
symbol engine: initialized successfully - sym options: 0x614 - pdb path: .;c:\Users\USER\.cursor\extensions\redhat.java-1.46.0-win32-x64\jre\21.0.8-win32-x86_64\bin;C:\Windows\SYSTEM32;C:\Windows\WinSxS\amd64_microsoft.windows.common-controls_6595b64144ccf1df_6.0.19041.6456_none_60b8a6cb71f64256;c:\Users\USER\.cursor\extensions\redhat.java-1.46.0-win32-x64\jre\21.0.8-win32-x86_64\bin\server;C:\Users\USER\AppData\Roaming\Cursor\User\globalStorage\redhat.java\1.46.0\config_win\org.eclipse.equinox.launcher\org.eclipse.equinox.launcher.win32.win32.x86_64_1.2.1400.v20250801-0854;C:\Users\USER\AppData\Local\Temp\jna-2614219

VM Arguments:
jvm_args: --add-modules=ALL-SYSTEM --add-opens=java.base/java.util=ALL-UNNAMED --add-opens=java.base/java.lang=ALL-UNNAMED --add-opens=java.base/sun.nio.fs=ALL-UNNAMED -Declipse.application=org.eclipse.jdt.ls.core.id1 -Dosgi.bundles.defaultStartLevel=4 -Declipse.product=org.eclipse.jdt.ls.core.product -Djava.import.generatesMetadataFilesAtProjectRoot=false -DDetectVMInstallationsJob.disabled=true -Dfile.encoding=utf8 -XX:+UseParallelGC -XX:GCTimeRatio=4 -XX:AdaptiveSizePolicyWeight=90 -Dsun.zip.disableMemoryMapping=true -Xmx2G -Xms100m -Xlog:disable -javaagent:c:\Users\USER\.cursor\extensions\redhat.java-1.46.0-win32-x64\lombok\lombok-1.18.39-4050.jar -XX:+HeapDumpOnOutOfMemoryError -XX:HeapDumpPath=c:\Users\USER\AppData\Roaming\Cursor\User\workspaceStorage\c512f3620e6030fd88b3f1d26de535b6\redhat.java -Daether.dependencyCollector.impl=bf 
java_command: c:\Users\USER\.cursor\extensions\redhat.java-1.46.0-win32-x64\server\plugins\org.eclipse.equinox.launcher_1.7.0.v20250519-0528.jar -configuration c:\Users\USER\AppData\Roaming\Cursor\User\globalStorage\redhat.java\1.46.0\config_win -data c:\Users\USER\AppData\Roaming\Cursor\User\workspaceStorage\c512f3620e6030fd88b3f1d26de535b6\redhat.java\jdt_ws --pipe=\\.\pipe\lsp-8cbb7d91923df91c875ba6b578972db0-sock
java_class_path (initial): c:\Users\USER\.cursor\extensions\redhat.java-1.46.0-win32-x64\server\plugins\org.eclipse.equinox.launcher_1.7.0.v20250519-0528.jar
Launcher Type: SUN_STANDARD

[Global flags]
    uintx AdaptiveSizePolicyWeight                 = 90                                        {product} {command line}
     intx CICompilerCount                          = 3                                         {product} {ergonomic}
    uintx GCTimeRatio                              = 4                                         {product} {command line}
     bool HeapDumpOnOutOfMemoryError               = true                                   {manageable} {command line}
    ccstr HeapDumpPath                             = c:\Users\USER\AppData\Roaming\Cursor\User\workspaceStorage\c512f3620e6030fd88b3f1d26de535b6\redhat.java         {manageable} {command line}
   size_t InitialHeapSize                          = 104857600                                 {product} {command line}
   size_t MaxHeapSize                              = 2147483648                                {product} {command line}
   size_t MaxNewSize                               = 715653120                                 {product} {ergonomic}
   size_t MinHeapDeltaBytes                        = 524288                                    {product} {ergonomic}
   size_t MinHeapSize                              = 104857600                                 {product} {command line}
   size_t NewSize                                  = 34603008                                  {product} {ergonomic}
    uintx NonNMethodCodeHeapSize                   = 5832780                                {pd product} {ergonomic}
    uintx NonProfiledCodeHeapSize                  = 122912730                              {pd product} {ergonomic}
   size_t OldSize                                  = 70254592                                  {product} {ergonomic}
    uintx ProfiledCodeHeapSize                     = 122912730                              {pd product} {ergonomic}
    uintx ReservedCodeCacheSize                    = 251658240                              {pd product} {ergonomic}
     bool SegmentedCodeCache                       = true                                      {product} {ergonomic}
   size_t SoftMaxHeapSize                          = 2147483648                             {manageable} {ergonomic}
     bool UseCompressedOops                        = true                           {product lp64_product} {ergonomic}
     bool UseLargePagesIndividualAllocation        = false                                  {pd product} {ergonomic}
     bool UseParallelGC                            = true                                      {product} {command line}

Logging:
Log output configuration:
 #0: stdout all=off uptime,level,tags foldmultilines=false
 #1: stderr all=off uptime,level,tags foldmultilines=false

Environment Variables:
JAVA_HOME=C:\Program Files\Java\jdk-17
PATH=C:\Program Files\Common Files\Oracle\Java\javapath;C:\Program Files (x86)\Common Files\Oracle\Java\javapath;C:\Program Files\Java\jdk-17\bin;C:\Users\USER\Documents\WINDOWS.X64_193000_db_home\bin;C:\Users\USER\Documents\oracle\bin;D:\yoo\WINDOWS.X64_213000_db_home\bin;C:\Users\USER\Downloads\WINDOWS.X64_213000_db_home\bin;C:\oraclexe\app\oracle\product\11.2.0\server\bin;C:\Windows\system32;C:\Windows;C:\Windows\System32\Wbem;C:\Windows\System32\WindowsPowerShell\v1.0\;C:\Windows\System32\OpenSSH\;C:\xampp\php;C:\Program Files\dotnet\;C:\Program Files (x86)\Microsoft SQL Server\160\Tools\Binn\;C:\Program Files\Microsoft SQL Server\160\Tools\Binn\;C:\Program Files\Microsoft SQL Server\Client SDK\ODBC\170\Tools\Binn\;C:\Program Files\Microsoft SQL Server\160\DTS\Binn\;C:\Program Files\Microsoft SQL Server\150\Tools\Binn\;D:\apache-maven-3.9.11-bin\apache-maven-3.9.11\bin;C:\Users\USER\AppData\Local\Programs\Python\Python313\Scripts\;C:\Users\USER\AppData\Local\Programs\Python\Python313\;C:\Users\USER\AppData\Local\Programs\Python\Launcher\;C:\Program Files\Java\jdk-17\bin;C:\Users\USER\.dotnet\tools;C:\Users\USER\AppData\Local\Programs\Microsoft VS Code\bin
USERNAME=USER
OS=Windows_NT
PROCESSOR_IDENTIFIER=Intel64 Family 6 Model 61 Stepping 4, GenuineIntel
TMP=C:\Users\USER\AppData\Local\Temp
TEMP=C:\Users\USER\AppData\Local\Temp




Periodic native trim disabled

---------------  S Y S T E M  ---------------

OS:
 Windows 10 , 64 bit Build 19041 (10.0.19041.5915)
OS uptime: 4 days 1:38 hours
Hyper-V role detected

CPU: total 4 (initial active 4) (2 cores per cpu, 2 threads per core) family 6 model 61 stepping 4 microcode 0x2d, cx8, cmov, fxsr, ht, mmx, 3dnowpref, sse, sse2, sse3, ssse3, sse4.1, sse4.2, popcnt, lzcnt, tsc, tscinvbit, avx, avx2, aes, erms, clmul, bmi1, bmi2, rtm, adx, fma, vzeroupper, clflush, hv, rdtscp, f16c
Processor Information for the first 4 processors :
  Max Mhz: 2601, Current Mhz: 2601, Mhz Limit: 2601

Memory: 4k page, system-wide physical 8067M (394M free)
TotalPageFile size 25466M (AvailPageFile size 119M)
current process WorkingSet (physical memory assigned to process): 8M, peak: 1126M
current process commit charge ("private bytes"): 1037M, peak: 1089M

vm_info: OpenJDK 64-Bit Server VM (21.0.8+9-LTS) for windows-amd64 JRE (21.0.8+9-LTS), built on 2025-07-15T00:00:00Z by "admin" with MS VC++ 17.7 (VS2022)

END.
