#
# There is insufficient memory for the Java Runtime Environment to continue.
# Native memory allocation (mmap) failed to map 28311552 bytes for G1 virtual space
# Possible reasons:
#   The system is out of physical RAM or swap space
#   The process is running with CompressedOops enabled, and the Java Heap may be blocking the growth of the native heap
# Possible solutions:
#   Reduce memory load on the system
#   Increase physical memory or swap space
#   Check if swap backing store is full
#   Decrease Java heap size (-Xmx/-Xms)
#   Decrease number of Java threads
#   Decrease Java thread stack sizes (-Xss)
#   Set larger code cache with -XX:ReservedCodeCacheSize=
#   JVM is running with Unscaled Compressed Oops mode in which the Java heap is
#     placed in the first 4GB address space. The Java Heap base address is the
#     maximum limit for the native heap growth. Please use -XX:HeapBaseMinAddress
#     to set the Java Heap base and to place the Java Heap above 4GB virtual address.
# This output file may be truncated or incomplete.
#
#  Out of Memory Error (os_windows.cpp:3469), pid=6148, tid=5784
#
# JRE version: Java(TM) SE Runtime Environment (17.0+35) (build 17+35-LTS-2724)
# Java VM: Java HotSpot(TM) 64-Bit Server VM (17+35-LTS-2724, mixed mode, emulated-client, sharing, tiered, compressed oops, compressed class ptrs, g1 gc, windows-amd64)
# No core dump will be written. Minidumps are not enabled by default on client versions of Windows
#

---------------  S U M M A R Y ------------

Command Line: -XX:TieredStopAtLevel=1 com.transport.TransportReportingSystem.TransportReportingSystemApplication

Host: Intel(R) Core(TM) i7-5600U CPU @ 2.60GHz, 4 cores, 7G,  Windows 10 , 64 bit Build 19041 (10.0.19041.5915)
Time: Thu Dec 18 17:24:58 2025 South Africa Standard Time elapsed time: 8.729505 seconds (0d 0h 0m 8s)

---------------  T H R E A D  ---------------

Current thread (0x000001af11ea1e30):  VMThread "VM Thread" [stack: 0x00000004dc600000,0x00000004dc700000] [id=5784]

Stack: [0x00000004dc600000,0x00000004dc700000]
Native frames: (J=compiled Java code, j=interpreted, Vv=VM code, C=native code)
V  [jvm.dll+0x66f8ea]
V  [jvm.dll+0x7ce224]
V  [jvm.dll+0x7cf9ce]
V  [jvm.dll+0x7d0033]
V  [jvm.dll+0x242bb5]
V  [jvm.dll+0x66c909]
V  [jvm.dll+0x6613d2]
V  [jvm.dll+0x30082b]
V  [jvm.dll+0x307db6]
V  [jvm.dll+0x357a0e]
V  [jvm.dll+0x357c3f]
V  [jvm.dll+0x2d7ae8]
V  [jvm.dll+0x2d5db4]
V  [jvm.dll+0x2d53bc]
V  [jvm.dll+0x318d1b]
V  [jvm.dll+0x7d44cb]
V  [jvm.dll+0x7d5204]
V  [jvm.dll+0x7d571c]
V  [jvm.dll+0x7d5af4]
V  [jvm.dll+0x7d5bc0]
V  [jvm.dll+0x77e7ea]
V  [jvm.dll+0x66e715]
C  [ucrtbase.dll+0x21bb2]
C  [KERNEL32.DLL+0x17374]
C  [ntdll.dll+0x4cc91]

VM_Operation (0x00000004dd8f59a0): G1CollectForAllocation, mode: safepoint, requested by thread 0x000001af13104400


---------------  P R O C E S S  ---------------

Threads class SMR info:
_java_thread_list=0x000001af12eceb20, length=18, elements={
0x000001af0082b4b0, 0x000001af11ea6990, 0x000001af11ea9ec0, 0x000001af11ebf020,
0x000001af11ec1050, 0x000001af11ec3920, 0x000001af11ec41e0, 0x000001af11ec4aa0,
0x000001af11ec53a0, 0x000001af12961c20, 0x000001af12966200, 0x000001af1296c7f0,
0x000001af12981ce0, 0x000001af13103520, 0x000001af13104400, 0x000001af12b23050,
0x000001af12e61870, 0x000001af12cc51e0
}

Java Threads: ( => current thread )
  0x000001af0082b4b0 JavaThread "main" [_thread_blocked, id=15312, stack(0x00000004dc000000,0x00000004dc100000)]
  0x000001af11ea6990 JavaThread "Reference Handler" daemon [_thread_blocked, id=10592, stack(0x00000004dc700000,0x00000004dc800000)]
  0x000001af11ea9ec0 JavaThread "Finalizer" daemon [_thread_blocked, id=15016, stack(0x00000004dc800000,0x00000004dc900000)]
  0x000001af11ebf020 JavaThread "Signal Dispatcher" daemon [_thread_blocked, id=11496, stack(0x00000004dc900000,0x00000004dca00000)]
  0x000001af11ec1050 JavaThread "Attach Listener" daemon [_thread_blocked, id=5856, stack(0x00000004dca00000,0x00000004dcb00000)]
  0x000001af11ec3920 JavaThread "Service Thread" daemon [_thread_blocked, id=14416, stack(0x00000004dcb00000,0x00000004dcc00000)]
  0x000001af11ec41e0 JavaThread "Monitor Deflation Thread" daemon [_thread_blocked, id=4400, stack(0x00000004dcc00000,0x00000004dcd00000)]
  0x000001af11ec4aa0 JavaThread "C1 CompilerThread0" daemon [_thread_blocked, id=13620, stack(0x00000004dcd00000,0x00000004dce00000)]
  0x000001af11ec53a0 JavaThread "Sweeper thread" daemon [_thread_blocked, id=8948, stack(0x00000004dce00000,0x00000004dcf00000)]
  0x000001af12961c20 JavaThread "C1 CompilerThread1" daemon [_thread_blocked, id=15356, stack(0x00000004dcf00000,0x00000004dd000000)]
  0x000001af12966200 JavaThread "C1 CompilerThread2" daemon [_thread_blocked, id=11948, stack(0x00000004dd000000,0x00000004dd100000)]
  0x000001af1296c7f0 JavaThread "Notification Thread" daemon [_thread_blocked, id=14392, stack(0x00000004dd100000,0x00000004dd200000)]
  0x000001af12981ce0 JavaThread "Common-Cleaner" daemon [_thread_blocked, id=5724, stack(0x00000004dd300000,0x00000004dd400000)]
  0x000001af13103520 JavaThread "Thread-0" [_thread_blocked, id=15328, stack(0x00000004dd700000,0x00000004dd800000)]
  0x000001af13104400 JavaThread "restartedMain" [_thread_blocked, id=6948, stack(0x00000004dd800000,0x00000004dd900000)]
  0x000001af12b23050 JavaThread "PostgreSQL-JDBC-Cleaner" daemon [_thread_blocked, id=13772, stack(0x00000004dda00000,0x00000004ddb00000)]
  0x000001af12e61870 JavaThread "HikariPool-1:housekeeper" daemon [_thread_blocked, id=11340, stack(0x00000004ddb00000,0x00000004ddc00000)]
  0x000001af12cc51e0 JavaThread "HikariPool-1:connection-adder" daemon [_thread_blocked, id=13108, stack(0x00000004ddc00000,0x00000004ddd00000)]

Other Threads:
=>0x000001af11ea1e30 VMThread "VM Thread" [stack: 0x00000004dc600000,0x00000004dc700000] [id=5784]
  0x000001af129798a0 WatcherThread [stack: 0x00000004dd200000,0x00000004dd300000] [id=4376]
  0x000001af008737d0 GCTaskThread "GC Thread#0" [stack: 0x00000004dc100000,0x00000004dc200000] [id=9844]
  0x000001af12fe2330 GCTaskThread "GC Thread#1" [stack: 0x00000004dd400000,0x00000004dd500000] [id=15076]
  0x000001af12fef5b0 GCTaskThread "GC Thread#2" [stack: 0x00000004dd500000,0x00000004dd600000] [id=12552]
  0x000001af1300dba0 GCTaskThread "GC Thread#3" [stack: 0x00000004dd600000,0x00000004dd700000] [id=8024]
  0x000001af00885270 ConcurrentGCThread "G1 Main Marker" [stack: 0x00000004dc200000,0x00000004dc300000] [id=9780]
  0x000001af00885b90 ConcurrentGCThread "G1 Conc#0" [stack: 0x00000004dc300000,0x00000004dc400000] [id=9492]
  0x000001af008ec7a0 ConcurrentGCThread "G1 Refine#0" [stack: 0x00000004dc400000,0x00000004dc500000] [id=7548]
  0x000001af008ed0d0 ConcurrentGCThread "G1 Service" [stack: 0x00000004dc500000,0x00000004dc600000] [id=13020]

Threads with active compile tasks:

VM state: at safepoint (normal execution)

VM Mutex/Monitor currently owned by a thread:  ([mutex/lock_event])
[0x000001af00828230] Threads_lock - owner thread: 0x000001af11ea1e30
[0x000001af00828110] Heap_lock - owner thread: 0x000001af13104400

Heap address: 0x0000000081e00000, size: 2018 MB, Compressed Oops mode: 32-bit

CDS archive(s) mapped at: [0x0000000800000000-0x0000000800bc0000-0x0000000800bc0000), size 12320768, SharedBaseAddress: 0x0000000800000000, ArchiveRelocationMode: 0.
Compressed class space mapped at: 0x0000000800c00000-0x0000000840c00000, reserved size: 1073741824
Narrow klass base: 0x0000000800000000, Narrow klass shift: 0, Narrow klass range: 0x100000000

GC Precious Log:
 CPUs: 4 total, 4 available
 Memory: 8067M
 Large Page Support: Disabled
 NUMA Support: Disabled
 Compressed Oops: Enabled (32-bit)
 Heap Region Size: 1M
 Heap Min Capacity: 8M
 Heap Initial Capacity: 128M
 Heap Max Capacity: 2018M
 Pre-touch: Disabled
 Parallel Workers: 4
 Concurrent Workers: 1
 Concurrent Refinement Workers: 4
 Periodic GC: Disabled

Heap:
 garbage-first heap   total 161792K, used 38350K [0x0000000081e00000, 0x0000000100000000)
  region size 1024K, 5 young (5120K), 5 survivors (5120K)
 Metaspace       used 62349K, committed 62976K, reserved 1105920K
  class space    used 9411K, committed 9664K, reserved 1048576K

Heap Regions: E=young(eden), S=young(survivor), O=old, HS=humongous(starts), HC=humongous(continues), CS=collection set, F=free, OA=open archive, CA=closed archive, TAMS=top-at-mark-start (previous, next)
|   0|0x0000000081e00000, 0x0000000081f00000, 0x0000000081f00000|100%|HS|  |TAMS 0x0000000081f00000, 0x0000000081e00000| Complete 
|   1|0x0000000081f00000, 0x0000000082000000, 0x0000000082000000|100%|HS|  |TAMS 0x0000000082000000, 0x0000000081f00000| Complete 
|   2|0x0000000082000000, 0x0000000082100000, 0x0000000082100000|100%| O|  |TAMS 0x0000000082100000, 0x0000000082000000| Untracked 
|   3|0x0000000082100000, 0x0000000082200000, 0x0000000082200000|100%| O|  |TAMS 0x0000000082200000, 0x0000000082100000| Untracked 
|   4|0x0000000082200000, 0x0000000082300000, 0x0000000082300000|100%| O|  |TAMS 0x0000000082300000, 0x0000000082200000| Untracked 
|   5|0x0000000082300000, 0x0000000082400000, 0x0000000082400000|100%| O|  |TAMS 0x0000000082400000, 0x0000000082300000| Untracked 
|   6|0x0000000082400000, 0x0000000082500000, 0x0000000082500000|100%| O|  |TAMS 0x0000000082500000, 0x0000000082400000| Untracked 
|   7|0x0000000082500000, 0x0000000082600000, 0x0000000082600000|100%| O|  |TAMS 0x0000000082600000, 0x0000000082500000| Untracked 
|   8|0x0000000082600000, 0x0000000082700000, 0x0000000082700000|100%| O|  |TAMS 0x0000000082700000, 0x0000000082600000| Untracked 
|   9|0x0000000082700000, 0x0000000082800000, 0x0000000082800000|100%| O|  |TAMS 0x0000000082800000, 0x0000000082700000| Untracked 
|  10|0x0000000082800000, 0x0000000082900000, 0x0000000082900000|100%| O|  |TAMS 0x0000000082900000, 0x0000000082800000| Untracked 
|  11|0x0000000082900000, 0x0000000082a00000, 0x0000000082a00000|100%| O|  |TAMS 0x0000000082a00000, 0x0000000082900000| Untracked 
|  12|0x0000000082a00000, 0x0000000082b00000, 0x0000000082b00000|100%| O|  |TAMS 0x0000000082b00000, 0x0000000082a00000| Untracked 
|  13|0x0000000082b00000, 0x0000000082c00000, 0x0000000082c00000|100%| O|  |TAMS 0x0000000082c00000, 0x0000000082b00000| Untracked 
|  14|0x0000000082c00000, 0x0000000082d00000, 0x0000000082d00000|100%| O|  |TAMS 0x0000000082d00000, 0x0000000082c00000| Untracked 
|  15|0x0000000082d00000, 0x0000000082e00000, 0x0000000082e00000|100%| O|  |TAMS 0x0000000082e00000, 0x0000000082d00000| Untracked 
|  16|0x0000000082e00000, 0x0000000082f00000, 0x0000000082f00000|100%| O|  |TAMS 0x0000000082f00000, 0x0000000082e00000| Untracked 
|  17|0x0000000082f00000, 0x0000000083000000, 0x0000000083000000|100%| O|  |TAMS 0x0000000083000000, 0x0000000082f00000| Untracked 
|  18|0x0000000083000000, 0x0000000083100000, 0x0000000083100000|100%| O|  |TAMS 0x0000000083000000, 0x0000000083000000| Untracked 
|  19|0x0000000083100000, 0x0000000083200000, 0x0000000083200000|100%| O|  |TAMS 0x0000000083200000, 0x0000000083100000| Untracked 
|  20|0x0000000083200000, 0x0000000083300000, 0x0000000083300000|100%| O|  |TAMS 0x0000000083300000, 0x0000000083200000| Untracked 
|  21|0x0000000083300000, 0x0000000083400000, 0x0000000083400000|100%| O|  |TAMS 0x0000000083400000, 0x0000000083300000| Untracked 
|  22|0x0000000083400000, 0x0000000083500000, 0x0000000083500000|100%| O|  |TAMS 0x0000000083500000, 0x0000000083400000| Untracked 
|  23|0x0000000083500000, 0x0000000083600000, 0x0000000083600000|100%| O|  |TAMS 0x0000000083600000, 0x0000000083500000| Untracked 
|  24|0x0000000083600000, 0x0000000083700000, 0x0000000083700000|100%| O|  |TAMS 0x00000000836b5c00, 0x0000000083600000| Untracked 
|  25|0x0000000083700000, 0x0000000083800000, 0x0000000083800000|100%| O|  |TAMS 0x0000000083700000, 0x0000000083700000| Untracked 
|  26|0x0000000083800000, 0x0000000083900000, 0x0000000083900000|100%| O|  |TAMS 0x0000000083800000, 0x0000000083800000| Untracked 
|  27|0x0000000083900000, 0x0000000083a00000, 0x0000000083a00000|100%| O|  |TAMS 0x0000000083900000, 0x0000000083900000| Untracked 
|  28|0x0000000083a00000, 0x0000000083b00000, 0x0000000083b00000|100%| O|  |TAMS 0x0000000083a00000, 0x0000000083a00000| Untracked 
|  29|0x0000000083b00000, 0x0000000083c00000, 0x0000000083c00000|100%| O|  |TAMS 0x0000000083b00000, 0x0000000083b00000| Untracked 
|  30|0x0000000083c00000, 0x0000000083d00000, 0x0000000083d00000|100%| O|  |TAMS 0x0000000083c00000, 0x0000000083c00000| Untracked 
|  31|0x0000000083d00000, 0x0000000083e00000, 0x0000000083e00000|100%| O|  |TAMS 0x0000000083d00000, 0x0000000083d00000| Untracked 
|  32|0x0000000083e00000, 0x0000000083e73a00, 0x0000000083f00000| 45%| O|  |TAMS 0x0000000083e00000, 0x0000000083e00000| Untracked 
|  33|0x0000000083f00000, 0x0000000083f00000, 0x0000000084000000|  0%| F|  |TAMS 0x0000000083f00000, 0x0000000083f00000| Untracked 
|  34|0x0000000084000000, 0x0000000084000000, 0x0000000084100000|  0%| F|  |TAMS 0x0000000084000000, 0x0000000084000000| Untracked 
|  35|0x0000000084100000, 0x0000000084100000, 0x0000000084200000|  0%| F|  |TAMS 0x0000000084100000, 0x0000000084100000| Untracked 
|  36|0x0000000084200000, 0x0000000084200000, 0x0000000084300000|  0%| F|  |TAMS 0x0000000084200000, 0x0000000084200000| Untracked 
|  37|0x0000000084300000, 0x0000000084300000, 0x0000000084400000|  0%| F|  |TAMS 0x0000000084300000, 0x0000000084300000| Untracked 
|  38|0x0000000084400000, 0x0000000084400000, 0x0000000084500000|  0%| F|  |TAMS 0x0000000084400000, 0x0000000084400000| Untracked 
|  39|0x0000000084500000, 0x0000000084500000, 0x0000000084600000|  0%| F|  |TAMS 0x0000000084500000, 0x0000000084500000| Untracked 
|  40|0x0000000084600000, 0x0000000084600000, 0x0000000084700000|  0%| F|  |TAMS 0x0000000084600000, 0x0000000084600000| Untracked 
|  41|0x0000000084700000, 0x0000000084700000, 0x0000000084800000|  0%| F|  |TAMS 0x0000000084700000, 0x0000000084700000| Untracked 
|  42|0x0000000084800000, 0x0000000084800000, 0x0000000084900000|  0%| F|  |TAMS 0x0000000084800000, 0x0000000084800000| Untracked 
|  43|0x0000000084900000, 0x0000000084900000, 0x0000000084a00000|  0%| F|  |TAMS 0x0000000084900000, 0x0000000084900000| Untracked 
|  44|0x0000000084a00000, 0x0000000084b00000, 0x0000000084b00000|100%| S|CS|TAMS 0x0000000084a00000, 0x0000000084a00000| Complete 
|  45|0x0000000084b00000, 0x0000000084c00000, 0x0000000084c00000|100%| S|CS|TAMS 0x0000000084b00000, 0x0000000084b00000| Complete 
|  46|0x0000000084c00000, 0x0000000084c00000, 0x0000000084d00000|  0%| F|  |TAMS 0x0000000084c00000, 0x0000000084c00000| Untracked 
|  47|0x0000000084d00000, 0x0000000084d00000, 0x0000000084e00000|  0%| F|  |TAMS 0x0000000084d00000, 0x0000000084d00000| Untracked 
|  48|0x0000000084e00000, 0x0000000084e00000, 0x0000000084f00000|  0%| F|  |TAMS 0x0000000084e00000, 0x0000000084e00000| Untracked 
|  49|0x0000000084f00000, 0x0000000085000000, 0x0000000085000000|100%| S|CS|TAMS 0x0000000084f00000, 0x0000000084f00000| Complete 
|  50|0x0000000085000000, 0x0000000085100000, 0x0000000085100000|100%| S|CS|TAMS 0x0000000085000000, 0x0000000085000000| Complete 
|  51|0x0000000085100000, 0x0000000085200000, 0x0000000085200000|100%| S|CS|TAMS 0x0000000085100000, 0x0000000085100000| Complete 
|  52|0x0000000085200000, 0x0000000085200000, 0x0000000085300000|  0%| F|  |TAMS 0x0000000085200000, 0x0000000085200000| Untracked 
|  53|0x0000000085300000, 0x0000000085300000, 0x0000000085400000|  0%| F|  |TAMS 0x0000000085300000, 0x0000000085300000| Untracked 
|  54|0x0000000085400000, 0x0000000085400000, 0x0000000085500000|  0%| F|  |TAMS 0x0000000085400000, 0x0000000085400000| Untracked 
|  55|0x0000000085500000, 0x0000000085500000, 0x0000000085600000|  0%| F|  |TAMS 0x0000000085500000, 0x0000000085500000| Untracked 
|  56|0x0000000085600000, 0x0000000085600000, 0x0000000085700000|  0%| F|  |TAMS 0x0000000085600000, 0x0000000085600000| Untracked 
|  57|0x0000000085700000, 0x0000000085700000, 0x0000000085800000|  0%| F|  |TAMS 0x0000000085700000, 0x0000000085700000| Untracked 
|  58|0x0000000085800000, 0x0000000085800000, 0x0000000085900000|  0%| F|  |TAMS 0x0000000085800000, 0x0000000085800000| Untracked 
|  59|0x0000000085900000, 0x0000000085900000, 0x0000000085a00000|  0%| F|  |TAMS 0x0000000085900000, 0x0000000085900000| Untracked 
|  60|0x0000000085a00000, 0x0000000085a00000, 0x0000000085b00000|  0%| F|  |TAMS 0x0000000085a00000, 0x0000000085a00000| Untracked 
|  61|0x0000000085b00000, 0x0000000085b00000, 0x0000000085c00000|  0%| F|  |TAMS 0x0000000085b00000, 0x0000000085b00000| Untracked 
|  62|0x0000000085c00000, 0x0000000085c00000, 0x0000000085d00000|  0%| F|  |TAMS 0x0000000085c00000, 0x0000000085c00000| Untracked 
|  63|0x0000000085d00000, 0x0000000085d00000, 0x0000000085e00000|  0%| F|  |TAMS 0x0000000085d00000, 0x0000000085d00000| Untracked 
|  64|0x0000000085e00000, 0x0000000085e00000, 0x0000000085f00000|  0%| F|  |TAMS 0x0000000085e00000, 0x0000000085e00000| Untracked 
|  65|0x0000000085f00000, 0x0000000085f00000, 0x0000000086000000|  0%| F|  |TAMS 0x0000000085f00000, 0x0000000085f00000| Untracked 
|  66|0x0000000086000000, 0x0000000086000000, 0x0000000086100000|  0%| F|  |TAMS 0x0000000086000000, 0x0000000086000000| Untracked 
|  67|0x0000000086100000, 0x0000000086100000, 0x0000000086200000|  0%| F|  |TAMS 0x0000000086100000, 0x0000000086100000| Untracked 
|  68|0x0000000086200000, 0x0000000086200000, 0x0000000086300000|  0%| F|  |TAMS 0x0000000086200000, 0x0000000086200000| Untracked 
|  69|0x0000000086300000, 0x0000000086300000, 0x0000000086400000|  0%| F|  |TAMS 0x0000000086300000, 0x0000000086300000| Untracked 
|  70|0x0000000086400000, 0x0000000086400000, 0x0000000086500000|  0%| F|  |TAMS 0x0000000086400000, 0x0000000086400000| Untracked 
|  71|0x0000000086500000, 0x0000000086500000, 0x0000000086600000|  0%| F|  |TAMS 0x0000000086500000, 0x0000000086500000| Untracked 
|  72|0x0000000086600000, 0x0000000086600000, 0x0000000086700000|  0%| F|  |TAMS 0x0000000086600000, 0x0000000086600000| Untracked 
|  73|0x0000000086700000, 0x0000000086700000, 0x0000000086800000|  0%| F|  |TAMS 0x0000000086700000, 0x0000000086700000| Untracked 
|  74|0x0000000086800000, 0x0000000086800000, 0x0000000086900000|  0%| F|  |TAMS 0x0000000086800000, 0x0000000086800000| Untracked 
|  75|0x0000000086900000, 0x0000000086900000, 0x0000000086a00000|  0%| F|  |TAMS 0x0000000086900000, 0x0000000086900000| Untracked 
|  76|0x0000000086a00000, 0x0000000086a00000, 0x0000000086b00000|  0%| F|  |TAMS 0x0000000086a00000, 0x0000000086a00000| Untracked 
|  77|0x0000000086b00000, 0x0000000086b00000, 0x0000000086c00000|  0%| F|  |TAMS 0x0000000086b00000, 0x0000000086b00000| Untracked 
|  78|0x0000000086c00000, 0x0000000086c00000, 0x0000000086d00000|  0%| F|  |TAMS 0x0000000086c00000, 0x0000000086c00000| Untracked 
|  79|0x0000000086d00000, 0x0000000086d00000, 0x0000000086e00000|  0%| F|  |TAMS 0x0000000086d00000, 0x0000000086d00000| Untracked 
|  80|0x0000000086e00000, 0x0000000086e00000, 0x0000000086f00000|  0%| F|  |TAMS 0x0000000086e00000, 0x0000000086e00000| Untracked 
|  81|0x0000000086f00000, 0x0000000086f00000, 0x0000000087000000|  0%| F|  |TAMS 0x0000000086f00000, 0x0000000086f00000| Untracked 
|  82|0x0000000087000000, 0x0000000087000000, 0x0000000087100000|  0%| F|  |TAMS 0x0000000087000000, 0x0000000087000000| Untracked 
|  83|0x0000000087100000, 0x0000000087100000, 0x0000000087200000|  0%| F|  |TAMS 0x0000000087100000, 0x0000000087100000| Untracked 
|  84|0x0000000087200000, 0x0000000087200000, 0x0000000087300000|  0%| F|  |TAMS 0x0000000087200000, 0x0000000087200000| Untracked 
|  85|0x0000000087300000, 0x0000000087300000, 0x0000000087400000|  0%| F|  |TAMS 0x0000000087300000, 0x0000000087300000| Untracked 
|  86|0x0000000087400000, 0x0000000087400000, 0x0000000087500000|  0%| F|  |TAMS 0x0000000087400000, 0x0000000087400000| Untracked 
|  87|0x0000000087500000, 0x0000000087500000, 0x0000000087600000|  0%| F|  |TAMS 0x0000000087500000, 0x0000000087500000| Untracked 
|  88|0x0000000087600000, 0x0000000087600000, 0x0000000087700000|  0%| F|  |TAMS 0x0000000087600000, 0x0000000087600000| Untracked 
|  89|0x0000000087700000, 0x0000000087700000, 0x0000000087800000|  0%| F|  |TAMS 0x0000000087700000, 0x0000000087700000| Untracked 
|  90|0x0000000087800000, 0x0000000087800000, 0x0000000087900000|  0%| F|  |TAMS 0x0000000087800000, 0x0000000087800000| Untracked 
|  91|0x0000000087900000, 0x0000000087900000, 0x0000000087a00000|  0%| F|  |TAMS 0x0000000087900000, 0x0000000087900000| Untracked 
|  92|0x0000000087a00000, 0x0000000087a00000, 0x0000000087b00000|  0%| F|  |TAMS 0x0000000087a00000, 0x0000000087a00000| Untracked 
|  93|0x0000000087b00000, 0x0000000087b00000, 0x0000000087c00000|  0%| F|  |TAMS 0x0000000087b00000, 0x0000000087b00000| Untracked 
|  94|0x0000000087c00000, 0x0000000087c00000, 0x0000000087d00000|  0%| F|  |TAMS 0x0000000087c00000, 0x0000000087c00000| Untracked 
|  95|0x0000000087d00000, 0x0000000087d00000, 0x0000000087e00000|  0%| F|  |TAMS 0x0000000087d00000, 0x0000000087d00000| Untracked 
|  96|0x0000000087e00000, 0x0000000087e00000, 0x0000000087f00000|  0%| F|  |TAMS 0x0000000087e00000, 0x0000000087e00000| Untracked 
|  97|0x0000000087f00000, 0x0000000087f00000, 0x0000000088000000|  0%| F|  |TAMS 0x0000000087f00000, 0x0000000087f00000| Untracked 
|  98|0x0000000088000000, 0x0000000088000000, 0x0000000088100000|  0%| F|  |TAMS 0x0000000088000000, 0x0000000088000000| Untracked 
|  99|0x0000000088100000, 0x0000000088100000, 0x0000000088200000|  0%| F|  |TAMS 0x0000000088100000, 0x0000000088100000| Untracked 
| 100|0x0000000088200000, 0x0000000088200000, 0x0000000088300000|  0%| F|  |TAMS 0x0000000088200000, 0x0000000088200000| Untracked 
| 101|0x0000000088300000, 0x0000000088300000, 0x0000000088400000|  0%| F|  |TAMS 0x0000000088300000, 0x0000000088300000| Untracked 
| 102|0x0000000088400000, 0x0000000088400000, 0x0000000088500000|  0%| F|  |TAMS 0x0000000088400000, 0x0000000088400000| Untracked 
| 103|0x0000000088500000, 0x0000000088500000, 0x0000000088600000|  0%| F|  |TAMS 0x0000000088500000, 0x0000000088500000| Untracked 
| 104|0x0000000088600000, 0x0000000088600000, 0x0000000088700000|  0%| F|  |TAMS 0x0000000088600000, 0x0000000088600000| Untracked 
| 105|0x0000000088700000, 0x0000000088700000, 0x0000000088800000|  0%| F|  |TAMS 0x0000000088700000, 0x0000000088700000| Untracked 
| 106|0x0000000088800000, 0x0000000088800000, 0x0000000088900000|  0%| F|  |TAMS 0x0000000088800000, 0x0000000088800000| Untracked 
| 107|0x0000000088900000, 0x0000000088900000, 0x0000000088a00000|  0%| F|  |TAMS 0x0000000088900000, 0x0000000088900000| Untracked 
| 108|0x0000000088a00000, 0x0000000088a00000, 0x0000000088b00000|  0%| F|  |TAMS 0x0000000088a00000, 0x0000000088a00000| Untracked 
| 109|0x0000000088b00000, 0x0000000088b00000, 0x0000000088c00000|  0%| F|  |TAMS 0x0000000088b00000, 0x0000000088b00000| Untracked 
| 110|0x0000000088c00000, 0x0000000088c00000, 0x0000000088d00000|  0%| F|  |TAMS 0x0000000088c00000, 0x0000000088c00000| Untracked 
| 111|0x0000000088d00000, 0x0000000088d00000, 0x0000000088e00000|  0%| F|  |TAMS 0x0000000088d00000, 0x0000000088d00000| Untracked 
| 112|0x0000000088e00000, 0x0000000088e00000, 0x0000000088f00000|  0%| F|  |TAMS 0x0000000088e00000, 0x0000000088e00000| Untracked 
| 113|0x0000000088f00000, 0x0000000088f00000, 0x0000000089000000|  0%| F|  |TAMS 0x0000000088f00000, 0x0000000088f00000| Untracked 
| 114|0x0000000089000000, 0x0000000089000000, 0x0000000089100000|  0%| F|  |TAMS 0x0000000089000000, 0x0000000089000000| Untracked 
| 115|0x0000000089100000, 0x0000000089100000, 0x0000000089200000|  0%| F|  |TAMS 0x0000000089100000, 0x0000000089100000| Untracked 
| 116|0x0000000089200000, 0x0000000089200000, 0x0000000089300000|  0%| F|  |TAMS 0x0000000089200000, 0x0000000089200000| Untracked 
| 117|0x0000000089300000, 0x0000000089300000, 0x0000000089400000|  0%| F|  |TAMS 0x0000000089300000, 0x0000000089300000| Untracked 
| 118|0x0000000089400000, 0x0000000089400000, 0x0000000089500000|  0%| F|  |TAMS 0x0000000089400000, 0x0000000089400000| Untracked 
| 119|0x0000000089500000, 0x0000000089500000, 0x0000000089600000|  0%| F|  |TAMS 0x0000000089500000, 0x0000000089500000| Untracked 
| 120|0x0000000089600000, 0x0000000089600000, 0x0000000089700000|  0%| F|  |TAMS 0x0000000089600000, 0x0000000089600000| Untracked 
| 121|0x0000000089700000, 0x0000000089700000, 0x0000000089800000|  0%| F|  |TAMS 0x0000000089700000, 0x0000000089700000| Untracked 
| 122|0x0000000089800000, 0x0000000089800000, 0x0000000089900000|  0%| F|  |TAMS 0x0000000089800000, 0x0000000089800000| Untracked 
| 123|0x0000000089900000, 0x0000000089900000, 0x0000000089a00000|  0%| F|  |TAMS 0x0000000089900000, 0x0000000089900000| Untracked 
| 124|0x0000000089a00000, 0x0000000089a00000, 0x0000000089b00000|  0%| F|  |TAMS 0x0000000089a00000, 0x0000000089a00000| Untracked 
| 125|0x0000000089b00000, 0x0000000089b00000, 0x0000000089c00000|  0%| F|  |TAMS 0x0000000089b00000, 0x0000000089b00000| Untracked 
| 126|0x0000000089c00000, 0x0000000089c00000, 0x0000000089d00000|  0%| F|  |TAMS 0x0000000089c00000, 0x0000000089c00000| Untracked 
| 127|0x0000000089d00000, 0x0000000089d00000, 0x0000000089e00000|  0%| F|  |TAMS 0x0000000089d00000, 0x0000000089d00000| Untracked 
| 128|0x0000000089e00000, 0x0000000089e00000, 0x0000000089f00000|  0%| F|  |TAMS 0x0000000089e00000, 0x0000000089e00000| Untracked 
| 129|0x0000000089f00000, 0x0000000089f00000, 0x000000008a000000|  0%| F|  |TAMS 0x0000000089f00000, 0x0000000089f00000| Untracked 
| 130|0x000000008a000000, 0x000000008a000000, 0x000000008a100000|  0%| F|  |TAMS 0x000000008a000000, 0x000000008a000000| Untracked 
| 131|0x000000008a100000, 0x000000008a100000, 0x000000008a200000|  0%| F|  |TAMS 0x000000008a100000, 0x000000008a100000| Untracked 
| 132|0x000000008a200000, 0x000000008a200000, 0x000000008a300000|  0%| F|  |TAMS 0x000000008a200000, 0x000000008a200000| Untracked 
| 133|0x000000008a300000, 0x000000008a300000, 0x000000008a400000|  0%| F|  |TAMS 0x000000008a300000, 0x000000008a300000| Untracked 
| 134|0x000000008a400000, 0x000000008a400000, 0x000000008a500000|  0%| F|  |TAMS 0x000000008a400000, 0x000000008a400000| Untracked 
| 135|0x000000008a500000, 0x000000008a500000, 0x000000008a600000|  0%| F|  |TAMS 0x000000008a500000, 0x000000008a500000| Untracked 
| 136|0x000000008a600000, 0x000000008a600000, 0x000000008a700000|  0%| F|  |TAMS 0x000000008a600000, 0x000000008a600000| Untracked 
| 137|0x000000008a700000, 0x000000008a700000, 0x000000008a800000|  0%| F|  |TAMS 0x000000008a700000, 0x000000008a700000| Untracked 
| 138|0x000000008a800000, 0x000000008a800000, 0x000000008a900000|  0%| F|  |TAMS 0x000000008a800000, 0x000000008a800000| Untracked 
| 139|0x000000008a900000, 0x000000008a900000, 0x000000008aa00000|  0%| F|  |TAMS 0x000000008a900000, 0x000000008a900000| Untracked 
| 140|0x000000008aa00000, 0x000000008aa00000, 0x000000008ab00000|  0%| F|  |TAMS 0x000000008aa00000, 0x000000008aa00000| Untracked 
| 141|0x000000008ab00000, 0x000000008ab00000, 0x000000008ac00000|  0%| F|  |TAMS 0x000000008ab00000, 0x000000008ab00000| Untracked 
| 142|0x000000008ac00000, 0x000000008ac00000, 0x000000008ad00000|  0%| F|  |TAMS 0x000000008ac00000, 0x000000008ac00000| Untracked 
| 143|0x000000008ad00000, 0x000000008ad00000, 0x000000008ae00000|  0%| F|  |TAMS 0x000000008ad00000, 0x000000008ad00000| Untracked 
| 144|0x000000008ae00000, 0x000000008ae00000, 0x000000008af00000|  0%| F|  |TAMS 0x000000008ae00000, 0x000000008ae00000| Untracked 
| 145|0x000000008af00000, 0x000000008af00000, 0x000000008b000000|  0%| F|  |TAMS 0x000000008af00000, 0x000000008af00000| Untracked 
| 146|0x000000008b000000, 0x000000008b000000, 0x000000008b100000|  0%| F|  |TAMS 0x000000008b000000, 0x000000008b000000| Untracked 
| 147|0x000000008b100000, 0x000000008b100000, 0x000000008b200000|  0%| F|  |TAMS 0x000000008b100000, 0x000000008b100000| Untracked 
| 148|0x000000008b200000, 0x000000008b200000, 0x000000008b300000|  0%| F|  |TAMS 0x000000008b200000, 0x000000008b200000| Untracked 
| 149|0x000000008b300000, 0x000000008b300000, 0x000000008b400000|  0%| F|  |TAMS 0x000000008b300000, 0x000000008b300000| Untracked 
| 150|0x000000008b400000, 0x000000008b400000, 0x000000008b500000|  0%| F|  |TAMS 0x000000008b400000, 0x000000008b400000| Untracked 
| 151|0x000000008b500000, 0x000000008b500000, 0x000000008b600000|  0%| F|  |TAMS 0x000000008b500000, 0x000000008b500000| Untracked 
| 152|0x000000008b600000, 0x000000008b600000, 0x000000008b700000|  0%| F|  |TAMS 0x000000008b600000, 0x000000008b600000| Untracked 
| 153|0x000000008b700000, 0x000000008b700000, 0x000000008b800000|  0%| F|  |TAMS 0x000000008b700000, 0x000000008b700000| Untracked 
| 154|0x000000008b800000, 0x000000008b800000, 0x000000008b900000|  0%| F|  |TAMS 0x000000008b800000, 0x000000008b800000| Untracked 
| 155|0x000000008b900000, 0x000000008b900000, 0x000000008ba00000|  0%| F|  |TAMS 0x000000008b900000, 0x000000008b900000| Untracked 
| 156|0x000000008ba00000, 0x000000008ba00000, 0x000000008bb00000|  0%| F|  |TAMS 0x000000008ba00000, 0x000000008ba00000| Untracked 
| 196|0x000000008e200000, 0x000000008e200000, 0x000000008e300000|  0%| F|  |TAMS 0x000000008e200000, 0x000000008e200000| Untracked 

Card table byte_map: [0x000001af0b430000,0x000001af0b830000] _byte_map_base: 0x000001af0b021000

Marking Bits (Prev, Next): (CMBitMap*) 0x000001af00874d40, (CMBitMap*) 0x000001af00874d00
 Prev Bits: [0x000001af0dbc0000, 0x000001af0fb48000)
 Next Bits: [0x000001af0bc30000, 0x000001af0dbb8000)

Polling page: 0x000001af00000000

Metaspace:

Usage:
  Non-class:     51.70 MB used.
      Class:      9.19 MB used.
       Both:     60.89 MB used.

Virtual space:
  Non-class space:       56.00 MB reserved,      52.06 MB ( 93%) committed,  7 nodes.
      Class space:        1.00 GB reserved,       9.44 MB ( <1%) committed,  1 nodes.
             Both:        1.05 GB reserved,      61.50 MB (  6%) committed. 

Chunk freelists:
   Non-Class:  3.30 MB
       Class:  2.53 MB
        Both:  5.83 MB

MaxMetaspaceSize: unlimited
CompressedClassSpaceSize: 1.00 GB
Initial GC threshold: 21.00 MB
Current GC threshold: 92.94 MB
CDS: on
MetaspaceReclaimPolicy: balanced
 - commit_granule_bytes: 65536.
 - commit_granule_words: 8192.
 - virtual_space_node_default_size: 1048576.
 - enlarge_chunks_in_place: 1.
 - new_chunks_are_fully_committed: 0.
 - uncommit_free_chunks: 1.
 - use_allocation_guard: 0.
 - handle_deallocations: 1.


Internal statistics:

num_allocs_failed_limit: 9.
num_arena_births: 744.
num_arena_deaths: 0.
num_vsnodes_births: 8.
num_vsnodes_deaths: 0.
num_space_committed: 984.
num_space_uncommitted: 0.
num_chunks_returned_to_freelist: 9.
num_chunks_taken_from_freelist: 3077.
num_chunk_merges: 9.
num_chunk_splits: 2266.
num_chunks_enlarged: 1815.
num_purges: 0.
num_inconsistent_stats: 0.

CodeCache: size=49152Kb used=11202Kb max_used=11202Kb free=37949Kb
 bounds [0x000001af08030000, 0x000001af08b30000, 0x000001af0b030000]
 total_blobs=6454 nmethods=5809 adapters=570
 compilation: enabled
              stopped_count=0, restarted_count=0
 full_count=0

Compilation events (20 events):
Event: 8.675 Thread 0x000001af12961c20 5801       1       org.antlr.v4.runtime.misc.Interval::adjacent (32 bytes)
Event: 8.675 Thread 0x000001af11ec4aa0 nmethod 5800 0x000001af08b1d510 code [0x000001af08b1d6a0, 0x000001af08b1d858]
Event: 8.675 Thread 0x000001af12961c20 nmethod 5801 0x000001af08b1d910 code [0x000001af08b1daa0, 0x000001af08b1db98]
Event: 8.675 Thread 0x000001af11ec4aa0 5802       1       org.antlr.v4.runtime.misc.Interval::disjoint (22 bytes)
Event: 8.675 Thread 0x000001af12961c20 5803       1       org.antlr.v4.runtime.misc.Interval::startsAfterDisjoint (17 bytes)
Event: 8.675 Thread 0x000001af12961c20 nmethod 5803 0x000001af08b1dc10 code [0x000001af08b1dda0, 0x000001af08b1de78]
Event: 8.676 Thread 0x000001af11ec4aa0 nmethod 5802 0x000001af08b1df10 code [0x000001af08b1e0a0, 0x000001af08b1e1d8]
Event: 8.676 Thread 0x000001af12966200 nmethod 5797 0x000001af08b1e290 code [0x000001af08b1e540, 0x000001af08b1ecc8]
Event: 8.680 Thread 0x000001af12966200 5804       1       org.antlr.v4.runtime.atn.LexerATNConfig::<init> (21 bytes)
Event: 8.680 Thread 0x000001af12966200 nmethod 5804 0x000001af08b1f090 code [0x000001af08b1f220, 0x000001af08b1f438]
Event: 8.693 Thread 0x000001af12961c20 5805       1       org.antlr.v4.runtime.atn.ATNConfigSet::setReadonly (11 bytes)
Event: 8.693 Thread 0x000001af12961c20 nmethod 5805 0x000001af08b1f490 code [0x000001af08b1f620, 0x000001af08b1f718]
Event: 8.698 Thread 0x000001af12966200 5806       1       org.antlr.v4.runtime.atn.ATNConfigSet::isEmpty (8 bytes)
Event: 8.698 Thread 0x000001af12966200 nmethod 5806 0x000001af08b1f790 code [0x000001af08b1f920, 0x000001af08b1fa18]
Event: 8.706 Thread 0x000001af12961c20 5807       1       org.antlr.v4.runtime.atn.PredictionMode::hasConflictingAltSet (41 bytes)
Event: 8.706 Thread 0x000001af12961c20 nmethod 5807 0x000001af08b1fb10 code [0x000001af08b1fce0, 0x000001af08b1ff38]
Event: 8.708 Thread 0x000001af11ec4aa0 5808       1       org.antlr.v4.runtime.atn.LexerATNSimulator::consume (49 bytes)
Event: 8.708 Thread 0x000001af12966200 5809       1       org.antlr.v4.runtime.CodePointCharStream::consume (56 bytes)
Event: 8.709 Thread 0x000001af12966200 nmethod 5809 0x000001af08b20110 code [0x000001af08b202a0, 0x000001af08b20408]
Event: 8.709 Thread 0x000001af11ec4aa0 nmethod 5808 0x000001af08b20490 code [0x000001af08b20640, 0x000001af08b207f8]

GC Heap History (20 events):
Event: 4.426 GC heap after
{Heap after GC invocations=12 (full 0):
 garbage-first heap   total 61440K, used 20175K [0x0000000081e00000, 0x0000000100000000)
  region size 1024K, 2 young (2048K), 2 survivors (2048K)
 Metaspace       used 28503K, committed 28928K, reserved 1081344K
  class space    used 4088K, committed 4288K, reserved 1048576K
}
Event: 4.430 GC heap before
{Heap before GC invocations=12 (full 0):
 garbage-first heap   total 61440K, used 47823K [0x0000000081e00000, 0x0000000100000000)
  region size 1024K, 30 young (30720K), 2 survivors (2048K)
 Metaspace       used 28503K, committed 28928K, reserved 1081344K
  class space    used 4088K, committed 4288K, reserved 1048576K
}
Event: 4.433 GC heap after
{Heap after GC invocations=13 (full 0):
 garbage-first heap   total 61440K, used 20342K [0x0000000081e00000, 0x0000000100000000)
  region size 1024K, 3 young (3072K), 3 survivors (3072K)
 Metaspace       used 28503K, committed 28928K, reserved 1081344K
  class space    used 4088K, committed 4288K, reserved 1048576K
}
Event: 4.438 GC heap before
{Heap before GC invocations=13 (full 0):
 garbage-first heap   total 61440K, used 47990K [0x0000000081e00000, 0x0000000100000000)
  region size 1024K, 31 young (31744K), 3 survivors (3072K)
 Metaspace       used 28503K, committed 28928K, reserved 1081344K
  class space    used 4088K, committed 4288K, reserved 1048576K
}
Event: 4.441 GC heap after
{Heap after GC invocations=14 (full 0):
 garbage-first heap   total 156672K, used 20270K [0x0000000081e00000, 0x0000000100000000)
  region size 1024K, 3 young (3072K), 3 survivors (3072K)
 Metaspace       used 28503K, committed 28928K, reserved 1081344K
  class space    used 4088K, committed 4288K, reserved 1048576K
}
Event: 5.176 GC heap before
{Heap before GC invocations=14 (full 0):
 garbage-first heap   total 156672K, used 109358K [0x0000000081e00000, 0x0000000100000000)
  region size 1024K, 91 young (93184K), 3 survivors (3072K)
 Metaspace       used 33632K, committed 34112K, reserved 1081344K
  class space    used 4831K, committed 5056K, reserved 1048576K
}
Event: 5.183 GC heap after
{Heap after GC invocations=15 (full 0):
 garbage-first heap   total 156672K, used 21771K [0x0000000081e00000, 0x0000000100000000)
  region size 1024K, 4 young (4096K), 4 survivors (4096K)
 Metaspace       used 33632K, committed 34112K, reserved 1081344K
  class space    used 4831K, committed 5056K, reserved 1048576K
}
Event: 5.379 GC heap before
{Heap before GC invocations=15 (full 0):
 garbage-first heap   total 156672K, used 30987K [0x0000000081e00000, 0x0000000100000000)
  region size 1024K, 14 young (14336K), 4 survivors (4096K)
 Metaspace       used 35685K, committed 36160K, reserved 1081344K
  class space    used 5199K, committed 5440K, reserved 1048576K
}
Event: 5.384 GC heap after
{Heap after GC invocations=16 (full 0):
 garbage-first heap   total 156672K, used 22378K [0x0000000081e00000, 0x0000000100000000)
  region size 1024K, 5 young (5120K), 5 survivors (5120K)
 Metaspace       used 35685K, committed 36160K, reserved 1081344K
  class space    used 5199K, committed 5440K, reserved 1048576K
}
Event: 6.645 GC heap before
{Heap before GC invocations=17 (full 0):
 garbage-first heap   total 86016K, used 68458K [0x0000000081e00000, 0x0000000100000000)
  region size 1024K, 50 young (51200K), 5 survivors (5120K)
 Metaspace       used 45937K, committed 46400K, reserved 1089536K
  class space    used 6589K, committed 6784K, reserved 1048576K
}
Event: 6.653 GC heap after
{Heap after GC invocations=18 (full 0):
 garbage-first heap   total 86016K, used 25289K [0x0000000081e00000, 0x0000000100000000)
  region size 1024K, 6 young (6144K), 6 survivors (6144K)
 Metaspace       used 45937K, committed 46400K, reserved 1089536K
  class space    used 6589K, committed 6784K, reserved 1048576K
}
Event: 6.723 GC heap before
{Heap before GC invocations=18 (full 0):
 garbage-first heap   total 86016K, used 27337K [0x0000000081e00000, 0x0000000100000000)
  region size 1024K, 9 young (9216K), 6 survivors (6144K)
 Metaspace       used 47181K, committed 47616K, reserved 1097728K
  class space    used 6797K, committed 6976K, reserved 1048576K
}
Event: 6.729 GC heap after
{Heap after GC invocations=19 (full 0):
 garbage-first heap   total 86016K, used 25156K [0x0000000081e00000, 0x0000000100000000)
  region size 1024K, 1 young (1024K), 1 survivors (1024K)
 Metaspace       used 47181K, committed 47616K, reserved 1097728K
  class space    used 6797K, committed 6976K, reserved 1048576K
}
Event: 7.812 GC heap before
{Heap before GC invocations=19 (full 0):
 garbage-first heap   total 86016K, used 70212K [0x0000000081e00000, 0x0000000100000000)
  region size 1024K, 45 young (46080K), 1 survivors (1024K)
 Metaspace       used 56069K, committed 56640K, reserved 1097728K
  class space    used 8169K, committed 8448K, reserved 1048576K
}
Event: 7.817 GC heap after
{Heap after GC invocations=20 (full 0):
 garbage-first heap   total 86016K, used 26625K [0x0000000081e00000, 0x0000000100000000)
  region size 1024K, 3 young (3072K), 3 survivors (3072K)
 Metaspace       used 56069K, committed 56640K, reserved 1097728K
  class space    used 8169K, committed 8448K, reserved 1048576K
}
Event: 8.417 GC heap before
{Heap before GC invocations=21 (full 0):
 garbage-first heap   total 86016K, used 69633K [0x0000000081e00000, 0x0000000100000000)
  region size 1024K, 45 young (46080K), 3 survivors (3072K)
 Metaspace       used 60590K, committed 61184K, reserved 1105920K
  class space    used 9032K, committed 9280K, reserved 1048576K
}
Event: 8.427 GC heap after
{Heap after GC invocations=22 (full 0):
 garbage-first heap   total 86016K, used 32027K [0x0000000081e00000, 0x0000000100000000)
  region size 1024K, 6 young (6144K), 6 survivors (6144K)
 Metaspace       used 60590K, committed 61184K, reserved 1105920K
  class space    used 9032K, committed 9280K, reserved 1048576K
}
Event: 8.535 GC heap before
{Heap before GC invocations=22 (full 0):
 garbage-first heap   total 86016K, used 67867K [0x0000000081e00000, 0x0000000100000000)
  region size 1024K, 41 young (41984K), 6 survivors (6144K)
 Metaspace       used 60598K, committed 61184K, reserved 1105920K
  class space    used 9033K, committed 9280K, reserved 1048576K
}
Event: 8.545 GC heap after
{Heap after GC invocations=23 (full 0):
 garbage-first heap   total 86016K, used 34355K [0x0000000081e00000, 0x0000000100000000)
  region size 1024K, 3 young (3072K), 3 survivors (3072K)
 Metaspace       used 60598K, committed 61184K, reserved 1105920K
  class space    used 9033K, committed 9280K, reserved 1048576K
}
Event: 8.720 GC heap before
{Heap before GC invocations=23 (full 0):
 garbage-first heap   total 86016K, used 67123K [0x0000000081e00000, 0x0000000100000000)
  region size 1024K, 35 young (35840K), 3 survivors (3072K)
 Metaspace       used 62349K, committed 62976K, reserved 1105920K
  class space    used 9411K, committed 9664K, reserved 1048576K
}

Deoptimization events (12 events):
Event: 0.593 Thread 0x000001af0082b4b0 DEOPT PACKING pc=0x000001af083609f5 sp=0x00000004dc0fd9c0
Event: 0.593 Thread 0x000001af0082b4b0 DEOPT UNPACKING pc=0x000001af08082b43 sp=0x00000004dc0fce30 mode 3
Event: 1.760 Thread 0x000001af13104400 DEOPT PACKING pc=0x000001af08506619 sp=0x00000004dd8fc7c0
Event: 1.760 Thread 0x000001af13104400 DEOPT UNPACKING pc=0x000001af08082b43 sp=0x00000004dd8fbca0 mode 3
Event: 2.036 Thread 0x000001af13104400 DEOPT PACKING pc=0x000001af08562dd5 sp=0x00000004dd8fcc90
Event: 2.036 Thread 0x000001af13104400 DEOPT UNPACKING pc=0x000001af08082b43 sp=0x00000004dd8fc138 mode 3
Event: 2.230 Thread 0x000001af13104400 DEOPT PACKING pc=0x000001af084e7dad sp=0x00000004dd8fd7c0
Event: 2.230 Thread 0x000001af13104400 DEOPT UNPACKING pc=0x000001af08082b43 sp=0x00000004dd8fcd20 mode 3
Event: 3.780 Thread 0x000001af13104400 DEOPT PACKING pc=0x000001af087adc40 sp=0x00000004dd8fc390
Event: 3.780 Thread 0x000001af13104400 DEOPT UNPACKING pc=0x000001af08082b43 sp=0x00000004dd8fb800 mode 3
Event: 4.376 Thread 0x000001af13104400 DEOPT PACKING pc=0x000001af0884cc1d sp=0x00000004dd8fc8e0
Event: 4.376 Thread 0x000001af13104400 DEOPT UNPACKING pc=0x000001af08082b43 sp=0x00000004dd8fbe48 mode 3

Classes unloaded (0 events):
No events

Classes redefined (0 events):
No events

Internal exceptions (20 events):
Event: 7.356 Thread 0x000001af13104400 Exception <a 'java/lang/NoSuchMethodError'{0x00000000854e9858}: 'java.lang.Object java.lang.invoke.DirectMethodHandle$Holder.invokeSpecial(java.lang.Object, java.lang.Object, java.lang.Object, java.lang.Object, java.lang.Object, java.lang.Object, java.lang.Object, java.lang.Object, java.lang.Object, java.lang.Object, java.lang.Object, java.lang.Object, java.lang.Object)'> (0x00000000854e9858) 
thrown [t:\workspace\open\src\hotspot\share\interpreter\linkResolver.cpp, line 766]
Event: 7.356 Thread 0x000001af13104400 Exception <a 'java/lang/NoSuchMethodError'{0x00000000854eeb28}: 'java.lang.Object java.lang.invoke.Invokers$Holder.linkToTargetMethod(java.lang.Object, java.lang.Object, java.lang.Object, java.lang.Object, java.lang.Object, java.lang.Object, java.lang.Object, java.lang.Object, java.lang.Object, java.lang.Object, java.lang.Object, java.lang.Object)'> (0x00000000854eeb28) 
thrown [t:\workspace\open\src\hotspot\share\interpreter\linkResolver.cpp, line 766]
Event: 7.386 Thread 0x000001af13104400 Exception <a 'java/lang/IncompatibleClassChangeError'{0x000000008528c2d0}: Found class java.lang.Object, but interface was expected> (0x000000008528c2d0) 
thrown [t:\workspace\open\src\hotspot\share\interpreter\linkResolver.cpp, line 833]
Event: 7.396 Thread 0x000001af13104400 Exception <a 'java/lang/NoSuchMethodError'{0x00000000851178c8}: 'java.lang.Object java.lang.invoke.DirectMethodHandle$Holder.newInvokeSpecial(java.lang.Object, java.lang.Object, int, java.lang.Object, int, java.lang.Object, java.lang.Object)'> (0x00000000851178c8) 
thrown [t:\workspace\open\src\hotspot\share\interpreter\linkResolver.cpp, line 766]
Event: 7.402 Thread 0x000001af13104400 Exception <a 'java/lang/NoSuchMethodError'{0x0000000085171e48}: 'java.lang.Object java.lang.invoke.DirectMethodHandle$Holder.newInvokeSpecial(java.lang.Object, java.lang.Object, java.lang.Object, java.lang.Object, java.lang.Object, java.lang.Object, java.lang.Object, int)'> (0x0000000085171e48) 
thrown [t:\workspace\open\src\hotspot\share\interpreter\linkResolver.cpp, line 766]
Event: 7.402 Thread 0x000001af13104400 Exception <a 'java/lang/NoSuchMethodError'{0x0000000085177638}: 'java.lang.Object java.lang.invoke.DirectMethodHandle$Holder.invokeSpecial(java.lang.Object, java.lang.Object, java.lang.Object, java.lang.Object, java.lang.Object, java.lang.Object, java.lang.Object, java.lang.Object, int)'> (0x0000000085177638) 
thrown [t:\workspace\open\src\hotspot\share\interpreter\linkResolver.cpp, line 766]
Event: 7.402 Thread 0x000001af13104400 Exception <a 'java/lang/NoSuchMethodError'{0x000000008517c8f8}: 'java.lang.Object java.lang.invoke.Invokers$Holder.linkToTargetMethod(java.lang.Object, java.lang.Object, java.lang.Object, java.lang.Object, java.lang.Object, java.lang.Object, int, java.lang.Object)'> (0x000000008517c8f8) 
thrown [t:\workspace\open\src\hotspot\share\interpreter\linkResolver.cpp, line 766]
Event: 7.646 Thread 0x000001af13104400 Exception <a 'java/lang/NoSuchMethodError'{0x0000000084a32b60}: 'java.lang.Object java.lang.invoke.DirectMethodHandle$Holder.invokeSpecial(java.lang.Object, java.lang.Object, int, java.lang.Object, int)'> (0x0000000084a32b60) 
thrown [t:\workspace\open\src\hotspot\share\interpreter\linkResolver.cpp, line 766]
Event: 7.789 Thread 0x000001af13104400 Exception <a 'java/lang/IncompatibleClassChangeError'{0x000000008468ad00}: Found class java.lang.Object, but interface was expected> (0x000000008468ad00) 
thrown [t:\workspace\open\src\hotspot\share\interpreter\linkResolver.cpp, line 833]
Event: 7.826 Thread 0x000001af13104400 Exception <a 'java/lang/IncompatibleClassChangeError'{0x000000008e24d010}: Found class java.lang.Object, but interface was expected> (0x000000008e24d010) 
thrown [t:\workspace\open\src\hotspot\share\interpreter\linkResolver.cpp, line 833]
Event: 7.985 Thread 0x000001af13104400 Exception <a 'java/lang/IncompatibleClassChangeError'{0x000000008a8064b8}: Found class java.lang.Object, but interface was expected> (0x000000008a8064b8) 
thrown [t:\workspace\open\src\hotspot\share\interpreter\linkResolver.cpp, line 833]
Event: 8.082 Thread 0x000001af13104400 Exception <a 'java/lang/reflect/InvocationTargetException'{0x0000000086615c48}> (0x0000000086615c48) 
thrown [t:\workspace\open\src\hotspot\share\runtime\reflection.cpp, line 1121]
Event: 8.093 Thread 0x000001af13104400 Exception <a 'java/lang/NoSuchMethodError'{0x0000000086696490}: 'int java.lang.invoke.DirectMethodHandle$Holder.invokeStatic(java.lang.Object, java.lang.Object, int)'> (0x0000000086696490) 
thrown [t:\workspace\open\src\hotspot\share\interpreter\linkResolver.cpp, line 766]
Event: 8.103 Thread 0x000001af13104400 Exception <a 'java/lang/IncompatibleClassChangeError'{0x00000000866e25f8}: Found class java.lang.Object, but interface was expected> (0x00000000866e25f8) 
thrown [t:\workspace\open\src\hotspot\share\interpreter\linkResolver.cpp, line 833]
Event: 8.104 Thread 0x000001af13104400 Exception <a 'java/lang/IncompatibleClassChangeError'{0x00000000866e9140}: Found class java.lang.Object, but interface was expected> (0x00000000866e9140) 
thrown [t:\workspace\open\src\hotspot\share\interpreter\linkResolver.cpp, line 833]
Event: 8.156 Thread 0x000001af13104400 Exception <a 'java/lang/NoSuchMethodError'{0x00000000864cc458}: 'java.lang.Object java.lang.invoke.DirectMethodHandle$Holder.invokeStatic(java.lang.Object, int, java.lang.Object)'> (0x00000000864cc458) 
thrown [t:\workspace\open\src\hotspot\share\interpreter\linkResolver.cpp, line 766]
Event: 8.161 Thread 0x000001af13104400 Exception <a 'java/lang/reflect/InvocationTargetException'{0x0000000086305000}> (0x0000000086305000) 
thrown [t:\workspace\open\src\hotspot\share\runtime\reflection.cpp, line 1121]
Event: 8.165 Thread 0x000001af13104400 Exception <a 'java/lang/reflect/InvocationTargetException'{0x0000000086321330}> (0x0000000086321330) 
thrown [t:\workspace\open\src\hotspot\share\runtime\reflection.cpp, line 1121]
Event: 8.166 Thread 0x000001af13104400 Exception <a 'java/lang/reflect/InvocationTargetException'{0x000000008632b2a0}> (0x000000008632b2a0) 
thrown [t:\workspace\open\src\hotspot\share\runtime\reflection.cpp, line 1121]
Event: 8.172 Thread 0x000001af13104400 Exception <a 'java/lang/reflect/InvocationTargetException'{0x0000000086380340}> (0x0000000086380340) 
thrown [t:\workspace\open\src\hotspot\share\runtime\reflection.cpp, line 1121]

VM Operations (20 events):
Event: 7.817 Executing VM operation: G1CollectForAllocation done
Event: 7.879 Executing VM operation: G1Concurrent
Event: 7.911 Executing VM operation: G1Concurrent done
Event: 7.935 Executing VM operation: G1Concurrent
Event: 7.935 Executing VM operation: G1Concurrent done
Event: 7.998 Executing VM operation: HandshakeAllThreads
Event: 7.998 Executing VM operation: HandshakeAllThreads done
Event: 7.998 Executing VM operation: HandshakeAllThreads
Event: 7.998 Executing VM operation: HandshakeAllThreads done
Event: 8.326 Executing VM operation: HandshakeAllThreads
Event: 8.326 Executing VM operation: HandshakeAllThreads done
Event: 8.329 Executing VM operation: HandshakeAllThreads
Event: 8.329 Executing VM operation: HandshakeAllThreads done
Event: 8.394 Executing VM operation: HandshakeAllThreads
Event: 8.394 Executing VM operation: HandshakeAllThreads done
Event: 8.417 Executing VM operation: G1CollectForAllocation
Event: 8.427 Executing VM operation: G1CollectForAllocation done
Event: 8.535 Executing VM operation: G1CollectForAllocation
Event: 8.545 Executing VM operation: G1CollectForAllocation done
Event: 8.720 Executing VM operation: G1CollectForAllocation

Events (20 events):
Event: 8.101 loading class java/util/regex/Pattern$1
Event: 8.101 loading class java/util/regex/Pattern$1 done
Event: 8.133 loading class java/util/regex/Pattern$Bound
Event: 8.133 loading class java/util/regex/Pattern$Bound done
Event: 8.133 loading class java/util/regex/Pattern$SliceI
Event: 8.133 loading class java/util/regex/Pattern$SliceI done
Event: 8.134 loading class java/util/regex/Pattern$LookBehindEndNode
Event: 8.134 loading class java/util/regex/Pattern$LookBehindEndNode done
Event: 8.134 loading class java/util/regex/Pattern$NotBehind
Event: 8.134 loading class java/util/regex/Pattern$NotBehind done
Event: 8.135 loading class java/util/regex/Pattern$Neg
Event: 8.135 loading class java/util/regex/Pattern$Neg done
Event: 8.135 loading class java/util/regex/Pattern$Behind
Event: 8.135 loading class java/util/regex/Pattern$Behind done
Event: 8.196 loading class java/util/EmptyStackException
Event: 8.196 loading class java/util/EmptyStackException done
Event: 8.314 loading class java/io/InvalidClassException
Event: 8.314 loading class java/io/InvalidClassException done
Event: 8.325 loading class java/util/ArrayList$ListItr
Event: 8.325 loading class java/util/ArrayList$ListItr done


Dynamic libraries:
0x00007ff67cba0000 - 0x00007ff67cbb0000 	C:\Program Files\Java\jdk-17\bin\java.exe
0x00007ffda9490000 - 0x00007ffda9688000 	C:\Windows\SYSTEM32\ntdll.dll
0x00007ffda7560000 - 0x00007ffda7622000 	C:\Windows\System32\KERNEL32.DLL
0x00007ffda6cf0000 - 0x00007ffda6fe6000 	C:\Windows\System32\KERNELBASE.dll
0x00007ffda7020000 - 0x00007ffda7120000 	C:\Windows\System32\ucrtbase.dll
0x00007ffd8fdc0000 - 0x00007ffd8fdda000 	C:\Program Files\Java\jdk-17\bin\VCRUNTIME140.dll
0x00007ffd954b0000 - 0x00007ffd954c8000 	C:\Program Files\Java\jdk-17\bin\jli.dll
0x00007ffda7a40000 - 0x00007ffda7af1000 	C:\Windows\System32\ADVAPI32.dll
0x00007ffda8840000 - 0x00007ffda88de000 	C:\Windows\System32\msvcrt.dll
0x00007ffda8e70000 - 0x00007ffda8f0f000 	C:\Windows\System32\sechost.dll
0x00007ffda89a0000 - 0x00007ffda8ac0000 	C:\Windows\System32\RPCRT4.dll
0x00007ffda72d0000 - 0x00007ffda72f7000 	C:\Windows\System32\bcrypt.dll
0x00007ffd97ff0000 - 0x00007ffd9828b000 	C:\Windows\WinSxS\amd64_microsoft.windows.common-controls_6595b64144ccf1df_6.0.19041.6456_none_60b8a6cb71f64256\COMCTL32.dll
0x00007ffda8e40000 - 0x00007ffda8e6b000 	C:\Windows\System32\GDI32.dll
0x00007ffda7890000 - 0x00007ffda7a31000 	C:\Windows\System32\USER32.dll
0x00007ffda6ff0000 - 0x00007ffda7012000 	C:\Windows\System32\win32u.dll
0x00007ffda7390000 - 0x00007ffda74a9000 	C:\Windows\System32\gdi32full.dll
0x00007ffda6ba0000 - 0x00007ffda6c3d000 	C:\Windows\System32\msvcp_win.dll
0x00007ffd99fc0000 - 0x00007ffd99fca000 	C:\Windows\SYSTEM32\VERSION.dll
0x00007ffda9420000 - 0x00007ffda944f000 	C:\Windows\System32\IMM32.DLL
0x00007ffd954f0000 - 0x00007ffd954fc000 	C:\Program Files\Java\jdk-17\bin\vcruntime140_1.dll
0x00007ffd78f40000 - 0x00007ffd78fcd000 	C:\Program Files\Java\jdk-17\bin\msvcp140.dll
0x00007ffd69990000 - 0x00007ffd6a54e000 	C:\Program Files\Java\jdk-17\bin\server\jvm.dll
0x00007ffda8f10000 - 0x00007ffda8f18000 	C:\Windows\System32\PSAPI.DLL
0x00007ffd94fc0000 - 0x00007ffd94fc9000 	C:\Windows\SYSTEM32\WSOCK32.dll
0x00007ffda87d0000 - 0x00007ffda883b000 	C:\Windows\System32\WS2_32.dll
0x00007ffd99330000 - 0x00007ffd99357000 	C:\Windows\SYSTEM32\WINMM.dll
0x00007ffda4950000 - 0x00007ffda4962000 	C:\Windows\SYSTEM32\kernel.appcore.dll
0x00007ffd94e20000 - 0x00007ffd94e2a000 	C:\Program Files\Java\jdk-17\bin\jimage.dll
0x00007ffd96eb0000 - 0x00007ffd970b1000 	C:\Windows\SYSTEM32\DBGHELP.DLL
0x00007ffd95eb0000 - 0x00007ffd95ee4000 	C:\Windows\SYSTEM32\dbgcore.DLL
0x00007ffda7300000 - 0x00007ffda7382000 	C:\Windows\System32\bcryptPrimitives.dll
0x00007ffd89910000 - 0x00007ffd89935000 	C:\Program Files\Java\jdk-17\bin\java.dll
0x00007ffd764a0000 - 0x00007ffd76576000 	C:\Program Files\Java\jdk-17\bin\svml.dll
0x00007ffda7f20000 - 0x00007ffda8690000 	C:\Windows\System32\SHELL32.dll
0x00007ffda4b50000 - 0x00007ffda52f5000 	C:\Windows\SYSTEM32\windows.storage.dll
0x00007ffda8ac0000 - 0x00007ffda8e14000 	C:\Windows\System32\combase.dll
0x00007ffda6470000 - 0x00007ffda649b000 	C:\Windows\SYSTEM32\Wldp.dll
0x00007ffda7b60000 - 0x00007ffda7c2d000 	C:\Windows\System32\OLEAUT32.dll
0x00007ffda74b0000 - 0x00007ffda755d000 	C:\Windows\System32\SHCORE.dll
0x00007ffda88e0000 - 0x00007ffda893b000 	C:\Windows\System32\shlwapi.dll
0x00007ffda6a50000 - 0x00007ffda6a74000 	C:\Windows\SYSTEM32\profapi.dll
0x00007ffd898f0000 - 0x00007ffd89909000 	C:\Program Files\Java\jdk-17\bin\net.dll
0x00007ffd9bf30000 - 0x00007ffd9c03a000 	C:\Windows\SYSTEM32\WINHTTP.dll
0x00007ffda6250000 - 0x00007ffda62ba000 	C:\Windows\system32\mswsock.dll
0x00007ffd89850000 - 0x00007ffd89865000 	C:\Program Files\Java\jdk-17\bin\nio.dll
0x00007ffd89830000 - 0x00007ffd89848000 	C:\Program Files\Java\jdk-17\bin\zip.dll
0x00007ffda2130000 - 0x00007ffda2139000 	C:\Program Files\Java\jdk-17\bin\management.dll
0x00007ffda0170000 - 0x00007ffda017b000 	C:\Program Files\Java\jdk-17\bin\management_ext.dll
0x00007ffd8ff20000 - 0x00007ffd8ff2e000 	C:\Program Files\Java\jdk-17\bin\sunmscapi.dll
0x00007ffda7170000 - 0x00007ffda72cd000 	C:\Windows\System32\CRYPT32.dll
0x00007ffda64e0000 - 0x00007ffda6507000 	C:\Windows\SYSTEM32\ncrypt.dll
0x00007ffda64a0000 - 0x00007ffda64db000 	C:\Windows\SYSTEM32\NTASN1.dll
0x00007ffda67c0000 - 0x00007ffda67d8000 	C:\Windows\SYSTEM32\CRYPTSP.dll
0x00007ffda5b20000 - 0x00007ffda5b58000 	C:\Windows\system32\rsaenh.dll
0x00007ffda6a10000 - 0x00007ffda6a3e000 	C:\Windows\SYSTEM32\USERENV.dll
0x00007ffda63e0000 - 0x00007ffda63ec000 	C:\Windows\SYSTEM32\CRYPTBASE.dll
0x00007ffda5f00000 - 0x00007ffda5f3b000 	C:\Windows\SYSTEM32\IPHLPAPI.DLL
0x00007ffda8e20000 - 0x00007ffda8e28000 	C:\Windows\System32\NSI.dll
0x00007ffd9e6e0000 - 0x00007ffd9e6f7000 	C:\Windows\SYSTEM32\dhcpcsvc6.DLL
0x00007ffd9dc90000 - 0x00007ffd9dcad000 	C:\Windows\SYSTEM32\dhcpcsvc.DLL
0x00007ffda5f50000 - 0x00007ffda601a000 	C:\Windows\SYSTEM32\DNSAPI.dll
0x00007ffd99920000 - 0x00007ffd9992a000 	C:\Windows\System32\rasadhlp.dll
0x00007ffd99970000 - 0x00007ffd999f0000 	C:\Windows\System32\fwpuclnt.dll

dbghelp: loaded successfully - version: 4.0.5 - missing functions: none
symbol engine: initialized successfully - sym options: 0x614 - pdb path: .;C:\Program Files\Java\jdk-17\bin;C:\Windows\SYSTEM32;C:\Windows\WinSxS\amd64_microsoft.windows.common-controls_6595b64144ccf1df_6.0.19041.6456_none_60b8a6cb71f64256;C:\Program Files\Java\jdk-17\bin\server

VM Arguments:
jvm_args: -XX:TieredStopAtLevel=1 
java_command: com.transport.TransportReportingSystem.TransportReportingSystemApplication
java_class_path (initial): d:\Transport Reporting System\TransportReportingSystem\TransportReportingSystem\target\classes;C:\Users\USER\.m2\repository\ch\qos\logback\logback-classic\1.5.20\logback-classic-1.5.20.jar;C:\Users\USER\.m2\repository\ch\qos\logback\logback-core\1.5.20\logback-core-1.5.20.jar;C:\Users\USER\.m2\repository\org\apache\logging\log4j\log4j-to-slf4j\2.24.3\log4j-to-slf4j-2.24.3.jar;C:\Users\USER\.m2\repository\org\apache\logging\log4j\log4j-api\2.24.3\log4j-api-2.24.3.jar;C:\Users\USER\.m2\repository\org\slf4j\jul-to-slf4j\2.0.17\jul-to-slf4j-2.0.17.jar;C:\Users\USER\.m2\repository\jakarta\annotation\jakarta.annotation-api\2.1.1\jakarta.annotation-api-2.1.1.jar;C:\Users\USER\.m2\repository\org\yaml\snakeyaml\2.4\snakeyaml-2.4.jar;C:\Users\USER\.m2\repository\com\zaxxer\HikariCP\6.3.3\HikariCP-6.3.3.jar;C:\Users\USER\.m2\repository\org\springframework\spring-jdbc\6.2.12\spring-jdbc-6.2.12.jar;C:\Users\USER\.m2\repository\org\hibernate\orm\hibernate-core\6.6.33.Final\hibernate-core-6.6.33.Final.jar;C:\Users\USER\.m2\repository\jakarta\persistence\jakarta.persistence-api\3.1.0\jakarta.persistence-api-3.1.0.jar;C:\Users\USER\.m2\repository\jakarta\transaction\jakarta.transaction-api\2.0.1\jakarta.transaction-api-2.0.1.jar;C:\Users\USER\.m2\repository\org\jboss\logging\jboss-logging\3.6.1.Final\jboss-logging-3.6.1.Final.jar;C:\Users\USER\.m2\repository\org\hibernate\common\hibernate-commons-annotations\7.0.3.Final\hibernate-commons-annotations-7.0.3.Final.jar;C:\Users\USER\.m2\repository\io\smallrye\jandex\3.2.0\jandex-3.2.0.jar;C:\Users\USER\.m2\repository\com\fasterxml\classmate\1.7.1\classmate-1.7.1.jar;C:\Users\USER\.m2\repository\net\bytebuddy\byte-buddy\1.17.8\byte-buddy-1.17.8.jar;C:\Users\USER\.m2\repository\org\glassfish\jaxb\jaxb-runtime\4.0.6\jaxb-runtime-4.0.6.jar;C:\Users\USER\.m2\repository\org\glassfish\jaxb\jaxb-core\4.0.6\jaxb-core-4.0.6.jar;C:\Users\USER\.m2\repository\org\glassfish\jaxb\txw2\4.0.6\txw2-4.0.6.jar;C:\Users\USER\.m2
Launcher Type: SUN_STANDARD

[Global flags]
     intx CICompilerCount                          = 3                                         {product} {ergonomic}
     uint ConcGCThreads                            = 1                                         {product} {ergonomic}
     uint G1ConcRefinementThreads                  = 4                                         {product} {ergonomic}
   size_t G1HeapRegionSize                         = 1048576                                   {product} {ergonomic}
    uintx GCDrainStackTargetSize                   = 64                                        {product} {ergonomic}
   size_t InitialHeapSize                          = 134217728                                 {product} {ergonomic}
   size_t MarkStackSize                            = 4194304                                   {product} {ergonomic}
   size_t MaxHeapSize                              = 2116026368                                {product} {ergonomic}
   size_t MaxNewSize                               = 1268776960                                {product} {ergonomic}
   size_t MinHeapDeltaBytes                        = 1048576                                   {product} {ergonomic}
   size_t MinHeapSize                              = 8388608                                   {product} {ergonomic}
    uintx NonProfiledCodeHeapSize                  = 0                                      {pd product} {ergonomic}
     bool ProfileInterpreter                       = false                                  {pd product} {command line}
    uintx ProfiledCodeHeapSize                     = 0                                      {pd product} {ergonomic}
   size_t SoftMaxHeapSize                          = 2116026368                             {manageable} {ergonomic}
     intx TieredStopAtLevel                        = 1                                         {product} {command line}
     bool UseCompressedClassPointers               = true                           {product lp64_product} {ergonomic}
     bool UseCompressedOops                        = true                           {product lp64_product} {ergonomic}
     bool UseG1GC                                  = true                                      {product} {ergonomic}
     bool UseLargePagesIndividualAllocation        = false                                  {pd product} {ergonomic}

Logging:
Log output configuration:
 #0: stdout all=warning uptime,level,tags
 #1: stderr all=off uptime,level,tags

Environment Variables:
JAVA_HOME=C:\Program Files\Java\jdk-17
PATH=C:\Python314\Scripts\;C:\Python314\;C:\Program Files\Common Files\Oracle\Java\javapath;C:\Program Files (x86)\Common Files\Oracle\Java\javapath;C:\Program Files\Java\jdk-17\bin;C:\Users\USER\Documents\WINDOWS.X64_193000_db_home\bin;C:\Users\USER\Documents\oracle\bin;D:\yoo\WINDOWS.X64_213000_db_home\bin;C:\Users\USER\Downloads\WINDOWS.X64_213000_db_home\bin;C:\oraclexe\app\oracle\product\11.2.0\server\bin;C:\Windows\system32;C:\Windows;C:\Windows\System32\Wbem;C:\Windows\System32\WindowsPowerShell\v1.0\;C:\Windows\System32\OpenSSH\;C:\xampp\php;C:\Program Files\dotnet\;C:\Program Files (x86)\Microsoft SQL Server\160\Tools\Binn\;C:\Program Files\Microsoft SQL Server\160\Tools\Binn\;C:\Program Files\Microsoft SQL Server\Client SDK\ODBC\170\Tools\Binn\;C:\Program Files\Microsoft SQL Server\160\DTS\Binn\;C:\Program Files\Microsoft SQL Server\150\Tools\Binn\;D:\apache-maven-3.9.11-bin\apache-maven-3.9.11\bin;D:\yoo\nodejs\;C:\ProgramData\chocolatey\bin;D:\cursor\resources\app\bin;D:\yoo\php-8.5.0-Win32-vs17-x64;D:\yoo\Git\cmd;C:\Users\USER\AppData\Local\Programs\Python\Python313\Scripts\;C:\Users\USER\AppData\Local\Programs\Python\Python313\;C:\Users\USER\AppData\Local\Programs\Python\Launcher\;C:\Program Files\Java\jdk-17\bin;C:\Users\USER\.dotnet\tools;C:\Users\USER\AppData\Local\Programs\Microsoft VS Code\bin;C:\Users\USER\AppData\Roaming\npm;D:\yoo\Antigravity\bin
USERNAME=USER
OS=Windows_NT
PROCESSOR_IDENTIFIER=Intel64 Family 6 Model 61 Stepping 4, GenuineIntel



---------------  S Y S T E M  ---------------

OS:
 Windows 10 , 64 bit Build 19041 (10.0.19041.5915)
OS uptime: 0 days 0:25 hours
Hyper-V role detected

CPU: total 4 (initial active 4) (2 cores per cpu, 2 threads per core) family 6 model 61 stepping 4 microcode 0x2d, cx8, cmov, fxsr, ht, mmx, 3dnowpref, sse, sse2, sse3, ssse3, sse4.1, sse4.2, popcnt, lzcnt, tsc, tscinvbit, avx, avx2, aes, erms, clmul, bmi1, bmi2, rtm, adx, fma, vzeroupper, clflush, hv

Memory: 4k page, system-wide physical 8067M (1258M free)
TotalPageFile size 11297M (AvailPageFile size 24M)
current process WorkingSet (physical memory assigned to process): 224M, peak: 237M
current process commit charge ("private bytes"): 333M, peak: 360M

vm_info: Java HotSpot(TM) 64-Bit Server VM (17+35-LTS-2724) for windows-amd64 JRE (17+35-LTS-2724), built on Aug  5 2021 23:28:28 by "mach5one" with MS VC++ 16.8 (VS2019)

END.
