#
# There is insufficient memory for the Java Runtime Environment to continue.
# Native memory allocation (mmap) failed to map 167772160 bytes for G1 virtual space
# Possible reasons:
#   The system is out of physical RAM or swap space
#   The process is running with CompressedOops enabled, and the Java Heap may be blocking the growth of the native heap
# Possible solutions:
#   Reduce memory load on the system
#   Increase physical memory or swap space
#   Check if swap backing store is full
#   Decrease Java heap size (-Xmx/-Xms)
#   Decrease number of Java threads
#   Decrease Java thread stack sizes (-Xss)
#   Set larger code cache with -XX:ReservedCodeCacheSize=
#   JVM is running with Unscaled Compressed Oops mode in which the Java heap is
#     placed in the first 4GB address space. The Java Heap base address is the
#     maximum limit for the native heap growth. Please use -XX:HeapBaseMinAddress
#     to set the Java Heap base and to place the Java Heap above 4GB virtual address.
# This output file may be truncated or incomplete.
#
#  Out of Memory Error (os_windows.cpp:3469), pid=5828, tid=10956
#
# JRE version: Java(TM) SE Runtime Environment (17.0+35) (build 17+35-LTS-2724)
# Java VM: Java HotSpot(TM) 64-Bit Server VM (17+35-LTS-2724, mixed mode, emulated-client, sharing, tiered, compressed oops, compressed class ptrs, g1 gc, windows-amd64)
# No core dump will be written. Minidumps are not enabled by default on client versions of Windows
#

---------------  S U M M A R Y ------------

Command Line: -XX:TieredStopAtLevel=1 com.transport.TransportReportingSystem.TransportReportingSystemApplication

Host: Intel(R) Core(TM) i7-5600U CPU @ 2.60GHz, 4 cores, 7G,  Windows 10 , 64 bit Build 19041 (10.0.19041.5915)
Time: Thu Dec 18 17:24:25 2025 South Africa Standard Time elapsed time: 10.220190 seconds (0d 0h 0m 10s)

---------------  T H R E A D  ---------------

Current thread (0x00000249a19d6f60):  VMThread "VM Thread" [stack: 0x000000dc23100000,0x000000dc23200000] [id=10956]

Stack: [0x000000dc23100000,0x000000dc23200000]
Native frames: (J=compiled Java code, j=interpreted, Vv=VM code, C=native code)
V  [jvm.dll+0x66f8ea]
V  [jvm.dll+0x7ce224]
V  [jvm.dll+0x7cf9ce]
V  [jvm.dll+0x7d0033]
V  [jvm.dll+0x242bb5]
V  [jvm.dll+0x66c909]
V  [jvm.dll+0x6613d2]
V  [jvm.dll+0x30082b]
V  [jvm.dll+0x307db6]
V  [jvm.dll+0x357a0e]
V  [jvm.dll+0x357c3f]
V  [jvm.dll+0x2d7ae8]
V  [jvm.dll+0x2d5db4]
V  [jvm.dll+0x2d53bc]
V  [jvm.dll+0x319041]
V  [jvm.dll+0x7d44cb]
V  [jvm.dll+0x7d5204]
V  [jvm.dll+0x7d571c]
V  [jvm.dll+0x7d5af4]
V  [jvm.dll+0x7d5bc0]
V  [jvm.dll+0x77e7ea]
V  [jvm.dll+0x66e715]
C  [ucrtbase.dll+0x21bb2]
C  [KERNEL32.DLL+0x17374]
C  [ntdll.dll+0x4cc91]

VM_Operation (0x000000dc242f5940): G1TryInitiateConcMark, mode: safepoint, requested by thread 0x00000249a2b6a210


---------------  P R O C E S S  ---------------

Threads class SMR info:
_java_thread_list=0x00000249a6a67740, length=22, elements={
0x000002499046e0f0, 0x00000249a19dda80, 0x00000249a19de800, 0x00000249a19f4060,
0x00000249a19f4de0, 0x00000249a19f86c0, 0x00000249a19f8f80, 0x00000249a19f9d00,
0x00000249a1a05b10, 0x00000249a245f8f0, 0x00000249a2480450, 0x00000249a2481980,
0x00000249a2b48700, 0x00000249a2b6a210, 0x00000249a2f15430, 0x00000249a4655470,
0x00000249a468b8a0, 0x00000249a2428030, 0x00000249a6c7e9d0, 0x00000249a47ce020,
0x00000249a47ce4f0, 0x00000249a70e5080
}

Java Threads: ( => current thread )
  0x000002499046e0f0 JavaThread "main" [_thread_blocked, id=14132, stack(0x000000dc22b00000,0x000000dc22c00000)]
  0x00000249a19dda80 JavaThread "Reference Handler" daemon [_thread_blocked, id=13684, stack(0x000000dc23200000,0x000000dc23300000)]
  0x00000249a19de800 JavaThread "Finalizer" daemon [_thread_blocked, id=4176, stack(0x000000dc23300000,0x000000dc23400000)]
  0x00000249a19f4060 JavaThread "Signal Dispatcher" daemon [_thread_blocked, id=2992, stack(0x000000dc23400000,0x000000dc23500000)]
  0x00000249a19f4de0 JavaThread "Attach Listener" daemon [_thread_blocked, id=13964, stack(0x000000dc23500000,0x000000dc23600000)]
  0x00000249a19f86c0 JavaThread "Service Thread" daemon [_thread_blocked, id=7520, stack(0x000000dc23600000,0x000000dc23700000)]
  0x00000249a19f8f80 JavaThread "Monitor Deflation Thread" daemon [_thread_blocked, id=14908, stack(0x000000dc23700000,0x000000dc23800000)]
  0x00000249a19f9d00 JavaThread "C1 CompilerThread0" daemon [_thread_blocked, id=11036, stack(0x000000dc23800000,0x000000dc23900000)]
  0x00000249a1a05b10 JavaThread "Sweeper thread" daemon [_thread_blocked, id=6076, stack(0x000000dc23900000,0x000000dc23a00000)]
  0x00000249a245f8f0 JavaThread "C1 CompilerThread1" daemon [_thread_blocked, id=11648, stack(0x000000dc23a00000,0x000000dc23b00000)]
  0x00000249a2480450 JavaThread "Notification Thread" daemon [_thread_blocked, id=11228, stack(0x000000dc23b00000,0x000000dc23c00000)]
  0x00000249a2481980 JavaThread "Common-Cleaner" daemon [_thread_blocked, id=2760, stack(0x000000dc23d00000,0x000000dc23e00000)]
  0x00000249a2b48700 JavaThread "Thread-0" [_thread_blocked, id=7992, stack(0x000000dc24100000,0x000000dc24200000)]
  0x00000249a2b6a210 JavaThread "restartedMain" [_thread_blocked, id=15048, stack(0x000000dc24200000,0x000000dc24300000)]
  0x00000249a2f15430 JavaThread "C1 CompilerThread2" daemon [_thread_blocked, id=12392, stack(0x000000dc24400000,0x000000dc24500000)]
  0x00000249a4655470 JavaThread "PostgreSQL-JDBC-Cleaner" daemon [_thread_blocked, id=11700, stack(0x000000dc24500000,0x000000dc24600000)]
  0x00000249a468b8a0 JavaThread "HikariPool-1:housekeeper" daemon [_thread_blocked, id=14848, stack(0x000000dc24600000,0x000000dc24700000)]
  0x00000249a2428030 JavaThread "HikariPool-1:connection-adder" daemon [_thread_blocked, id=11548, stack(0x000000dc24700000,0x000000dc24800000)]
  0x00000249a6c7e9d0 JavaThread "Catalina-utility-1" [_thread_blocked, id=14576, stack(0x000000dc24800000,0x000000dc24900000)]
  0x00000249a47ce020 JavaThread "Catalina-utility-2" [_thread_blocked, id=13812, stack(0x000000dc24900000,0x000000dc24a00000)]
  0x00000249a47ce4f0 JavaThread "container-0" [_thread_blocked, id=12088, stack(0x000000dc24a00000,0x000000dc24b00000)]
  0x00000249a70e5080 JavaThread "pool-2-thread-1" [_thread_blocked, id=13428, stack(0x000000dc24b00000,0x000000dc24c00000)]

Other Threads:
=>0x00000249a19d6f60 VMThread "VM Thread" [stack: 0x000000dc23100000,0x000000dc23200000] [id=10956]
  0x00000249a2480d30 WatcherThread [stack: 0x000000dc23c00000,0x000000dc23d00000] [id=4060]
  0x00000249904b90d0 GCTaskThread "GC Thread#0" [stack: 0x000000dc22c00000,0x000000dc22d00000] [id=6256]
  0x00000249a2ab9a00 GCTaskThread "GC Thread#1" [stack: 0x000000dc23e00000,0x000000dc23f00000] [id=13524]
  0x00000249a2ac31d0 GCTaskThread "GC Thread#2" [stack: 0x000000dc23f00000,0x000000dc24000000] [id=13968]
  0x00000249a2af1ce0 GCTaskThread "GC Thread#3" [stack: 0x000000dc24000000,0x000000dc24100000] [id=14088]
  0x00000249904c9b60 ConcurrentGCThread "G1 Main Marker" [stack: 0x000000dc22d00000,0x000000dc22e00000] [id=11340]
  0x00000249904cac20 ConcurrentGCThread "G1 Conc#0" [stack: 0x000000dc22e00000,0x000000dc22f00000] [id=13108]
  0x000002499052f420 ConcurrentGCThread "G1 Refine#0" [stack: 0x000000dc22f00000,0x000000dc23000000] [id=13924]
  0x00000249a47cb180 ConcurrentGCThread "G1 Refine#1" [stack: 0x000000dc24c00000,0x000000dc24d00000] [id=12364]
  0x00000249a47cb460 ConcurrentGCThread "G1 Refine#2" [stack: 0x000000dc24d00000,0x000000dc24e00000] [id=13736]
  0x00000249a47cb740 ConcurrentGCThread "G1 Refine#3" [stack: 0x000000dc24e00000,0x000000dc24f00000] [id=14876]
  0x000002499052fd50 ConcurrentGCThread "G1 Service" [stack: 0x000000dc23000000,0x000000dc23100000] [id=15008]

Threads with active compile tasks:

VM state: at safepoint (normal execution)

VM Mutex/Monitor currently owned by a thread:  ([mutex/lock_event])
[0x000002499046a670] Threads_lock - owner thread: 0x00000249a19d6f60
[0x000002499046a310] Heap_lock - owner thread: 0x00000249a2b6a210

Heap address: 0x0000000081e00000, size: 2018 MB, Compressed Oops mode: 32-bit

CDS archive(s) mapped at: [0x0000000800000000-0x0000000800bc0000-0x0000000800bc0000), size 12320768, SharedBaseAddress: 0x0000000800000000, ArchiveRelocationMode: 0.
Compressed class space mapped at: 0x0000000800c00000-0x0000000840c00000, reserved size: 1073741824
Narrow klass base: 0x0000000800000000, Narrow klass shift: 0, Narrow klass range: 0x100000000

GC Precious Log:
 CPUs: 4 total, 4 available
 Memory: 8067M
 Large Page Support: Disabled
 NUMA Support: Disabled
 Compressed Oops: Enabled (32-bit)
 Heap Region Size: 1M
 Heap Min Capacity: 8M
 Heap Initial Capacity: 128M
 Heap Max Capacity: 2018M
 Pre-touch: Disabled
 Parallel Workers: 4
 Concurrent Workers: 1
 Concurrent Refinement Workers: 4
 Periodic GC: Disabled

Heap:
 garbage-first heap   total 190464K, used 98189K [0x0000000081e00000, 0x0000000100000000)
  region size 1024K, 4 young (4096K), 4 survivors (4096K)
 Metaspace       used 65132K, committed 65728K, reserved 1105920K
  class space    used 9832K, committed 10112K, reserved 1048576K

Heap Regions: E=young(eden), S=young(survivor), O=old, HS=humongous(starts), HC=humongous(continues), CS=collection set, F=free, OA=open archive, CA=closed archive, TAMS=top-at-mark-start (previous, next)
|   0|0x0000000081e00000, 0x0000000081f00000, 0x0000000081f00000|100%|HS|  |TAMS 0x0000000081f00000, 0x0000000081f00000| Complete 
|   1|0x0000000081f00000, 0x0000000082000000, 0x0000000082000000|100%|HS|  |TAMS 0x0000000082000000, 0x0000000082000000| Complete 
|   2|0x0000000082000000, 0x0000000082100000, 0x0000000082100000|100%| O|  |TAMS 0x0000000082100000, 0x0000000082100000| Untracked 
|   3|0x0000000082100000, 0x0000000082200000, 0x0000000082200000|100%| O|  |TAMS 0x0000000082200000, 0x0000000082200000| Untracked 
|   4|0x0000000082200000, 0x0000000082300000, 0x0000000082300000|100%| O|  |TAMS 0x0000000082300000, 0x0000000082300000| Untracked 
|   5|0x0000000082300000, 0x0000000082400000, 0x0000000082400000|100%| O|  |TAMS 0x0000000082400000, 0x0000000082400000| Untracked 
|   6|0x0000000082400000, 0x0000000082500000, 0x0000000082500000|100%| O|  |TAMS 0x0000000082500000, 0x0000000082500000| Untracked 
|   7|0x0000000082500000, 0x0000000082600000, 0x0000000082600000|100%| O|  |TAMS 0x0000000082600000, 0x0000000082600000| Untracked 
|   8|0x0000000082600000, 0x0000000082700000, 0x0000000082700000|100%| O|  |TAMS 0x0000000082700000, 0x0000000082700000| Untracked 
|   9|0x0000000082700000, 0x0000000082800000, 0x0000000082800000|100%| O|  |TAMS 0x0000000082800000, 0x0000000082800000| Untracked 
|  10|0x0000000082800000, 0x0000000082900000, 0x0000000082900000|100%| O|  |TAMS 0x0000000082900000, 0x0000000082900000| Untracked 
|  11|0x0000000082900000, 0x0000000082a00000, 0x0000000082a00000|100%| O|  |TAMS 0x0000000082a00000, 0x0000000082a00000| Untracked 
|  12|0x0000000082a00000, 0x0000000082b00000, 0x0000000082b00000|100%| O|  |TAMS 0x0000000082b00000, 0x0000000082b00000| Untracked 
|  13|0x0000000082b00000, 0x0000000082c00000, 0x0000000082c00000|100%| O|  |TAMS 0x0000000082c00000, 0x0000000082c00000| Untracked 
|  14|0x0000000082c00000, 0x0000000082d00000, 0x0000000082d00000|100%| O|  |TAMS 0x0000000082d00000, 0x0000000082d00000| Untracked 
|  15|0x0000000082d00000, 0x0000000082e00000, 0x0000000082e00000|100%| O|  |TAMS 0x0000000082e00000, 0x0000000082e00000| Untracked 
|  16|0x0000000082e00000, 0x0000000082f00000, 0x0000000082f00000|100%| O|  |TAMS 0x0000000082f00000, 0x0000000082f00000| Untracked 
|  17|0x0000000082f00000, 0x0000000083000000, 0x0000000083000000|100%| O|  |TAMS 0x0000000083000000, 0x0000000083000000| Untracked 
|  18|0x0000000083000000, 0x0000000083100000, 0x0000000083100000|100%| O|  |TAMS 0x0000000083000000, 0x0000000083100000| Untracked 
|  19|0x0000000083100000, 0x0000000083200000, 0x0000000083200000|100%| O|  |TAMS 0x0000000083200000, 0x0000000083200000| Untracked 
|  20|0x0000000083200000, 0x0000000083300000, 0x0000000083300000|100%| O|  |TAMS 0x0000000083300000, 0x0000000083300000| Untracked 
|  21|0x0000000083300000, 0x0000000083400000, 0x0000000083400000|100%| O|  |TAMS 0x0000000083400000, 0x0000000083400000| Untracked 
|  22|0x0000000083400000, 0x0000000083500000, 0x0000000083500000|100%| O|  |TAMS 0x0000000083500000, 0x0000000083500000| Untracked 
|  23|0x0000000083500000, 0x0000000083600000, 0x0000000083600000|100%| O|  |TAMS 0x0000000083600000, 0x0000000083600000| Untracked 
|  24|0x0000000083600000, 0x0000000083700000, 0x0000000083700000|100%| O|  |TAMS 0x00000000836cac00, 0x0000000083700000| Untracked 
|  25|0x0000000083700000, 0x0000000083800000, 0x0000000083800000|100%| O|  |TAMS 0x0000000083700000, 0x0000000083800000| Untracked 
|  26|0x0000000083800000, 0x0000000083900000, 0x0000000083900000|100%| O|  |TAMS 0x0000000083800000, 0x0000000083900000| Untracked 
|  27|0x0000000083900000, 0x0000000083a00000, 0x0000000083a00000|100%| O|  |TAMS 0x0000000083900000, 0x0000000083a00000| Untracked 
|  28|0x0000000083a00000, 0x0000000083b00000, 0x0000000083b00000|100%| O|  |TAMS 0x0000000083a00000, 0x0000000083b00000| Untracked 
|  29|0x0000000083b00000, 0x0000000083c00000, 0x0000000083c00000|100%| O|  |TAMS 0x0000000083b00000, 0x0000000083c00000| Untracked 
|  30|0x0000000083c00000, 0x0000000083d00000, 0x0000000083d00000|100%| O|  |TAMS 0x0000000083c00000, 0x0000000083d00000| Untracked 
|  31|0x0000000083d00000, 0x0000000083e00000, 0x0000000083e00000|100%| O|  |TAMS 0x0000000083d00000, 0x0000000083e00000| Untracked 
|  32|0x0000000083e00000, 0x0000000083f00000, 0x0000000083f00000|100%| O|  |TAMS 0x0000000083e00000, 0x0000000083f00000| Untracked 
|  33|0x0000000083f00000, 0x0000000084000000, 0x0000000084000000|100%| O|  |TAMS 0x0000000083f00000, 0x0000000084000000| Untracked 
|  34|0x0000000084000000, 0x0000000084100000, 0x0000000084100000|100%| O|  |TAMS 0x0000000084000000, 0x0000000084100000| Untracked 
|  35|0x0000000084100000, 0x0000000084200000, 0x0000000084200000|100%| O|  |TAMS 0x0000000084100000, 0x0000000084200000| Untracked 
|  36|0x0000000084200000, 0x0000000084300000, 0x0000000084300000|100%|HS|  |TAMS 0x0000000084200000, 0x0000000084300000| Complete 
|  37|0x0000000084300000, 0x0000000084400000, 0x0000000084400000|100%| O|  |TAMS 0x0000000084300000, 0x0000000084400000| Untracked 
|  38|0x0000000084400000, 0x0000000084500000, 0x0000000084500000|100%| O|  |TAMS 0x0000000084400000, 0x0000000084500000| Untracked 
|  39|0x0000000084500000, 0x0000000084600000, 0x0000000084600000|100%| O|  |TAMS 0x0000000084500000, 0x0000000084600000| Untracked 
|  40|0x0000000084600000, 0x0000000084700000, 0x0000000084700000|100%| O|  |TAMS 0x0000000084600000, 0x0000000084700000| Untracked 
|  41|0x0000000084700000, 0x0000000084800000, 0x0000000084800000|100%| O|  |TAMS 0x0000000084700000, 0x0000000084800000| Untracked 
|  42|0x0000000084800000, 0x0000000084900000, 0x0000000084900000|100%| O|  |TAMS 0x0000000084800000, 0x0000000084900000| Untracked 
|  43|0x0000000084900000, 0x0000000084a00000, 0x0000000084a00000|100%| O|  |TAMS 0x0000000084900000, 0x0000000084a00000| Untracked 
|  44|0x0000000084a00000, 0x0000000084b00000, 0x0000000084b00000|100%| O|  |TAMS 0x0000000084a00000, 0x0000000084b00000| Untracked 
|  45|0x0000000084b00000, 0x0000000084c00000, 0x0000000084c00000|100%| O|  |TAMS 0x0000000084b00000, 0x0000000084c00000| Untracked 
|  46|0x0000000084c00000, 0x0000000084d00000, 0x0000000084d00000|100%| O|  |TAMS 0x0000000084c00000, 0x0000000084d00000| Untracked 
|  47|0x0000000084d00000, 0x0000000084e00000, 0x0000000084e00000|100%| O|  |TAMS 0x0000000084d00000, 0x0000000084e00000| Untracked 
|  48|0x0000000084e00000, 0x0000000084f00000, 0x0000000084f00000|100%| O|  |TAMS 0x0000000084e00000, 0x0000000084f00000| Untracked 
|  49|0x0000000084f00000, 0x0000000085000000, 0x0000000085000000|100%| O|  |TAMS 0x0000000084f00000, 0x0000000085000000| Untracked 
|  50|0x0000000085000000, 0x0000000085100000, 0x0000000085100000|100%| O|  |TAMS 0x0000000085000000, 0x0000000085100000| Untracked 
|  51|0x0000000085100000, 0x0000000085200000, 0x0000000085200000|100%| O|  |TAMS 0x0000000085100000, 0x0000000085200000| Untracked 
|  52|0x0000000085200000, 0x0000000085300000, 0x0000000085300000|100%| O|  |TAMS 0x0000000085200000, 0x0000000085300000| Untracked 
|  53|0x0000000085300000, 0x0000000085400000, 0x0000000085400000|100%| O|  |TAMS 0x0000000085300000, 0x0000000085400000| Untracked 
|  54|0x0000000085400000, 0x0000000085500000, 0x0000000085500000|100%| O|  |TAMS 0x0000000085400000, 0x0000000085500000| Untracked 
|  55|0x0000000085500000, 0x0000000085600000, 0x0000000085600000|100%| O|  |TAMS 0x0000000085500000, 0x0000000085600000| Untracked 
|  56|0x0000000085600000, 0x0000000085700000, 0x0000000085700000|100%| O|  |TAMS 0x0000000085600000, 0x0000000085700000| Untracked 
|  57|0x0000000085700000, 0x0000000085800000, 0x0000000085800000|100%| O|  |TAMS 0x0000000085700000, 0x0000000085800000| Untracked 
|  58|0x0000000085800000, 0x0000000085900000, 0x0000000085900000|100%| O|  |TAMS 0x0000000085800000, 0x0000000085900000| Untracked 
|  59|0x0000000085900000, 0x0000000085a00000, 0x0000000085a00000|100%| O|  |TAMS 0x0000000085900000, 0x0000000085a00000| Untracked 
|  60|0x0000000085a00000, 0x0000000085b00000, 0x0000000085b00000|100%| O|  |TAMS 0x0000000085a00000, 0x0000000085b00000| Untracked 
|  61|0x0000000085b00000, 0x0000000085c00000, 0x0000000085c00000|100%| O|  |TAMS 0x0000000085b00000, 0x0000000085c00000| Untracked 
|  62|0x0000000085c00000, 0x0000000085d00000, 0x0000000085d00000|100%| O|  |TAMS 0x0000000085c00000, 0x0000000085d00000| Untracked 
|  63|0x0000000085d00000, 0x0000000085e00000, 0x0000000085e00000|100%| O|  |TAMS 0x0000000085d00000, 0x0000000085e00000| Untracked 
|  64|0x0000000085e00000, 0x0000000085f00000, 0x0000000085f00000|100%| O|  |TAMS 0x0000000085e00000, 0x0000000085f00000| Untracked 
|  65|0x0000000085f00000, 0x0000000086000000, 0x0000000086000000|100%| O|  |TAMS 0x0000000085f00000, 0x0000000086000000| Untracked 
|  66|0x0000000086000000, 0x0000000086100000, 0x0000000086100000|100%| O|  |TAMS 0x0000000086000000, 0x0000000086100000| Untracked 
|  67|0x0000000086100000, 0x0000000086200000, 0x0000000086200000|100%| O|  |TAMS 0x0000000086100000, 0x0000000086200000| Untracked 
|  68|0x0000000086200000, 0x0000000086300000, 0x0000000086300000|100%| O|  |TAMS 0x0000000086200000, 0x0000000086300000| Untracked 
|  69|0x0000000086300000, 0x0000000086400000, 0x0000000086400000|100%| O|  |TAMS 0x0000000086300000, 0x0000000086400000| Untracked 
|  70|0x0000000086400000, 0x0000000086500000, 0x0000000086500000|100%| O|  |TAMS 0x0000000086400000, 0x0000000086500000| Untracked 
|  71|0x0000000086500000, 0x0000000086600000, 0x0000000086600000|100%| O|  |TAMS 0x0000000086500000, 0x0000000086600000| Untracked 
|  72|0x0000000086600000, 0x0000000086700000, 0x0000000086700000|100%| O|  |TAMS 0x0000000086600000, 0x0000000086700000| Untracked 
|  73|0x0000000086700000, 0x0000000086800000, 0x0000000086800000|100%| O|  |TAMS 0x0000000086700000, 0x0000000086800000| Untracked 
|  74|0x0000000086800000, 0x0000000086900000, 0x0000000086900000|100%| O|  |TAMS 0x0000000086800000, 0x0000000086900000| Untracked 
|  75|0x0000000086900000, 0x0000000086a00000, 0x0000000086a00000|100%| O|  |TAMS 0x0000000086900000, 0x0000000086a00000| Untracked 
|  76|0x0000000086a00000, 0x0000000086b00000, 0x0000000086b00000|100%| O|  |TAMS 0x0000000086a00000, 0x0000000086b00000| Untracked 
|  77|0x0000000086b00000, 0x0000000086c00000, 0x0000000086c00000|100%| O|  |TAMS 0x0000000086b00000, 0x0000000086c00000| Untracked 
|  78|0x0000000086c00000, 0x0000000086d00000, 0x0000000086d00000|100%| O|  |TAMS 0x0000000086c00000, 0x0000000086d00000| Untracked 
|  79|0x0000000086d00000, 0x0000000086e00000, 0x0000000086e00000|100%| O|  |TAMS 0x0000000086d00000, 0x0000000086e00000| Untracked 
|  80|0x0000000086e00000, 0x0000000086f00000, 0x0000000086f00000|100%| O|  |TAMS 0x0000000086e00000, 0x0000000086f00000| Untracked 
|  81|0x0000000086f00000, 0x0000000087000000, 0x0000000087000000|100%| O|  |TAMS 0x0000000086f00000, 0x0000000086f00000| Untracked 
|  82|0x0000000087000000, 0x0000000087100000, 0x0000000087100000|100%| O|  |TAMS 0x0000000087000000, 0x0000000087000000| Untracked 
|  83|0x0000000087100000, 0x0000000087200000, 0x0000000087200000|100%| O|  |TAMS 0x0000000087100000, 0x0000000087100000| Untracked 
|  84|0x0000000087200000, 0x0000000087300000, 0x0000000087300000|100%| O|  |TAMS 0x0000000087200000, 0x0000000087200000| Untracked 
|  85|0x0000000087300000, 0x0000000087400000, 0x0000000087400000|100%| O|  |TAMS 0x0000000087300000, 0x0000000087300000| Untracked 
|  86|0x0000000087400000, 0x0000000087500000, 0x0000000087500000|100%| O|  |TAMS 0x0000000087400000, 0x0000000087400000| Untracked 
|  87|0x0000000087500000, 0x0000000087600000, 0x0000000087600000|100%| O|  |TAMS 0x0000000087500000, 0x0000000087500000| Untracked 
|  88|0x0000000087600000, 0x0000000087700000, 0x0000000087700000|100%| O|  |TAMS 0x0000000087600000, 0x0000000087600000| Untracked 
|  89|0x0000000087700000, 0x0000000087700000, 0x0000000087800000|  0%| F|  |TAMS 0x0000000087700000, 0x0000000087700000| Untracked 
|  90|0x0000000087800000, 0x0000000087800000, 0x0000000087900000|  0%| F|  |TAMS 0x0000000087800000, 0x0000000087800000| Untracked 
|  91|0x0000000087900000, 0x0000000087900000, 0x0000000087a00000|  0%| F|  |TAMS 0x0000000087900000, 0x0000000087900000| Untracked 
|  92|0x0000000087a00000, 0x0000000087a00000, 0x0000000087b00000|  0%| F|  |TAMS 0x0000000087a00000, 0x0000000087a00000| Untracked 
|  93|0x0000000087b00000, 0x0000000087c00000, 0x0000000087c00000|100%| O|  |TAMS 0x0000000087b00000, 0x0000000087c00000| Untracked 
|  94|0x0000000087c00000, 0x0000000087d00000, 0x0000000087d00000|100%| O|  |TAMS 0x0000000087c00000, 0x0000000087d00000| Untracked 
|  95|0x0000000087d00000, 0x0000000087e00000, 0x0000000087e00000|100%| O|  |TAMS 0x0000000087d00000, 0x0000000087d80000| Untracked 
|  96|0x0000000087e00000, 0x0000000087e00000, 0x0000000087f00000|  0%| F|  |TAMS 0x0000000087e00000, 0x0000000087e00000| Untracked 
|  97|0x0000000087f00000, 0x0000000087f00000, 0x0000000088000000|  0%| F|  |TAMS 0x0000000087f00000, 0x0000000087f00000| Untracked 
|  98|0x0000000088000000, 0x0000000088000000, 0x0000000088100000|  0%| F|  |TAMS 0x0000000088000000, 0x0000000088000000| Untracked 
|  99|0x0000000088100000, 0x0000000088100000, 0x0000000088200000|  0%| F|  |TAMS 0x0000000088100000, 0x0000000088100000| Untracked 
| 100|0x0000000088200000, 0x0000000088200000, 0x0000000088300000|  0%| F|  |TAMS 0x0000000088200000, 0x0000000088200000| Untracked 
| 101|0x0000000088300000, 0x0000000088300000, 0x0000000088400000|  0%| F|  |TAMS 0x0000000088300000, 0x0000000088300000| Untracked 
| 102|0x0000000088400000, 0x0000000088400000, 0x0000000088500000|  0%| F|  |TAMS 0x0000000088400000, 0x0000000088400000| Untracked 
| 103|0x0000000088500000, 0x0000000088500000, 0x0000000088600000|  0%| F|  |TAMS 0x0000000088500000, 0x0000000088500000| Untracked 
| 104|0x0000000088600000, 0x0000000088600000, 0x0000000088700000|  0%| F|  |TAMS 0x0000000088600000, 0x0000000088600000| Untracked 
| 105|0x0000000088700000, 0x0000000088700000, 0x0000000088800000|  0%| F|  |TAMS 0x0000000088700000, 0x0000000088700000| Untracked 
| 106|0x0000000088800000, 0x0000000088800000, 0x0000000088900000|  0%| F|  |TAMS 0x0000000088800000, 0x0000000088800000| Untracked 
| 107|0x0000000088900000, 0x0000000088900000, 0x0000000088a00000|  0%| F|  |TAMS 0x0000000088900000, 0x0000000088900000| Untracked 
| 108|0x0000000088a00000, 0x0000000088a00000, 0x0000000088b00000|  0%| F|  |TAMS 0x0000000088a00000, 0x0000000088a00000| Untracked 
| 109|0x0000000088b00000, 0x0000000088b00000, 0x0000000088c00000|  0%| F|  |TAMS 0x0000000088b00000, 0x0000000088b00000| Untracked 
| 110|0x0000000088c00000, 0x0000000088c00000, 0x0000000088d00000|  0%| F|  |TAMS 0x0000000088c00000, 0x0000000088c00000| Untracked 
| 111|0x0000000088d00000, 0x0000000088d00000, 0x0000000088e00000|  0%| F|  |TAMS 0x0000000088d00000, 0x0000000088d00000| Untracked 
| 112|0x0000000088e00000, 0x0000000088e00000, 0x0000000088f00000|  0%| F|  |TAMS 0x0000000088e00000, 0x0000000088e00000| Untracked 
| 113|0x0000000088f00000, 0x0000000088f00000, 0x0000000089000000|  0%| F|  |TAMS 0x0000000088f00000, 0x0000000088f00000| Untracked 
| 114|0x0000000089000000, 0x0000000089000000, 0x0000000089100000|  0%| F|  |TAMS 0x0000000089000000, 0x0000000089000000| Untracked 
| 115|0x0000000089100000, 0x0000000089100000, 0x0000000089200000|  0%| F|  |TAMS 0x0000000089100000, 0x0000000089100000| Untracked 
| 116|0x0000000089200000, 0x0000000089200000, 0x0000000089300000|  0%| F|  |TAMS 0x0000000089200000, 0x0000000089200000| Untracked 
| 117|0x0000000089300000, 0x0000000089300000, 0x0000000089400000|  0%| F|  |TAMS 0x0000000089300000, 0x0000000089300000| Untracked 
| 118|0x0000000089400000, 0x0000000089400000, 0x0000000089500000|  0%| F|  |TAMS 0x0000000089400000, 0x0000000089400000| Untracked 
| 119|0x0000000089500000, 0x0000000089500000, 0x0000000089600000|  0%| F|  |TAMS 0x0000000089500000, 0x0000000089500000| Untracked 
| 120|0x0000000089600000, 0x0000000089600000, 0x0000000089700000|  0%| F|  |TAMS 0x0000000089600000, 0x0000000089600000| Untracked 
| 121|0x0000000089700000, 0x0000000089700000, 0x0000000089800000|  0%| F|  |TAMS 0x0000000089700000, 0x0000000089700000| Untracked 
| 122|0x0000000089800000, 0x0000000089800000, 0x0000000089900000|  0%| F|  |TAMS 0x0000000089800000, 0x0000000089800000| Untracked 
| 123|0x0000000089900000, 0x0000000089900000, 0x0000000089a00000|  0%| F|  |TAMS 0x0000000089900000, 0x0000000089900000| Untracked 
| 124|0x0000000089a00000, 0x0000000089a00000, 0x0000000089b00000|  0%| F|  |TAMS 0x0000000089a00000, 0x0000000089a00000| Untracked 
| 125|0x0000000089b00000, 0x0000000089b00000, 0x0000000089c00000|  0%| F|  |TAMS 0x0000000089b00000, 0x0000000089b00000| Untracked 
| 126|0x0000000089c00000, 0x0000000089c00000, 0x0000000089d00000|  0%| F|  |TAMS 0x0000000089c00000, 0x0000000089c00000| Untracked 
| 127|0x0000000089d00000, 0x0000000089d00000, 0x0000000089e00000|  0%| F|  |TAMS 0x0000000089d00000, 0x0000000089d00000| Untracked 
| 128|0x0000000089e00000, 0x0000000089e00000, 0x0000000089f00000|  0%| F|  |TAMS 0x0000000089e00000, 0x0000000089e00000| Untracked 
| 129|0x0000000089f00000, 0x0000000089f00000, 0x000000008a000000|  0%| F|  |TAMS 0x0000000089f00000, 0x0000000089f00000| Untracked 
| 130|0x000000008a000000, 0x000000008a000000, 0x000000008a100000|  0%| F|  |TAMS 0x000000008a000000, 0x000000008a000000| Untracked 
| 131|0x000000008a100000, 0x000000008a100000, 0x000000008a200000|  0%| F|  |TAMS 0x000000008a100000, 0x000000008a100000| Untracked 
| 132|0x000000008a200000, 0x000000008a200000, 0x000000008a300000|  0%| F|  |TAMS 0x000000008a200000, 0x000000008a200000| Untracked 
| 133|0x000000008a300000, 0x000000008a300000, 0x000000008a400000|  0%| F|  |TAMS 0x000000008a300000, 0x000000008a300000| Untracked 
| 134|0x000000008a400000, 0x000000008a400000, 0x000000008a500000|  0%| F|  |TAMS 0x000000008a400000, 0x000000008a400000| Untracked 
| 135|0x000000008a500000, 0x000000008a500000, 0x000000008a600000|  0%| F|  |TAMS 0x000000008a500000, 0x000000008a500000| Untracked 
| 136|0x000000008a600000, 0x000000008a600000, 0x000000008a700000|  0%| F|  |TAMS 0x000000008a600000, 0x000000008a600000| Untracked 
| 137|0x000000008a700000, 0x000000008a700000, 0x000000008a800000|  0%| F|  |TAMS 0x000000008a700000, 0x000000008a700000| Untracked 
| 138|0x000000008a800000, 0x000000008a800000, 0x000000008a900000|  0%| F|  |TAMS 0x000000008a800000, 0x000000008a800000| Untracked 
| 139|0x000000008a900000, 0x000000008a900000, 0x000000008aa00000|  0%| F|  |TAMS 0x000000008a900000, 0x000000008a900000| Untracked 
| 140|0x000000008aa00000, 0x000000008aa00000, 0x000000008ab00000|  0%| F|  |TAMS 0x000000008aa00000, 0x000000008aa00000| Untracked 
| 141|0x000000008ab00000, 0x000000008ab00000, 0x000000008ac00000|  0%| F|  |TAMS 0x000000008ab00000, 0x000000008ab00000| Untracked 
| 142|0x000000008ac00000, 0x000000008ac00000, 0x000000008ad00000|  0%| F|  |TAMS 0x000000008ac00000, 0x000000008ac00000| Untracked 
| 143|0x000000008ad00000, 0x000000008ad00000, 0x000000008ae00000|  0%| F|  |TAMS 0x000000008ad00000, 0x000000008ad00000| Untracked 
| 144|0x000000008ae00000, 0x000000008ae00000, 0x000000008af00000|  0%| F|  |TAMS 0x000000008ae00000, 0x000000008ae00000| Untracked 
| 145|0x000000008af00000, 0x000000008af00000, 0x000000008b000000|  0%| F|  |TAMS 0x000000008af00000, 0x000000008af00000| Untracked 
| 146|0x000000008b000000, 0x000000008b000000, 0x000000008b100000|  0%| F|  |TAMS 0x000000008b000000, 0x000000008b000000| Untracked 
| 147|0x000000008b100000, 0x000000008b100000, 0x000000008b200000|  0%| F|  |TAMS 0x000000008b100000, 0x000000008b100000| Untracked 
| 148|0x000000008b200000, 0x000000008b200000, 0x000000008b300000|  0%| F|  |TAMS 0x000000008b200000, 0x000000008b200000| Untracked 
| 149|0x000000008b300000, 0x000000008b300000, 0x000000008b400000|  0%| F|  |TAMS 0x000000008b300000, 0x000000008b300000| Untracked 
| 150|0x000000008b400000, 0x000000008b400000, 0x000000008b500000|  0%| F|  |TAMS 0x000000008b400000, 0x000000008b400000| Untracked 
| 151|0x000000008b500000, 0x000000008b500000, 0x000000008b600000|  0%| F|  |TAMS 0x000000008b500000, 0x000000008b500000| Untracked 
| 152|0x000000008b600000, 0x000000008b600000, 0x000000008b700000|  0%| F|  |TAMS 0x000000008b600000, 0x000000008b600000| Untracked 
| 153|0x000000008b700000, 0x000000008b700000, 0x000000008b800000|  0%| F|  |TAMS 0x000000008b700000, 0x000000008b700000| Untracked 
| 154|0x000000008b800000, 0x000000008b800000, 0x000000008b900000|  0%| F|  |TAMS 0x000000008b800000, 0x000000008b800000| Untracked 
| 155|0x000000008b900000, 0x000000008b900000, 0x000000008ba00000|  0%| F|  |TAMS 0x000000008b900000, 0x000000008b900000| Untracked 
| 156|0x000000008ba00000, 0x000000008ba00000, 0x000000008bb00000|  0%| F|  |TAMS 0x000000008ba00000, 0x000000008ba00000| Untracked 
| 157|0x000000008bb00000, 0x000000008bb00000, 0x000000008bc00000|  0%| F|  |TAMS 0x000000008bb00000, 0x000000008bb00000| Untracked 
| 158|0x000000008bc00000, 0x000000008bc00000, 0x000000008bd00000|  0%| F|  |TAMS 0x000000008bc00000, 0x000000008bc00000| Untracked 
| 159|0x000000008bd00000, 0x000000008bd00000, 0x000000008be00000|  0%| F|  |TAMS 0x000000008bd00000, 0x000000008bd00000| Untracked 
| 160|0x000000008be00000, 0x000000008be00000, 0x000000008bf00000|  0%| F|  |TAMS 0x000000008be00000, 0x000000008be00000| Untracked 
| 161|0x000000008bf00000, 0x000000008bfe3650, 0x000000008c000000| 88%| S|CS|TAMS 0x000000008bf00000, 0x000000008bf00000| Complete 
| 162|0x000000008c000000, 0x000000008c100000, 0x000000008c100000|100%| S|CS|TAMS 0x000000008c000000, 0x000000008c000000| Complete 
| 163|0x000000008c100000, 0x000000008c200000, 0x000000008c200000|100%| S|CS|TAMS 0x000000008c100000, 0x000000008c100000| Complete 
| 164|0x000000008c200000, 0x000000008c300000, 0x000000008c300000|100%| S|CS|TAMS 0x000000008c200000, 0x000000008c200000| Complete 
| 165|0x000000008c300000, 0x000000008c300000, 0x000000008c400000|  0%| F|  |TAMS 0x000000008c300000, 0x000000008c300000| Untracked 
| 166|0x000000008c400000, 0x000000008c400000, 0x000000008c500000|  0%| F|  |TAMS 0x000000008c400000, 0x000000008c400000| Untracked 
| 167|0x000000008c500000, 0x000000008c500000, 0x000000008c600000|  0%| F|  |TAMS 0x000000008c500000, 0x000000008c500000| Untracked 
| 168|0x000000008c600000, 0x000000008c600000, 0x000000008c700000|  0%| F|  |TAMS 0x000000008c600000, 0x000000008c600000| Untracked 
| 169|0x000000008c700000, 0x000000008c700000, 0x000000008c800000|  0%| F|  |TAMS 0x000000008c700000, 0x000000008c700000| Untracked 
| 170|0x000000008c800000, 0x000000008c800000, 0x000000008c900000|  0%| F|  |TAMS 0x000000008c800000, 0x000000008c800000| Untracked 
| 171|0x000000008c900000, 0x000000008c900000, 0x000000008ca00000|  0%| F|  |TAMS 0x000000008c900000, 0x000000008c900000| Untracked 
| 172|0x000000008ca00000, 0x000000008ca00000, 0x000000008cb00000|  0%| F|  |TAMS 0x000000008ca00000, 0x000000008ca00000| Untracked 
| 173|0x000000008cb00000, 0x000000008cb00000, 0x000000008cc00000|  0%| F|  |TAMS 0x000000008cb00000, 0x000000008cb00000| Untracked 
| 174|0x000000008cc00000, 0x000000008cc00000, 0x000000008cd00000|  0%| F|  |TAMS 0x000000008cc00000, 0x000000008cc00000| Untracked 
| 175|0x000000008cd00000, 0x000000008cd00000, 0x000000008ce00000|  0%| F|  |TAMS 0x000000008cd00000, 0x000000008cd00000| Untracked 
| 176|0x000000008ce00000, 0x000000008ce00000, 0x000000008cf00000|  0%| F|  |TAMS 0x000000008ce00000, 0x000000008ce00000| Untracked 
| 177|0x000000008cf00000, 0x000000008cf00000, 0x000000008d000000|  0%| F|  |TAMS 0x000000008cf00000, 0x000000008cf00000| Untracked 
| 178|0x000000008d000000, 0x000000008d000000, 0x000000008d100000|  0%| F|  |TAMS 0x000000008d000000, 0x000000008d000000| Untracked 
| 179|0x000000008d100000, 0x000000008d100000, 0x000000008d200000|  0%| F|  |TAMS 0x000000008d100000, 0x000000008d100000| Untracked 
| 180|0x000000008d200000, 0x000000008d200000, 0x000000008d300000|  0%| F|  |TAMS 0x000000008d200000, 0x000000008d200000| Untracked 
| 181|0x000000008d300000, 0x000000008d300000, 0x000000008d400000|  0%| F|  |TAMS 0x000000008d300000, 0x000000008d300000| Untracked 
| 182|0x000000008d400000, 0x000000008d400000, 0x000000008d500000|  0%| F|  |TAMS 0x000000008d400000, 0x000000008d400000| Untracked 
| 183|0x000000008d500000, 0x000000008d500000, 0x000000008d600000|  0%| F|  |TAMS 0x000000008d500000, 0x000000008d500000| Untracked 
| 184|0x000000008d600000, 0x000000008d600000, 0x000000008d700000|  0%| F|  |TAMS 0x000000008d600000, 0x000000008d600000| Untracked 
| 185|0x000000008d700000, 0x000000008d700000, 0x000000008d800000|  0%| F|  |TAMS 0x000000008d700000, 0x000000008d700000| Untracked 

Card table byte_map: [0x000002499b070000,0x000002499b470000] _byte_map_base: 0x000002499ac61000

Marking Bits (Prev, Next): (CMBitMap*) 0x00000249904b9630, (CMBitMap*) 0x00000249904b95f0
 Prev Bits: [0x000002499d800000, 0x000002499f788000)
 Next Bits: [0x000002499b870000, 0x000002499d7f8000)

Polling page: 0x000002498e260000

Metaspace:

Usage:
  Non-class:     54.00 MB used.
      Class:      9.60 MB used.
       Both:     63.61 MB used.

Virtual space:
  Non-class space:       56.00 MB reserved,      54.31 MB ( 97%) committed,  7 nodes.
      Class space:        1.00 GB reserved,       9.88 MB ( <1%) committed,  1 nodes.
             Both:        1.05 GB reserved,      64.19 MB (  6%) committed. 

Chunk freelists:
   Non-Class:  1.01 MB
       Class:  2.11 MB
        Both:  3.11 MB

MaxMetaspaceSize: unlimited
CompressedClassSpaceSize: 1.00 GB
Initial GC threshold: 21.00 MB
Current GC threshold: 91.56 MB
CDS: on
MetaspaceReclaimPolicy: balanced
 - commit_granule_bytes: 65536.
 - commit_granule_words: 8192.
 - virtual_space_node_default_size: 1048576.
 - enlarge_chunks_in_place: 1.
 - new_chunks_are_fully_committed: 0.
 - uncommit_free_chunks: 1.
 - use_allocation_guard: 0.
 - handle_deallocations: 1.


Internal statistics:

num_allocs_failed_limit: 9.
num_arena_births: 806.
num_arena_deaths: 0.
num_vsnodes_births: 8.
num_vsnodes_deaths: 0.
num_space_committed: 1027.
num_space_uncommitted: 0.
num_chunks_returned_to_freelist: 9.
num_chunks_taken_from_freelist: 3267.
num_chunk_merges: 9.
num_chunk_splits: 2391.
num_chunks_enlarged: 1902.
num_purges: 0.
num_inconsistent_stats: 0.

CodeCache: size=49152Kb used=11901Kb max_used=11901Kb free=37250Kb
 bounds [0x0000024997c70000, 0x0000024998810000, 0x000002499ac70000]
 total_blobs=6856 nmethods=6205 adapters=575
 compilation: enabled
              stopped_count=0, restarted_count=0
 full_count=0

Compilation events (20 events):
Event: 9.359 Thread 0x00000249a2f15430 6196       1       org.springframework.data.domain.Range$Bound::getValue (5 bytes)
Event: 9.359 Thread 0x00000249a19f9d00 6197       1       org.springframework.data.domain.Range$Bound::isInclusive (5 bytes)
Event: 9.359 Thread 0x00000249a19f9d00 nmethod 6197 0x000002499880cd10 code [0x000002499880cea0, 0x000002499880cf78]
Event: 9.359 Thread 0x00000249a2f15430 nmethod 6196 0x000002499880d010 code [0x000002499880d1a0, 0x000002499880d278]
Event: 9.359 Thread 0x00000249a245f8f0 6198       1       java.lang.invoke.LambdaForm$MH/0x0000000800f8a000::reinvoke (24 bytes)
Event: 9.359 Thread 0x00000249a2f15430 6199       1       java.lang.invoke.MethodHandleImpl$CountingWrapper::maybeStopCounting (25 bytes)
Event: 9.359 Thread 0x00000249a19f9d00 6200       1       java.lang.invoke.MethodHandleImpl$CountingWrapper::countDown (42 bytes)
Event: 9.359 Thread 0x00000249a19f9d00 nmethod 6200 0x000002499880d310 code [0x000002499880d4c0, 0x000002499880d648]
Event: 9.359 Thread 0x00000249a2f15430 nmethod 6199 0x000002499880d710 code [0x000002499880d8c0, 0x000002499880da98]
Event: 9.359 Thread 0x00000249a245f8f0 nmethod 6198 0x000002499880db90 code [0x000002499880dd60, 0x000002499880e008]
Event: 9.360 Thread 0x00000249a245f8f0 6201   !   1       java.util.regex.Pattern$Neg::match (121 bytes)
Event: 9.360 Thread 0x00000249a245f8f0 nmethod 6201 0x000002499880e190 code [0x000002499880e360, 0x000002499880e5d8]
Event: 9.360 Thread 0x00000249a245f8f0 6202       1       java.util.regex.Matcher::start (22 bytes)
Event: 9.360 Thread 0x00000249a245f8f0 nmethod 6202 0x000002499880e710 code [0x000002499880e8a0, 0x000002499880ea08]
Event: 9.372 Thread 0x00000249a2f15430 6203       1       org.antlr.v4.runtime.misc.IntegerList::get (27 bytes)
Event: 9.372 Thread 0x00000249a2f15430 nmethod 6203 0x000002499880ea90 code [0x000002499880ec40, 0x000002499880ede8]
Event: 9.803 Thread 0x00000249a245f8f0 6204       1       org.springframework.data.jpa.repository.query.QueryRenderer$QueryRendererBuilder::isEmpty (8 bytes)
Event: 9.803 Thread 0x00000249a2f15430 6205       1       org.antlr.v4.runtime.tree.AbstractParseTreeVisitor::visitTerminal (5 bytes)
Event: 9.803 Thread 0x00000249a245f8f0 nmethod 6204 0x000002499880ef10 code [0x000002499880f0a0, 0x000002499880f188]
Event: 9.803 Thread 0x00000249a2f15430 nmethod 6205 0x000002499880f210 code [0x000002499880f3a0, 0x000002499880f478]

GC Heap History (20 events):
Event: 6.171 GC heap after
{Heap after GC invocations=18 (full 0):
 garbage-first heap   total 81920K, used 24851K [0x0000000081e00000, 0x0000000100000000)
  region size 1024K, 5 young (5120K), 5 survivors (5120K)
 Metaspace       used 45628K, committed 46080K, reserved 1089536K
  class space    used 6524K, committed 6720K, reserved 1048576K
}
Event: 6.233 GC heap before
{Heap before GC invocations=18 (full 0):
 garbage-first heap   total 81920K, used 26899K [0x0000000081e00000, 0x0000000100000000)
  region size 1024K, 8 young (8192K), 5 survivors (5120K)
 Metaspace       used 46056K, committed 46592K, reserved 1089536K
  class space    used 6610K, committed 6848K, reserved 1048576K
}
Event: 6.240 GC heap after
{Heap after GC invocations=19 (full 0):
 garbage-first heap   total 81920K, used 25387K [0x0000000081e00000, 0x0000000100000000)
  region size 1024K, 1 young (1024K), 1 survivors (1024K)
 Metaspace       used 46056K, committed 46592K, reserved 1089536K
  class space    used 6610K, committed 6848K, reserved 1048576K
}
Event: 7.258 GC heap before
{Heap before GC invocations=19 (full 0):
 garbage-first heap   total 81920K, used 66347K [0x0000000081e00000, 0x0000000100000000)
  region size 1024K, 41 young (41984K), 1 survivors (1024K)
 Metaspace       used 55347K, committed 55936K, reserved 1097728K
  class space    used 8102K, committed 8384K, reserved 1048576K
}
Event: 7.262 GC heap after
{Heap after GC invocations=20 (full 0):
 garbage-first heap   total 81920K, used 26252K [0x0000000081e00000, 0x0000000100000000)
  region size 1024K, 2 young (2048K), 2 survivors (2048K)
 Metaspace       used 55347K, committed 55936K, reserved 1097728K
  class space    used 8102K, committed 8384K, reserved 1048576K
}
Event: 7.952 GC heap before
{Heap before GC invocations=21 (full 0):
 garbage-first heap   total 81920K, used 67212K [0x0000000081e00000, 0x0000000100000000)
  region size 1024K, 42 young (43008K), 2 survivors (2048K)
 Metaspace       used 60601K, committed 61184K, reserved 1105920K
  class space    used 9030K, committed 9280K, reserved 1048576K
}
Event: 7.958 GC heap after
{Heap after GC invocations=22 (full 0):
 garbage-first heap   total 81920K, used 29203K [0x0000000081e00000, 0x0000000100000000)
  region size 1024K, 5 young (5120K), 5 survivors (5120K)
 Metaspace       used 60601K, committed 61184K, reserved 1105920K
  class space    used 9030K, committed 9280K, reserved 1048576K
}
Event: 8.101 GC heap before
{Heap before GC invocations=22 (full 0):
 garbage-first heap   total 81920K, used 66067K [0x0000000081e00000, 0x0000000100000000)
  region size 1024K, 41 young (41984K), 5 survivors (5120K)
 Metaspace       used 60604K, committed 61184K, reserved 1105920K
  class space    used 9030K, committed 9280K, reserved 1048576K
}
Event: 8.110 GC heap after
{Heap after GC invocations=23 (full 0):
 garbage-first heap   total 81920K, used 32208K [0x0000000081e00000, 0x0000000100000000)
  region size 1024K, 6 young (6144K), 6 survivors (6144K)
 Metaspace       used 60604K, committed 61184K, reserved 1105920K
  class space    used 9030K, committed 9280K, reserved 1048576K
}
Event: 8.326 GC heap before
{Heap before GC invocations=23 (full 0):
 garbage-first heap   total 81920K, used 63952K [0x0000000081e00000, 0x0000000100000000)
  region size 1024K, 38 young (38912K), 6 survivors (6144K)
 Metaspace       used 62360K, committed 62912K, reserved 1105920K
  class space    used 9409K, committed 9664K, reserved 1048576K
}
Event: 8.335 GC heap after
{Heap after GC invocations=24 (full 0):
 garbage-first heap   total 177152K, used 33102K [0x0000000081e00000, 0x0000000100000000)
  region size 1024K, 4 young (4096K), 4 survivors (4096K)
 Metaspace       used 62360K, committed 62912K, reserved 1105920K
  class space    used 9409K, committed 9664K, reserved 1048576K
}
Event: 8.709 GC heap before
{Heap before GC invocations=24 (full 0):
 garbage-first heap   total 177152K, used 134478K [0x0000000081e00000, 0x0000000100000000)
  region size 1024K, 103 young (105472K), 4 survivors (4096K)
 Metaspace       used 62373K, committed 62976K, reserved 1105920K
  class space    used 9409K, committed 9664K, reserved 1048576K
}
Event: 8.712 GC heap after
{Heap after GC invocations=25 (full 0):
 garbage-first heap   total 177152K, used 32108K [0x0000000081e00000, 0x0000000100000000)
  region size 1024K, 3 young (3072K), 3 survivors (3072K)
 Metaspace       used 62373K, committed 62976K, reserved 1105920K
  class space    used 9409K, committed 9664K, reserved 1048576K
}
Event: 9.552 GC heap before
{Heap before GC invocations=25 (full 0):
 garbage-first heap   total 177152K, used 134508K [0x0000000081e00000, 0x0000000100000000)
  region size 1024K, 103 young (105472K), 3 survivors (3072K)
 Metaspace       used 65130K, committed 65728K, reserved 1105920K
  class space    used 9832K, committed 10112K, reserved 1048576K
}
Event: 9.576 GC heap after
{Heap after GC invocations=26 (full 0):
 garbage-first heap   total 177152K, used 49675K [0x0000000081e00000, 0x0000000100000000)
  region size 1024K, 13 young (13312K), 13 survivors (13312K)
 Metaspace       used 65130K, committed 65728K, reserved 1105920K
  class space    used 9832K, committed 10112K, reserved 1048576K
}
Event: 9.915 GC heap before
{Heap before GC invocations=26 (full 0):
 garbage-first heap   total 177152K, used 132619K [0x0000000081e00000, 0x0000000100000000)
  region size 1024K, 93 young (95232K), 13 survivors (13312K)
 Metaspace       used 65131K, committed 65728K, reserved 1105920K
  class space    used 9832K, committed 10112K, reserved 1048576K
}
Event: 9.961 GC heap after
{Heap after GC invocations=27 (full 0):
 garbage-first heap   total 177152K, used 75015K [0x0000000081e00000, 0x0000000100000000)
  region size 1024K, 12 young (12288K), 12 survivors (12288K)
 Metaspace       used 65131K, committed 65728K, reserved 1105920K
  class space    used 9832K, committed 10112K, reserved 1048576K
}
Event: 10.140 GC heap before
{Heap before GC invocations=27 (full 0):
 garbage-first heap   total 177152K, used 126215K [0x0000000081e00000, 0x0000000100000000)
  region size 1024K, 62 young (63488K), 12 survivors (12288K)
 Metaspace       used 65132K, committed 65728K, reserved 1105920K
  class space    used 9832K, committed 10112K, reserved 1048576K
}
Event: 10.178 GC heap after
{Heap after GC invocations=28 (full 0):
 garbage-first heap   total 177152K, used 93696K [0x0000000081e00000, 0x0000000100000000)
  region size 1024K, 8 young (8192K), 8 survivors (8192K)
 Metaspace       used 65132K, committed 65728K, reserved 1105920K
  class space    used 9832K, committed 10112K, reserved 1048576K
}
Event: 10.200 GC heap before
{Heap before GC invocations=28 (full 0):
 garbage-first heap   total 177152K, used 100864K [0x0000000081e00000, 0x0000000100000000)
  region size 1024K, 16 young (16384K), 8 survivors (8192K)
 Metaspace       used 65132K, committed 65728K, reserved 1105920K
  class space    used 9832K, committed 10112K, reserved 1048576K
}

Deoptimization events (16 events):
Event: 0.502 Thread 0x000002499046e0f0 DEOPT PACKING pc=0x0000024997f0d4f5 sp=0x000000dc22bfd570
Event: 0.502 Thread 0x000002499046e0f0 DEOPT UNPACKING pc=0x0000024997cc2b43 sp=0x000000dc22bfc9e0 mode 3
Event: 1.400 Thread 0x00000249a2b6a210 DEOPT PACKING pc=0x00000249980b0e19 sp=0x000000dc242fc990
Event: 1.400 Thread 0x00000249a2b6a210 DEOPT UNPACKING pc=0x0000024997cc2b43 sp=0x000000dc242fbe70 mode 3
Event: 1.670 Thread 0x00000249a2b6a210 DEOPT PACKING pc=0x0000024998196355 sp=0x000000dc242fce60
Event: 1.670 Thread 0x00000249a2b6a210 DEOPT UNPACKING pc=0x0000024997cc2b43 sp=0x000000dc242fc308 mode 3
Event: 1.751 Thread 0x00000249a2b6a210 DEOPT PACKING pc=0x00000249980922ad sp=0x000000dc242fd990
Event: 1.751 Thread 0x00000249a2b6a210 DEOPT UNPACKING pc=0x0000024997cc2b43 sp=0x000000dc242fcef0 mode 3
Event: 3.080 Thread 0x00000249a2b6a210 DEOPT PACKING pc=0x00000249983e6d40 sp=0x000000dc242fc560
Event: 3.080 Thread 0x00000249a2b6a210 DEOPT UNPACKING pc=0x0000024997cc2b43 sp=0x000000dc242fb9d0 mode 3
Event: 3.718 Thread 0x00000249a2b6a210 DEOPT PACKING pc=0x000002499847fd1d sp=0x000000dc242fcab0
Event: 3.718 Thread 0x00000249a2b6a210 DEOPT UNPACKING pc=0x0000024997cc2b43 sp=0x000000dc242fc018 mode 3
Event: 5.245 Thread 0x00000249a468b8a0 DEOPT PACKING pc=0x0000024998096881 sp=0x000000dc246ff380
Event: 5.246 Thread 0x00000249a468b8a0 DEOPT UNPACKING pc=0x0000024997cc2b43 sp=0x000000dc246fe818 mode 3
Event: 9.254 Thread 0x00000249a2b6a210 DEOPT PACKING pc=0x00000249987bbe19 sp=0x000000dc242fb5e0
Event: 9.254 Thread 0x00000249a2b6a210 DEOPT UNPACKING pc=0x0000024997cc2b43 sp=0x000000dc242faac0 mode 3

Classes unloaded (0 events):
No events

Classes redefined (0 events):
No events

Internal exceptions (20 events):
Event: 7.686 Thread 0x00000249a2b6a210 Exception <a 'java/lang/reflect/InvocationTargetException'{0x0000000085ae3cb8}> (0x0000000085ae3cb8) 
thrown [t:\workspace\open\src\hotspot\share\runtime\reflection.cpp, line 1121]
Event: 8.906 Thread 0x00000249a2b6a210 Exception <a 'java/lang/reflect/InvocationTargetException'{0x000000008a568210}> (0x000000008a568210) 
thrown [t:\workspace\open\src\hotspot\share\runtime\reflection.cpp, line 1121]
Event: 8.910 Thread 0x00000249a2b6a210 Exception <a 'java/lang/reflect/InvocationTargetException'{0x000000008a57d928}> (0x000000008a57d928) 
thrown [t:\workspace\open\src\hotspot\share\runtime\reflection.cpp, line 1121]
Event: 8.912 Thread 0x00000249a2b6a210 Exception <a 'java/lang/reflect/InvocationTargetException'{0x000000008a58c4d8}> (0x000000008a58c4d8) 
thrown [t:\workspace\open\src\hotspot\share\runtime\reflection.cpp, line 1121]
Event: 8.914 Thread 0x00000249a2b6a210 Exception <a 'java/lang/reflect/InvocationTargetException'{0x000000008a597010}> (0x000000008a597010) 
thrown [t:\workspace\open\src\hotspot\share\runtime\reflection.cpp, line 1121]
Event: 8.916 Thread 0x00000249a2b6a210 Exception <a 'java/lang/reflect/InvocationTargetException'{0x000000008a5a4088}> (0x000000008a5a4088) 
thrown [t:\workspace\open\src\hotspot\share\runtime\reflection.cpp, line 1121]
Event: 8.969 Thread 0x00000249a2b6a210 Exception <a 'java/lang/NoSuchMethodError'{0x000000008a3f1350}: 'long java.lang.invoke.DirectMethodHandle$Holder.invokeVirtual(java.lang.Object, java.lang.Object)'> (0x000000008a3f1350) 
thrown [t:\workspace\open\src\hotspot\share\interpreter\linkResolver.cpp, line 766]
Event: 8.975 Thread 0x00000249a2b6a210 Exception <a 'java/io/FileNotFoundException'{0x000000008a223910}> (0x000000008a223910) 
thrown [t:\workspace\open\src\hotspot\share\prims\jni.cpp, line 516]
Event: 9.012 Thread 0x00000249a2b6a210 Exception <a 'java/lang/NoSuchMethodError'{0x000000008a038230}: 'void java.lang.invoke.DirectMethodHandle$Holder.invokeVirtual(java.lang.Object, java.lang.Object, long)'> (0x000000008a038230) 
thrown [t:\workspace\open\src\hotspot\share\interpreter\linkResolver.cpp, line 766]
Event: 9.160 Thread 0x00000249a2b6a210 Exception <a 'java/lang/reflect/InvocationTargetException'{0x0000000089c18dc8}> (0x0000000089c18dc8) 
thrown [t:\workspace\open\src\hotspot\share\runtime\reflection.cpp, line 1121]
Event: 9.163 Thread 0x00000249a2b6a210 Exception <a 'java/lang/reflect/InvocationTargetException'{0x0000000089c25a28}> (0x0000000089c25a28) 
thrown [t:\workspace\open\src\hotspot\share\runtime\reflection.cpp, line 1121]
Event: 9.166 Thread 0x00000249a2b6a210 Exception <a 'java/lang/reflect/InvocationTargetException'{0x0000000089c33890}> (0x0000000089c33890) 
thrown [t:\workspace\open\src\hotspot\share\runtime\reflection.cpp, line 1121]
Event: 9.171 Thread 0x00000249a2b6a210 Exception <a 'java/lang/reflect/InvocationTargetException'{0x0000000089c44768}> (0x0000000089c44768) 
thrown [t:\workspace\open\src\hotspot\share\runtime\reflection.cpp, line 1121]
Event: 9.174 Thread 0x00000249a2b6a210 Exception <a 'java/lang/reflect/InvocationTargetException'{0x0000000089c512f8}> (0x0000000089c512f8) 
thrown [t:\workspace\open\src\hotspot\share\runtime\reflection.cpp, line 1121]
Event: 9.176 Thread 0x00000249a2b6a210 Exception <a 'java/lang/reflect/InvocationTargetException'{0x0000000089c604f8}> (0x0000000089c604f8) 
thrown [t:\workspace\open\src\hotspot\share\runtime\reflection.cpp, line 1121]
Event: 9.232 Thread 0x00000249a2b6a210 Exception <a 'java/lang/NoSuchMethodError'{0x0000000089ac4900}: 'int java.lang.invoke.DirectMethodHandle$Holder.invokeStaticInit(java.lang.Object, int, java.lang.Object, java.lang.Object, java.lang.Object, java.lang.Object)'> (0x0000000089ac4900) 
thrown [t:\workspace\open\src\hotspot\share\interpreter\linkResolver.cpp, line 766]
Event: 9.290 Thread 0x00000249a2b6a210 Exception <a 'java/io/FileNotFoundException'{0x000000008984a7e0}> (0x000000008984a7e0) 
thrown [t:\workspace\open\src\hotspot\share\prims\jni.cpp, line 516]
Event: 9.290 Thread 0x00000249a2b6a210 Exception <a 'java/io/FileNotFoundException'{0x0000000089855b38}> (0x0000000089855b38) 
thrown [t:\workspace\open\src\hotspot\share\prims\jni.cpp, line 516]
Event: 9.291 Thread 0x00000249a2b6a210 Exception <a 'java/io/FileNotFoundException'{0x0000000089861048}> (0x0000000089861048) 
thrown [t:\workspace\open\src\hotspot\share\prims\jni.cpp, line 516]
Event: 9.291 Thread 0x00000249a2b6a210 Exception <a 'java/io/FileNotFoundException'{0x000000008986c500}> (0x000000008986c500) 
thrown [t:\workspace\open\src\hotspot\share\prims\jni.cpp, line 516]

VM Operations (20 events):
Event: 8.110 Executing VM operation: G1CollectForAllocation done
Event: 8.326 Executing VM operation: G1CollectForAllocation
Event: 8.335 Executing VM operation: G1CollectForAllocation done
Event: 8.709 Executing VM operation: G1CollectForAllocation
Event: 8.712 Executing VM operation: G1CollectForAllocation done
Event: 8.938 Executing VM operation: HandshakeAllThreads
Event: 8.938 Executing VM operation: HandshakeAllThreads done
Event: 8.979 Executing VM operation: HandshakeAllThreads
Event: 8.979 Executing VM operation: HandshakeAllThreads done
Event: 9.254 Executing VM operation: HandshakeAllThreads
Event: 9.254 Executing VM operation: HandshakeAllThreads done
Event: 9.260 Executing VM operation: ICBufferFull
Event: 9.260 Executing VM operation: ICBufferFull done
Event: 9.552 Executing VM operation: G1CollectForAllocation
Event: 9.576 Executing VM operation: G1CollectForAllocation done
Event: 9.915 Executing VM operation: G1CollectForAllocation
Event: 9.961 Executing VM operation: G1CollectForAllocation done
Event: 10.140 Executing VM operation: G1CollectForAllocation
Event: 10.178 Executing VM operation: G1CollectForAllocation done
Event: 10.200 Executing VM operation: G1TryInitiateConcMark

Events (20 events):
Event: 7.873 loading class java/util/ArrayList$ListItr
Event: 7.873 loading class java/util/ArrayList$ListItr done
Event: 8.943 loading class java/util/stream/SortedOps$SizedRefSortingSink
Event: 8.943 loading class java/util/stream/SortedOps$SizedRefSortingSink done
Event: 8.968 loading class java/nio/channels/CompletionHandler
Event: 8.968 loading class java/nio/channels/CompletionHandler done
Event: 8.988 Thread 0x00000249a6c7e9d0 Thread added: 0x00000249a6c7e9d0
Event: 8.991 Thread 0x00000249a47ce020 Thread added: 0x00000249a47ce020
Event: 8.995 Thread 0x00000249a47ce4f0 Thread added: 0x00000249a47ce4f0
Event: 9.040 Thread 0x00000249a70e5080 Thread added: 0x00000249a70e5080
Event: 9.240 loading class java/lang/invoke/MethodHandleImpl$CountingWrapper$1
Event: 9.240 loading class java/lang/invoke/MethodHandleImpl$CountingWrapper$1 done
Event: 9.271 loading class sun/reflect/ReflectionFactory
Event: 9.271 loading class sun/reflect/ReflectionFactory done
Event: 9.271 loading class sun/reflect/ReflectionFactory$1
Event: 9.271 loading class sun/reflect/ReflectionFactory$1 done
Event: 9.271 loading class java/io/OptionalDataException
Event: 9.271 loading class java/io/OptionalDataException done
Event: 9.272 loading class jdk/internal/reflect/SerializationConstructorAccessorImpl
Event: 9.272 loading class jdk/internal/reflect/SerializationConstructorAccessorImpl done


Dynamic libraries:
0x00007ff67cba0000 - 0x00007ff67cbb0000 	C:\Program Files\Java\jdk-17\bin\java.exe
0x00007ffda9490000 - 0x00007ffda9688000 	C:\Windows\SYSTEM32\ntdll.dll
0x00007ffda7560000 - 0x00007ffda7622000 	C:\Windows\System32\KERNEL32.DLL
0x00007ffda6cf0000 - 0x00007ffda6fe6000 	C:\Windows\System32\KERNELBASE.dll
0x00007ffda7020000 - 0x00007ffda7120000 	C:\Windows\System32\ucrtbase.dll
0x00007ffd8fdc0000 - 0x00007ffd8fdda000 	C:\Program Files\Java\jdk-17\bin\VCRUNTIME140.dll
0x00007ffd954b0000 - 0x00007ffd954c8000 	C:\Program Files\Java\jdk-17\bin\jli.dll
0x00007ffda7a40000 - 0x00007ffda7af1000 	C:\Windows\System32\ADVAPI32.dll
0x00007ffda8840000 - 0x00007ffda88de000 	C:\Windows\System32\msvcrt.dll
0x00007ffda8e70000 - 0x00007ffda8f0f000 	C:\Windows\System32\sechost.dll
0x00007ffda89a0000 - 0x00007ffda8ac0000 	C:\Windows\System32\RPCRT4.dll
0x00007ffda72d0000 - 0x00007ffda72f7000 	C:\Windows\System32\bcrypt.dll
0x00007ffda7890000 - 0x00007ffda7a31000 	C:\Windows\System32\USER32.dll
0x00007ffda6ff0000 - 0x00007ffda7012000 	C:\Windows\System32\win32u.dll
0x00007ffda8e40000 - 0x00007ffda8e6b000 	C:\Windows\System32\GDI32.dll
0x00007ffda7390000 - 0x00007ffda74a9000 	C:\Windows\System32\gdi32full.dll
0x00007ffd97ff0000 - 0x00007ffd9828b000 	C:\Windows\WinSxS\amd64_microsoft.windows.common-controls_6595b64144ccf1df_6.0.19041.6456_none_60b8a6cb71f64256\COMCTL32.dll
0x00007ffda6ba0000 - 0x00007ffda6c3d000 	C:\Windows\System32\msvcp_win.dll
0x00007ffd99fc0000 - 0x00007ffd99fca000 	C:\Windows\SYSTEM32\VERSION.dll
0x00007ffda9420000 - 0x00007ffda944f000 	C:\Windows\System32\IMM32.DLL
0x00007ffd954f0000 - 0x00007ffd954fc000 	C:\Program Files\Java\jdk-17\bin\vcruntime140_1.dll
0x00007ffd78f40000 - 0x00007ffd78fcd000 	C:\Program Files\Java\jdk-17\bin\msvcp140.dll
0x00007ffd69990000 - 0x00007ffd6a54e000 	C:\Program Files\Java\jdk-17\bin\server\jvm.dll
0x00007ffda8f10000 - 0x00007ffda8f18000 	C:\Windows\System32\PSAPI.DLL
0x00007ffd99330000 - 0x00007ffd99357000 	C:\Windows\SYSTEM32\WINMM.dll
0x00007ffd94fc0000 - 0x00007ffd94fc9000 	C:\Windows\SYSTEM32\WSOCK32.dll
0x00007ffda87d0000 - 0x00007ffda883b000 	C:\Windows\System32\WS2_32.dll
0x00007ffda4950000 - 0x00007ffda4962000 	C:\Windows\SYSTEM32\kernel.appcore.dll
0x00007ffd94e20000 - 0x00007ffd94e2a000 	C:\Program Files\Java\jdk-17\bin\jimage.dll
0x00007ffd96eb0000 - 0x00007ffd970b1000 	C:\Windows\SYSTEM32\DBGHELP.DLL
0x00007ffd95eb0000 - 0x00007ffd95ee4000 	C:\Windows\SYSTEM32\dbgcore.DLL
0x00007ffda7300000 - 0x00007ffda7382000 	C:\Windows\System32\bcryptPrimitives.dll
0x00007ffd89910000 - 0x00007ffd89935000 	C:\Program Files\Java\jdk-17\bin\java.dll
0x00007ffd764a0000 - 0x00007ffd76576000 	C:\Program Files\Java\jdk-17\bin\svml.dll
0x00007ffda7f20000 - 0x00007ffda8690000 	C:\Windows\System32\SHELL32.dll
0x00007ffda4b50000 - 0x00007ffda52f5000 	C:\Windows\SYSTEM32\windows.storage.dll
0x00007ffda8ac0000 - 0x00007ffda8e14000 	C:\Windows\System32\combase.dll
0x00007ffda6470000 - 0x00007ffda649b000 	C:\Windows\SYSTEM32\Wldp.dll
0x00007ffda7b60000 - 0x00007ffda7c2d000 	C:\Windows\System32\OLEAUT32.dll
0x00007ffda74b0000 - 0x00007ffda755d000 	C:\Windows\System32\SHCORE.dll
0x00007ffda88e0000 - 0x00007ffda893b000 	C:\Windows\System32\shlwapi.dll
0x00007ffda6a50000 - 0x00007ffda6a74000 	C:\Windows\SYSTEM32\profapi.dll
0x00007ffd898f0000 - 0x00007ffd89909000 	C:\Program Files\Java\jdk-17\bin\net.dll
0x00007ffd9bf30000 - 0x00007ffd9c03a000 	C:\Windows\SYSTEM32\WINHTTP.dll
0x00007ffda6250000 - 0x00007ffda62ba000 	C:\Windows\system32\mswsock.dll
0x00007ffd89850000 - 0x00007ffd89865000 	C:\Program Files\Java\jdk-17\bin\nio.dll
0x00007ffd89830000 - 0x00007ffd89848000 	C:\Program Files\Java\jdk-17\bin\zip.dll
0x00007ffd89810000 - 0x00007ffd89819000 	C:\Program Files\Java\jdk-17\bin\management.dll
0x00007ffd89690000 - 0x00007ffd8969b000 	C:\Program Files\Java\jdk-17\bin\management_ext.dll
0x00007ffd871f0000 - 0x00007ffd871fe000 	C:\Program Files\Java\jdk-17\bin\sunmscapi.dll
0x00007ffda7170000 - 0x00007ffda72cd000 	C:\Windows\System32\CRYPT32.dll
0x00007ffda64e0000 - 0x00007ffda6507000 	C:\Windows\SYSTEM32\ncrypt.dll
0x00007ffda64a0000 - 0x00007ffda64db000 	C:\Windows\SYSTEM32\NTASN1.dll
0x00007ffda67c0000 - 0x00007ffda67d8000 	C:\Windows\SYSTEM32\CRYPTSP.dll
0x00007ffda5b20000 - 0x00007ffda5b58000 	C:\Windows\system32\rsaenh.dll
0x00007ffda6a10000 - 0x00007ffda6a3e000 	C:\Windows\SYSTEM32\USERENV.dll
0x00007ffda63e0000 - 0x00007ffda63ec000 	C:\Windows\SYSTEM32\CRYPTBASE.dll
0x00007ffda5f00000 - 0x00007ffda5f3b000 	C:\Windows\SYSTEM32\IPHLPAPI.DLL
0x00007ffda8e20000 - 0x00007ffda8e28000 	C:\Windows\System32\NSI.dll
0x00007ffd9e6e0000 - 0x00007ffd9e6f7000 	C:\Windows\SYSTEM32\dhcpcsvc6.DLL
0x00007ffd9dc90000 - 0x00007ffd9dcad000 	C:\Windows\SYSTEM32\dhcpcsvc.DLL
0x00007ffda5f50000 - 0x00007ffda601a000 	C:\Windows\SYSTEM32\DNSAPI.dll
0x00007ffd99920000 - 0x00007ffd9992a000 	C:\Windows\System32\rasadhlp.dll
0x00007ffd99970000 - 0x00007ffd999f0000 	C:\Windows\System32\fwpuclnt.dll

dbghelp: loaded successfully - version: 4.0.5 - missing functions: none
symbol engine: initialized successfully - sym options: 0x614 - pdb path: .;C:\Program Files\Java\jdk-17\bin;C:\Windows\SYSTEM32;C:\Windows\WinSxS\amd64_microsoft.windows.common-controls_6595b64144ccf1df_6.0.19041.6456_none_60b8a6cb71f64256;C:\Program Files\Java\jdk-17\bin\server

VM Arguments:
jvm_args: -XX:TieredStopAtLevel=1 
java_command: com.transport.TransportReportingSystem.TransportReportingSystemApplication
java_class_path (initial): d:\Transport Reporting System\TransportReportingSystem\TransportReportingSystem\target\classes;C:\Users\USER\.m2\repository\ch\qos\logback\logback-classic\1.5.20\logback-classic-1.5.20.jar;C:\Users\USER\.m2\repository\ch\qos\logback\logback-core\1.5.20\logback-core-1.5.20.jar;C:\Users\USER\.m2\repository\org\apache\logging\log4j\log4j-to-slf4j\2.24.3\log4j-to-slf4j-2.24.3.jar;C:\Users\USER\.m2\repository\org\apache\logging\log4j\log4j-api\2.24.3\log4j-api-2.24.3.jar;C:\Users\USER\.m2\repository\org\slf4j\jul-to-slf4j\2.0.17\jul-to-slf4j-2.0.17.jar;C:\Users\USER\.m2\repository\jakarta\annotation\jakarta.annotation-api\2.1.1\jakarta.annotation-api-2.1.1.jar;C:\Users\USER\.m2\repository\org\yaml\snakeyaml\2.4\snakeyaml-2.4.jar;C:\Users\USER\.m2\repository\com\zaxxer\HikariCP\6.3.3\HikariCP-6.3.3.jar;C:\Users\USER\.m2\repository\org\springframework\spring-jdbc\6.2.12\spring-jdbc-6.2.12.jar;C:\Users\USER\.m2\repository\org\hibernate\orm\hibernate-core\6.6.33.Final\hibernate-core-6.6.33.Final.jar;C:\Users\USER\.m2\repository\jakarta\persistence\jakarta.persistence-api\3.1.0\jakarta.persistence-api-3.1.0.jar;C:\Users\USER\.m2\repository\jakarta\transaction\jakarta.transaction-api\2.0.1\jakarta.transaction-api-2.0.1.jar;C:\Users\USER\.m2\repository\org\jboss\logging\jboss-logging\3.6.1.Final\jboss-logging-3.6.1.Final.jar;C:\Users\USER\.m2\repository\org\hibernate\common\hibernate-commons-annotations\7.0.3.Final\hibernate-commons-annotations-7.0.3.Final.jar;C:\Users\USER\.m2\repository\io\smallrye\jandex\3.2.0\jandex-3.2.0.jar;C:\Users\USER\.m2\repository\com\fasterxml\classmate\1.7.1\classmate-1.7.1.jar;C:\Users\USER\.m2\repository\net\bytebuddy\byte-buddy\1.17.8\byte-buddy-1.17.8.jar;C:\Users\USER\.m2\repository\org\glassfish\jaxb\jaxb-runtime\4.0.6\jaxb-runtime-4.0.6.jar;C:\Users\USER\.m2\repository\org\glassfish\jaxb\jaxb-core\4.0.6\jaxb-core-4.0.6.jar;C:\Users\USER\.m2\repository\org\glassfish\jaxb\txw2\4.0.6\txw2-4.0.6.jar;C:\Users\USER\.m2
Launcher Type: SUN_STANDARD

[Global flags]
     intx CICompilerCount                          = 3                                         {product} {ergonomic}
     uint ConcGCThreads                            = 1                                         {product} {ergonomic}
     uint G1ConcRefinementThreads                  = 4                                         {product} {ergonomic}
   size_t G1HeapRegionSize                         = 1048576                                   {product} {ergonomic}
    uintx GCDrainStackTargetSize                   = 64                                        {product} {ergonomic}
   size_t InitialHeapSize                          = 134217728                                 {product} {ergonomic}
   size_t MarkStackSize                            = 4194304                                   {product} {ergonomic}
   size_t MaxHeapSize                              = 2116026368                                {product} {ergonomic}
   size_t MaxNewSize                               = 1268776960                                {product} {ergonomic}
   size_t MinHeapDeltaBytes                        = 1048576                                   {product} {ergonomic}
   size_t MinHeapSize                              = 8388608                                   {product} {ergonomic}
    uintx NonProfiledCodeHeapSize                  = 0                                      {pd product} {ergonomic}
     bool ProfileInterpreter                       = false                                  {pd product} {command line}
    uintx ProfiledCodeHeapSize                     = 0                                      {pd product} {ergonomic}
   size_t SoftMaxHeapSize                          = 2116026368                             {manageable} {ergonomic}
     intx TieredStopAtLevel                        = 1                                         {product} {command line}
     bool UseCompressedClassPointers               = true                           {product lp64_product} {ergonomic}
     bool UseCompressedOops                        = true                           {product lp64_product} {ergonomic}
     bool UseG1GC                                  = true                                      {product} {ergonomic}
     bool UseLargePagesIndividualAllocation        = false                                  {pd product} {ergonomic}

Logging:
Log output configuration:
 #0: stdout all=warning uptime,level,tags
 #1: stderr all=off uptime,level,tags

Environment Variables:
JAVA_HOME=C:\Program Files\Java\jdk-17
PATH=C:\Python314\Scripts\;C:\Python314\;C:\Program Files\Common Files\Oracle\Java\javapath;C:\Program Files (x86)\Common Files\Oracle\Java\javapath;C:\Program Files\Java\jdk-17\bin;C:\Users\USER\Documents\WINDOWS.X64_193000_db_home\bin;C:\Users\USER\Documents\oracle\bin;D:\yoo\WINDOWS.X64_213000_db_home\bin;C:\Users\USER\Downloads\WINDOWS.X64_213000_db_home\bin;C:\oraclexe\app\oracle\product\11.2.0\server\bin;C:\Windows\system32;C:\Windows;C:\Windows\System32\Wbem;C:\Windows\System32\WindowsPowerShell\v1.0\;C:\Windows\System32\OpenSSH\;C:\xampp\php;C:\Program Files\dotnet\;C:\Program Files (x86)\Microsoft SQL Server\160\Tools\Binn\;C:\Program Files\Microsoft SQL Server\160\Tools\Binn\;C:\Program Files\Microsoft SQL Server\Client SDK\ODBC\170\Tools\Binn\;C:\Program Files\Microsoft SQL Server\160\DTS\Binn\;C:\Program Files\Microsoft SQL Server\150\Tools\Binn\;D:\apache-maven-3.9.11-bin\apache-maven-3.9.11\bin;D:\yoo\nodejs\;C:\ProgramData\chocolatey\bin;D:\cursor\resources\app\bin;D:\yoo\php-8.5.0-Win32-vs17-x64;D:\yoo\Git\cmd;C:\Users\USER\AppData\Local\Programs\Python\Python313\Scripts\;C:\Users\USER\AppData\Local\Programs\Python\Python313\;C:\Users\USER\AppData\Local\Programs\Python\Launcher\;C:\Program Files\Java\jdk-17\bin;C:\Users\USER\.dotnet\tools;C:\Users\USER\AppData\Local\Programs\Microsoft VS Code\bin;C:\Users\USER\AppData\Roaming\npm;D:\yoo\Antigravity\bin
USERNAME=USER
OS=Windows_NT
PROCESSOR_IDENTIFIER=Intel64 Family 6 Model 61 Stepping 4, GenuineIntel



---------------  S Y S T E M  ---------------

OS:
 Windows 10 , 64 bit Build 19041 (10.0.19041.5915)
OS uptime: 0 days 0:24 hours
Hyper-V role detected

CPU: total 4 (initial active 4) (2 cores per cpu, 2 threads per core) family 6 model 61 stepping 4 microcode 0x2d, cx8, cmov, fxsr, ht, mmx, 3dnowpref, sse, sse2, sse3, ssse3, sse4.1, sse4.2, popcnt, lzcnt, tsc, tscinvbit, avx, avx2, aes, erms, clmul, bmi1, bmi2, rtm, adx, fma, vzeroupper, clflush, hv

Memory: 4k page, system-wide physical 8067M (1161M free)
TotalPageFile size 11297M (AvailPageFile size 41M)
current process WorkingSet (physical memory assigned to process): 316M, peak: 318M
current process commit charge ("private bytes"): 367M, peak: 526M

vm_info: Java HotSpot(TM) 64-Bit Server VM (17+35-LTS-2724) for windows-amd64 JRE (17+35-LTS-2724), built on Aug  5 2021 23:28:28 by "mach5one" with MS VC++ 16.8 (VS2019)

END.
